--------------- Clean Started: 06/06/2023 18:03:28 Project: Dashboard, Configuration: ARM GCC 5.4-2016-q2-update Debug ---------------
Deleting file ".\CortexM0\ARM_GCC_541\Debug\ugui.o"
Deleting file ".\CortexM0\ARM_GCC_541\Debug\ugui_SSD1963.o"
Deleting file ".\CortexM0\ARM_GCC_541\Debug\frucd_display.o"
Deleting file ".\CortexM0\ARM_GCC_541\Debug\main.o"
Deleting file ".\CortexM0\ARM_GCC_541\Debug\can_manga.o"
Deleting file ".\CortexM0\ARM_GCC_541\Debug\cyfitter_cfg.o"
Deleting file ".\CortexM0\ARM_GCC_541\Debug\cymetadata.o"
Deleting file ".\CortexM0\ARM_GCC_541\Debug\RGB1_1.o"
Deleting file ".\CortexM0\ARM_GCC_541\Debug\RGB1_1_PM.o"
Deleting file ".\CortexM0\ARM_GCC_541\Debug\RGB2_1.o"
Deleting file ".\CortexM0\ARM_GCC_541\Debug\RGB2_1_PM.o"
Deleting file ".\CortexM0\ARM_GCC_541\Debug\RGB3_1.o"
Deleting file ".\CortexM0\ARM_GCC_541\Debug\RGB3_1_PM.o"
Deleting file ".\CortexM0\ARM_GCC_541\Debug\RX_CAN1.o"
Deleting file ".\CortexM0\ARM_GCC_541\Debug\RX_CAN1_PM.o"
Deleting file ".\CortexM0\ARM_GCC_541\Debug\TX_CAN1.o"
Deleting file ".\CortexM0\ARM_GCC_541\Debug\TX_CAN1_PM.o"
Deleting file ".\CortexM0\ARM_GCC_541\Debug\CAN_1.o"
Deleting file ".\CortexM0\ARM_GCC_541\Debug\CAN_1_INT.o"
Deleting file ".\CortexM0\ARM_GCC_541\Debug\CAN_1_PM.o"
Deleting file ".\CortexM0\ARM_GCC_541\Debug\CAN_1_TX_RX_func.o"
Deleting file ".\CortexM0\ARM_GCC_541\Debug\DISP.o"
Deleting file ".\CortexM0\ARM_GCC_541\Debug\DISP_PM.o"
Deleting file ".\CortexM0\ARM_GCC_541\Debug\CAN_1_isr.o"
Deleting file ".\CortexM0\ARM_GCC_541\Debug\CAN_1_HFCLK.o"
Deleting file ".\CortexM0\ARM_GCC_541\Debug\Cm0Start.o"
Deleting file ".\CortexM0\ARM_GCC_541\Debug\CyFlash.o"
Deleting file ".\CortexM0\ARM_GCC_541\Debug\CyLib.o"
Deleting file ".\CortexM0\ARM_GCC_541\Debug\cyPm.o"
Deleting file ".\CortexM0\ARM_GCC_541\Debug\cyutils.o"
Deleting file ".\CortexM0\ARM_GCC_541\Debug\CyBootAsmGnu.o"
Deleting file ".\CortexM0\ARM_GCC_541\Debug\CyDMA.o"
Deleting file ".\CortexM0\ARM_GCC_541\Debug\CyLFClk.o"
Deleting file ".\CortexM0\ARM_GCC_541\Debug\cy_em_eeprom.o"
Deleting file ".\CortexM0\ARM_GCC_541\Debug\Analog_1.o"
Deleting file ".\CortexM0\ARM_GCC_541\Debug\Analog_1_PM.o"
Deleting file ".\CortexM0\ARM_GCC_541\Debug\Buzzer.o"
Deleting file ".\CortexM0\ARM_GCC_541\Debug\Buzzer_PM.o"
Deleting file ".\CortexM0\ARM_GCC_541\Debug\PWM_1.o"
Deleting file ".\CortexM0\ARM_GCC_541\Debug\PWM_1_PM.o"
Deleting file ".\CortexM0\ARM_GCC_541\Debug\Clock_2.o"
Deleting file ".\CortexM0\ARM_GCC_541\Debug\Analog_2.o"
Deleting file ".\CortexM0\ARM_GCC_541\Debug\Analog_2_PM.o"
Deleting file ".\CortexM0\ARM_GCC_541\Debug\Digital1.o"
Deleting file ".\CortexM0\ARM_GCC_541\Debug\Digital1_PM.o"
Deleting file ".\CortexM0\ARM_GCC_541\Debug\Digital2.o"
Deleting file ".\CortexM0\ARM_GCC_541\Debug\Digital2_PM.o"
Deleting file ".\CortexM0\ARM_GCC_541\Debug\Digital3.o"
Deleting file ".\CortexM0\ARM_GCC_541\Debug\Digital3_PM.o"
Deleting file ".\CortexM0\ARM_GCC_541\Debug\Digital4.o"
Deleting file ".\CortexM0\ARM_GCC_541\Debug\Digital4_PM.o"
Deleting file ".\CortexM0\ARM_GCC_541\Debug\D_RST.o"
Deleting file ".\CortexM0\ARM_GCC_541\Debug\D_RST_PM.o"
Deleting file ".\CortexM0\ARM_GCC_541\Debug\D_BL.o"
Deleting file ".\CortexM0\ARM_GCC_541\Debug\D_BL_PM.o"
Deleting file ".\CortexM0\ARM_GCC_541\Debug\GraphicLCDIntf.o"
Deleting file ".\CortexM0\ARM_GCC_541\Debug\GraphicLCDIntf_PM.o"
Deleting file ".\CortexM0\ARM_GCC_541\Debug\CAN.o"
Deleting file ".\CortexM0\ARM_GCC_541\Debug\CAN_INT.o"
Deleting file ".\CortexM0\ARM_GCC_541\Debug\CAN_PM.o"
Deleting file ".\CortexM0\ARM_GCC_541\Debug\CAN_TX_RX_func.o"
Deleting file ".\CortexM0\ARM_GCC_541\Debug\CAN_isr.o"
Deleting file ".\CortexM0\ARM_GCC_541\Debug\CAN_HFCLK.o"
Deleting file ".\CortexM0\ARM_GCC_541\Debug\TX.o"
Deleting file ".\CortexM0\ARM_GCC_541\Debug\TX_PM.o"
Deleting file ".\CortexM0\ARM_GCC_541\Debug\RX.o"
Deleting file ".\CortexM0\ARM_GCC_541\Debug\RX_PM.o"
Deleting file ".\CortexM0\ARM_GCC_541\Debug\ADC_GLV_V.o"
Deleting file ".\CortexM0\ARM_GCC_541\Debug\ADC_GLV_V_PM.o"
Deleting file ".\CortexM0\ARM_GCC_541\Debug\ADC_GLV_V_INT.o"
Deleting file ".\CortexM0\ARM_GCC_541\Debug\ADC_GLV_V_IRQ.o"
Deleting file ".\CortexM0\ARM_GCC_541\Debug\ADC_GLV_V_intClock.o"
Deleting file ".\CortexM0\ARM_GCC_541\Debug\HV.o"
Deleting file ".\CortexM0\ARM_GCC_541\Debug\HV_PM.o"
Deleting file ".\CortexM0\ARM_GCC_541\Debug\Drive.o"
Deleting file ".\CortexM0\ARM_GCC_541\Debug\Drive_PM.o"
Deleting file ".\CortexM0\ARM_GCC_541\Debug\ReadyToDrive_Timer.o"
Deleting file ".\CortexM0\ARM_GCC_541\Debug\ReadyToDrive_Timer_PM.o"
Deleting file ".\CortexM0\ARM_GCC_541\Debug\Dashboard.hex"
Deleting file ".\CortexM0\ARM_GCC_541\Debug\Dashboard.elf"
Deleting file ".\CortexM0\ARM_GCC_541\Debug\Dashboard.map"
Deleting file ".\Dashboard.cycdx"
Deleting file ".\Dashboard.svd"
Deleting file ".\Dashboard.rpt"
Deleting file ".\Dashboard_timing.html"
Deleting file ".\CortexM0\ARM_GCC_541\Debug\.deps\SOURCE_C__ARM_GCC_GENERIC.P"
Deleting file ".\CortexM0\ARM_GCC_541\Debug\.deps\SOURCE_ASM__ARM_GCC_GENERIC.P"
--------------- Clean Succeeded: 06/06/2023 18:03:28 ---------------
