ARM GAS  C:\Users\Melody\AppData\Local\Temp\ccwPC3uH.s 			page 1


   1              		.syntax unified
   2              		.cpu cortex-m0
   3              		.fpu softvfp
   4              		.eabi_attribute 20, 1
   5              		.eabi_attribute 21, 1
   6              		.eabi_attribute 23, 3
   7              		.eabi_attribute 24, 1
   8              		.eabi_attribute 25, 1
   9              		.eabi_attribute 26, 1
  10              		.eabi_attribute 30, 4
  11              		.eabi_attribute 34, 0
  12              		.eabi_attribute 18, 4
  13              		.thumb
  14              		.syntax unified
  15              		.file	"CAN_INT.c"
  16              		.text
  17              	.Ltext0:
  18              		.cfi_sections	.debug_frame
  19              		.section	.text.CAN_BusOffIsr,"ax",%progbits
  20              		.align	1
  21              		.global	CAN_BusOffIsr
  22              		.code	16
  23              		.thumb_func
  24              		.type	CAN_BusOffIsr, %function
  25              	CAN_BusOffIsr:
  26              	.LFB1:
  27              		.file 1 "Generated_Source\\PSoC4\\CAN_INT.c"
   1:Generated_Source\PSoC4/CAN_INT.c **** /*******************************************************************************
   2:Generated_Source\PSoC4/CAN_INT.c **** * File Name: CAN_INT.c
   3:Generated_Source\PSoC4/CAN_INT.c **** * Version 3.0
   4:Generated_Source\PSoC4/CAN_INT.c **** *
   5:Generated_Source\PSoC4/CAN_INT.c **** * Description:
   6:Generated_Source\PSoC4/CAN_INT.c **** *  This file contains Interrupt Service Routine (ISR) for CAN Component.
   7:Generated_Source\PSoC4/CAN_INT.c **** *  The Interrupt handlers functions are generated accordingly to the PSoC
   8:Generated_Source\PSoC4/CAN_INT.c **** *  Creator Customizer inputs.
   9:Generated_Source\PSoC4/CAN_INT.c **** *
  10:Generated_Source\PSoC4/CAN_INT.c **** * Note:
  11:Generated_Source\PSoC4/CAN_INT.c **** *  None
  12:Generated_Source\PSoC4/CAN_INT.c **** *
  13:Generated_Source\PSoC4/CAN_INT.c **** ********************************************************************************
  14:Generated_Source\PSoC4/CAN_INT.c **** * Copyright 2008-2015, Cypress Semiconductor Corporation.  All rights reserved.
  15:Generated_Source\PSoC4/CAN_INT.c **** * You may use this file only in accordance with the license, terms, conditions,
  16:Generated_Source\PSoC4/CAN_INT.c **** * disclaimers, and limitations in the end user license agreement accompanying
  17:Generated_Source\PSoC4/CAN_INT.c **** * the software package with which this file was provided.
  18:Generated_Source\PSoC4/CAN_INT.c **** *******************************************************************************/
  19:Generated_Source\PSoC4/CAN_INT.c **** 
  20:Generated_Source\PSoC4/CAN_INT.c **** #include "CAN.h"
  21:Generated_Source\PSoC4/CAN_INT.c **** #include "cyapicallbacks.h"
  22:Generated_Source\PSoC4/CAN_INT.c **** 
  23:Generated_Source\PSoC4/CAN_INT.c **** /* `#START CAN_INT_C_CODE_DEFINITION` */
  24:Generated_Source\PSoC4/CAN_INT.c **** 
  25:Generated_Source\PSoC4/CAN_INT.c **** /* `#END` */
  26:Generated_Source\PSoC4/CAN_INT.c **** 
  27:Generated_Source\PSoC4/CAN_INT.c **** #if (CAN_ARB_LOST)
  28:Generated_Source\PSoC4/CAN_INT.c ****     /*******************************************************************************
  29:Generated_Source\PSoC4/CAN_INT.c ****     * FUNCTION NAME:   CAN_ArbLostIsr
  30:Generated_Source\PSoC4/CAN_INT.c ****     ********************************************************************************
ARM GAS  C:\Users\Melody\AppData\Local\Temp\ccwPC3uH.s 			page 2


  31:Generated_Source\PSoC4/CAN_INT.c ****     *
  32:Generated_Source\PSoC4/CAN_INT.c ****     * Summary:
  33:Generated_Source\PSoC4/CAN_INT.c ****     *  This function is entry point to Arbitration Lost Interrupt. Clears
  34:Generated_Source\PSoC4/CAN_INT.c ****     *  Arbitration Lost interrupt flag. Only generated if Arbitration Lost
  35:Generated_Source\PSoC4/CAN_INT.c ****     *  Interrupt enable in Customizer.
  36:Generated_Source\PSoC4/CAN_INT.c ****     *
  37:Generated_Source\PSoC4/CAN_INT.c ****     * Parameters:
  38:Generated_Source\PSoC4/CAN_INT.c ****     *  None.
  39:Generated_Source\PSoC4/CAN_INT.c ****     *
  40:Generated_Source\PSoC4/CAN_INT.c ****     * Return:
  41:Generated_Source\PSoC4/CAN_INT.c ****     *  None.
  42:Generated_Source\PSoC4/CAN_INT.c ****     *
  43:Generated_Source\PSoC4/CAN_INT.c ****     * Reentrant:
  44:Generated_Source\PSoC4/CAN_INT.c ****     *  Depends on Customer code.
  45:Generated_Source\PSoC4/CAN_INT.c ****     *
  46:Generated_Source\PSoC4/CAN_INT.c ****     *******************************************************************************/
  47:Generated_Source\PSoC4/CAN_INT.c ****     void CAN_ArbLostIsr(void) 
  48:Generated_Source\PSoC4/CAN_INT.c ****     {
  49:Generated_Source\PSoC4/CAN_INT.c ****         /* Clear Arbitration Lost flag */
  50:Generated_Source\PSoC4/CAN_INT.c ****         CAN_INT_SR_REG = CAN_ARBITRATION_LOST_MASK;
  51:Generated_Source\PSoC4/CAN_INT.c **** 
  52:Generated_Source\PSoC4/CAN_INT.c ****         /* `#START ARBITRATION_LOST_ISR` */
  53:Generated_Source\PSoC4/CAN_INT.c **** 
  54:Generated_Source\PSoC4/CAN_INT.c ****         /* `#END` */
  55:Generated_Source\PSoC4/CAN_INT.c **** 
  56:Generated_Source\PSoC4/CAN_INT.c ****         #ifdef CAN_ARB_LOST_ISR_CALLBACK
  57:Generated_Source\PSoC4/CAN_INT.c ****             CAN_ArbLostIsr_Callback();
  58:Generated_Source\PSoC4/CAN_INT.c ****         #endif /* CAN_ARB_LOST_ISR_CALLBACK */
  59:Generated_Source\PSoC4/CAN_INT.c ****     }
  60:Generated_Source\PSoC4/CAN_INT.c **** #endif /* CAN_ARB_LOST */
  61:Generated_Source\PSoC4/CAN_INT.c **** 
  62:Generated_Source\PSoC4/CAN_INT.c **** 
  63:Generated_Source\PSoC4/CAN_INT.c **** #if (CAN_OVERLOAD)
  64:Generated_Source\PSoC4/CAN_INT.c ****     /*******************************************************************************
  65:Generated_Source\PSoC4/CAN_INT.c ****     * FUNCTION NAME:   CAN_OvrLdErrorIsr
  66:Generated_Source\PSoC4/CAN_INT.c ****     ********************************************************************************
  67:Generated_Source\PSoC4/CAN_INT.c ****     *
  68:Generated_Source\PSoC4/CAN_INT.c ****     * Summary:
  69:Generated_Source\PSoC4/CAN_INT.c ****     *  This function is entry point to Overload Error Interrupt. Clears Overload
  70:Generated_Source\PSoC4/CAN_INT.c ****     *  Error interrupt flag. Only generated if Overload Error Interrupt enable
  71:Generated_Source\PSoC4/CAN_INT.c ****     *  in Customizer.
  72:Generated_Source\PSoC4/CAN_INT.c ****     *
  73:Generated_Source\PSoC4/CAN_INT.c ****     * Parameters:
  74:Generated_Source\PSoC4/CAN_INT.c ****     *  None.
  75:Generated_Source\PSoC4/CAN_INT.c ****     *
  76:Generated_Source\PSoC4/CAN_INT.c ****     * Return:
  77:Generated_Source\PSoC4/CAN_INT.c ****     *  None.
  78:Generated_Source\PSoC4/CAN_INT.c ****     *
  79:Generated_Source\PSoC4/CAN_INT.c ****     * Reentrant:
  80:Generated_Source\PSoC4/CAN_INT.c ****     *  Depends on Customer code.
  81:Generated_Source\PSoC4/CAN_INT.c ****     *
  82:Generated_Source\PSoC4/CAN_INT.c ****     *******************************************************************************/
  83:Generated_Source\PSoC4/CAN_INT.c ****     void CAN_OvrLdErrorIsr(void) 
  84:Generated_Source\PSoC4/CAN_INT.c ****     {
  85:Generated_Source\PSoC4/CAN_INT.c ****         /* Clear Overload Error flag */
  86:Generated_Source\PSoC4/CAN_INT.c ****         CAN_INT_SR_REG = CAN_OVERLOAD_ERROR_MASK;
  87:Generated_Source\PSoC4/CAN_INT.c **** 
ARM GAS  C:\Users\Melody\AppData\Local\Temp\ccwPC3uH.s 			page 3


  88:Generated_Source\PSoC4/CAN_INT.c ****         /* `#START OVER_LOAD_ERROR_ISR` */
  89:Generated_Source\PSoC4/CAN_INT.c **** 
  90:Generated_Source\PSoC4/CAN_INT.c ****         /* `#END` */
  91:Generated_Source\PSoC4/CAN_INT.c **** 
  92:Generated_Source\PSoC4/CAN_INT.c ****         #ifdef CAN_OVR_LD_ERROR_ISR_CALLBACK
  93:Generated_Source\PSoC4/CAN_INT.c ****             CAN_OvrLdErrorIsr_Callback();
  94:Generated_Source\PSoC4/CAN_INT.c ****         #endif /* CAN_OVR_LD_ERROR_ISR_CALLBACK */
  95:Generated_Source\PSoC4/CAN_INT.c ****     }
  96:Generated_Source\PSoC4/CAN_INT.c **** #endif /* CAN_OVERLOAD */
  97:Generated_Source\PSoC4/CAN_INT.c **** 
  98:Generated_Source\PSoC4/CAN_INT.c **** 
  99:Generated_Source\PSoC4/CAN_INT.c **** #if (CAN_BIT_ERR)
 100:Generated_Source\PSoC4/CAN_INT.c ****     /*******************************************************************************
 101:Generated_Source\PSoC4/CAN_INT.c ****     * FUNCTION NAME:   CAN_BitErrorIsr
 102:Generated_Source\PSoC4/CAN_INT.c ****     ********************************************************************************
 103:Generated_Source\PSoC4/CAN_INT.c ****     *
 104:Generated_Source\PSoC4/CAN_INT.c ****     * Summary:
 105:Generated_Source\PSoC4/CAN_INT.c ****     *  This function is entry point to Bit Error Interrupt. Clears Bit Error
 106:Generated_Source\PSoC4/CAN_INT.c ****     *  interrupt flag. Only generated if Bit Error Interrupt enable in Customizer.
 107:Generated_Source\PSoC4/CAN_INT.c ****     *
 108:Generated_Source\PSoC4/CAN_INT.c ****     * Parameters:
 109:Generated_Source\PSoC4/CAN_INT.c ****     *  None.
 110:Generated_Source\PSoC4/CAN_INT.c ****     *
 111:Generated_Source\PSoC4/CAN_INT.c ****     * Return:
 112:Generated_Source\PSoC4/CAN_INT.c ****     *  None.
 113:Generated_Source\PSoC4/CAN_INT.c ****     *
 114:Generated_Source\PSoC4/CAN_INT.c ****     * Reentrant:
 115:Generated_Source\PSoC4/CAN_INT.c ****     *  Depends on Customer code.
 116:Generated_Source\PSoC4/CAN_INT.c ****     *
 117:Generated_Source\PSoC4/CAN_INT.c ****     *******************************************************************************/
 118:Generated_Source\PSoC4/CAN_INT.c ****     void CAN_BitErrorIsr(void) 
 119:Generated_Source\PSoC4/CAN_INT.c ****     {
 120:Generated_Source\PSoC4/CAN_INT.c ****         /* Clear Bit Error flag */
 121:Generated_Source\PSoC4/CAN_INT.c ****         CAN_INT_SR_REG = CAN_BIT_ERROR_MASK;
 122:Generated_Source\PSoC4/CAN_INT.c **** 
 123:Generated_Source\PSoC4/CAN_INT.c ****         /* `#START BIT_ERROR_ISR` */
 124:Generated_Source\PSoC4/CAN_INT.c **** 
 125:Generated_Source\PSoC4/CAN_INT.c ****         /* `#END` */
 126:Generated_Source\PSoC4/CAN_INT.c **** 
 127:Generated_Source\PSoC4/CAN_INT.c ****         #ifdef CAN_BIT_ERROR_ISR_CALLBACK
 128:Generated_Source\PSoC4/CAN_INT.c ****             CAN_BitErrorIsr_Callback();
 129:Generated_Source\PSoC4/CAN_INT.c ****         #endif /* CAN_BIT_ERROR_ISR_CALLBACK */
 130:Generated_Source\PSoC4/CAN_INT.c ****     }
 131:Generated_Source\PSoC4/CAN_INT.c **** #endif /* CAN_BIT_ERR */
 132:Generated_Source\PSoC4/CAN_INT.c **** 
 133:Generated_Source\PSoC4/CAN_INT.c **** 
 134:Generated_Source\PSoC4/CAN_INT.c **** #if (CAN_STUFF_ERR)
 135:Generated_Source\PSoC4/CAN_INT.c ****     /*******************************************************************************
 136:Generated_Source\PSoC4/CAN_INT.c ****     * FUNCTION NAME:   CAN_BitStuffErrorIsr
 137:Generated_Source\PSoC4/CAN_INT.c ****     ********************************************************************************
 138:Generated_Source\PSoC4/CAN_INT.c ****     *
 139:Generated_Source\PSoC4/CAN_INT.c ****     * Summary:
 140:Generated_Source\PSoC4/CAN_INT.c ****     *  This function is entry point to Bit Stuff Error Interrupt. Clears Bit Stuff
 141:Generated_Source\PSoC4/CAN_INT.c ****     *  Error interrupt flag. Only generated if Bit Stuff Error Interrupt enable
 142:Generated_Source\PSoC4/CAN_INT.c ****     *  in Customizer.
 143:Generated_Source\PSoC4/CAN_INT.c ****     *
 144:Generated_Source\PSoC4/CAN_INT.c ****     * Parameters:
ARM GAS  C:\Users\Melody\AppData\Local\Temp\ccwPC3uH.s 			page 4


 145:Generated_Source\PSoC4/CAN_INT.c ****     *  None.
 146:Generated_Source\PSoC4/CAN_INT.c ****     *
 147:Generated_Source\PSoC4/CAN_INT.c ****     * Return:
 148:Generated_Source\PSoC4/CAN_INT.c ****     *  None.
 149:Generated_Source\PSoC4/CAN_INT.c ****     *
 150:Generated_Source\PSoC4/CAN_INT.c ****     * Reentrant:
 151:Generated_Source\PSoC4/CAN_INT.c ****     *  Depends on Customer code.
 152:Generated_Source\PSoC4/CAN_INT.c ****     *
 153:Generated_Source\PSoC4/CAN_INT.c ****     *******************************************************************************/
 154:Generated_Source\PSoC4/CAN_INT.c ****     void CAN_BitStuffErrorIsr(void) 
 155:Generated_Source\PSoC4/CAN_INT.c ****     {
 156:Generated_Source\PSoC4/CAN_INT.c ****         /* Clear Stuff Error flag */
 157:Generated_Source\PSoC4/CAN_INT.c ****         CAN_INT_SR_REG = CAN_STUFF_ERROR_MASK;
 158:Generated_Source\PSoC4/CAN_INT.c **** 
 159:Generated_Source\PSoC4/CAN_INT.c ****         /* `#START BIT_STUFF_ERROR_ISR` */
 160:Generated_Source\PSoC4/CAN_INT.c **** 
 161:Generated_Source\PSoC4/CAN_INT.c ****         /* `#END` */
 162:Generated_Source\PSoC4/CAN_INT.c **** 
 163:Generated_Source\PSoC4/CAN_INT.c ****         #ifdef CAN_BIT_STUFF_ERROR_ISR_CALLBACK
 164:Generated_Source\PSoC4/CAN_INT.c ****             CAN_BitStuffErrorIsr_Callback();
 165:Generated_Source\PSoC4/CAN_INT.c ****         #endif /* CAN_BIT_STUFF_ERROR_ISR_CALLBACK */
 166:Generated_Source\PSoC4/CAN_INT.c ****     }
 167:Generated_Source\PSoC4/CAN_INT.c **** #endif /* CAN_STUFF_ERR */
 168:Generated_Source\PSoC4/CAN_INT.c **** 
 169:Generated_Source\PSoC4/CAN_INT.c **** 
 170:Generated_Source\PSoC4/CAN_INT.c **** #if (CAN_ACK_ERR)
 171:Generated_Source\PSoC4/CAN_INT.c ****     /*******************************************************************************
 172:Generated_Source\PSoC4/CAN_INT.c ****     * FUNCTION NAME:   CAN_AckErrorIsr
 173:Generated_Source\PSoC4/CAN_INT.c ****     ********************************************************************************
 174:Generated_Source\PSoC4/CAN_INT.c ****     *
 175:Generated_Source\PSoC4/CAN_INT.c ****     * Summary:
 176:Generated_Source\PSoC4/CAN_INT.c ****     *  This function is entry point to Acknowledge Error Interrupt. Clears
 177:Generated_Source\PSoC4/CAN_INT.c ****     *  Acknowledge Error interrupt flag. Only generated if Acknowledge Error
 178:Generated_Source\PSoC4/CAN_INT.c ****     *  Interrupt enable in Customizer.
 179:Generated_Source\PSoC4/CAN_INT.c ****     *
 180:Generated_Source\PSoC4/CAN_INT.c ****     * Parameters:
 181:Generated_Source\PSoC4/CAN_INT.c ****     *  None.
 182:Generated_Source\PSoC4/CAN_INT.c ****     *
 183:Generated_Source\PSoC4/CAN_INT.c ****     * Return:
 184:Generated_Source\PSoC4/CAN_INT.c ****     *  None.
 185:Generated_Source\PSoC4/CAN_INT.c ****     *
 186:Generated_Source\PSoC4/CAN_INT.c ****     * Reentrant:
 187:Generated_Source\PSoC4/CAN_INT.c ****     *  Depends on Customer code.
 188:Generated_Source\PSoC4/CAN_INT.c ****     *
 189:Generated_Source\PSoC4/CAN_INT.c ****     *******************************************************************************/
 190:Generated_Source\PSoC4/CAN_INT.c ****     void CAN_AckErrorIsr(void) 
 191:Generated_Source\PSoC4/CAN_INT.c ****     {
 192:Generated_Source\PSoC4/CAN_INT.c ****         /* Clear Acknoledge Error flag */
 193:Generated_Source\PSoC4/CAN_INT.c ****         CAN_INT_SR_REG = CAN_ACK_ERROR_MASK;
 194:Generated_Source\PSoC4/CAN_INT.c **** 
 195:Generated_Source\PSoC4/CAN_INT.c ****         /* `#START ACKNOWLEDGE_ERROR_ISR` */
 196:Generated_Source\PSoC4/CAN_INT.c **** 
 197:Generated_Source\PSoC4/CAN_INT.c ****         /* `#END` */
 198:Generated_Source\PSoC4/CAN_INT.c **** 
 199:Generated_Source\PSoC4/CAN_INT.c ****         #ifdef CAN_ACK_ERROR_ISR_CALLBACK
 200:Generated_Source\PSoC4/CAN_INT.c ****             CAN_AckErrorIsr_Callback();
 201:Generated_Source\PSoC4/CAN_INT.c ****         #endif /* CAN_ACK_ERROR_ISR_CALLBACK */
ARM GAS  C:\Users\Melody\AppData\Local\Temp\ccwPC3uH.s 			page 5


 202:Generated_Source\PSoC4/CAN_INT.c ****     }
 203:Generated_Source\PSoC4/CAN_INT.c **** #endif /* CAN_ACK_ERR */
 204:Generated_Source\PSoC4/CAN_INT.c **** 
 205:Generated_Source\PSoC4/CAN_INT.c **** 
 206:Generated_Source\PSoC4/CAN_INT.c **** #if (CAN_FORM_ERR)
 207:Generated_Source\PSoC4/CAN_INT.c ****     /*******************************************************************************
 208:Generated_Source\PSoC4/CAN_INT.c ****     * FUNCTION NAME:   CAN_MsgErrorIsr
 209:Generated_Source\PSoC4/CAN_INT.c ****     ********************************************************************************
 210:Generated_Source\PSoC4/CAN_INT.c ****     *
 211:Generated_Source\PSoC4/CAN_INT.c ****     * Summary:
 212:Generated_Source\PSoC4/CAN_INT.c ****     *  This function is entry point to Form Error Interrupt. Clears Form Error
 213:Generated_Source\PSoC4/CAN_INT.c ****     *  interrupt flag. Only generated if Form Error Interrupt enable in Customizer.
 214:Generated_Source\PSoC4/CAN_INT.c ****     *
 215:Generated_Source\PSoC4/CAN_INT.c ****     * Parameters:
 216:Generated_Source\PSoC4/CAN_INT.c ****     *  None.
 217:Generated_Source\PSoC4/CAN_INT.c ****     *
 218:Generated_Source\PSoC4/CAN_INT.c ****     * Return:
 219:Generated_Source\PSoC4/CAN_INT.c ****     *  None.
 220:Generated_Source\PSoC4/CAN_INT.c ****     *
 221:Generated_Source\PSoC4/CAN_INT.c ****     * Reentrant:
 222:Generated_Source\PSoC4/CAN_INT.c ****     *  Depends on Customer code.
 223:Generated_Source\PSoC4/CAN_INT.c ****     *
 224:Generated_Source\PSoC4/CAN_INT.c ****     *******************************************************************************/
 225:Generated_Source\PSoC4/CAN_INT.c ****     void CAN_MsgErrorIsr(void) 
 226:Generated_Source\PSoC4/CAN_INT.c ****     {
 227:Generated_Source\PSoC4/CAN_INT.c ****         /* Clear Form Error flag */
 228:Generated_Source\PSoC4/CAN_INT.c ****         CAN_INT_SR_REG = CAN_FORM_ERROR_MASK;
 229:Generated_Source\PSoC4/CAN_INT.c **** 
 230:Generated_Source\PSoC4/CAN_INT.c ****         /* `#START MESSAGE_ERROR_ISR` */
 231:Generated_Source\PSoC4/CAN_INT.c **** 
 232:Generated_Source\PSoC4/CAN_INT.c ****         /* `#END` */
 233:Generated_Source\PSoC4/CAN_INT.c **** 
 234:Generated_Source\PSoC4/CAN_INT.c ****         #ifdef CAN_MSG_ERROR_ISR_CALLBACK
 235:Generated_Source\PSoC4/CAN_INT.c ****             CAN_MsgErrorIsr_Callback();
 236:Generated_Source\PSoC4/CAN_INT.c ****         #endif /* CAN_MSG_ERROR_ISR_CALLBACK */
 237:Generated_Source\PSoC4/CAN_INT.c ****     }
 238:Generated_Source\PSoC4/CAN_INT.c **** #endif /* CAN_FORM_ERR */
 239:Generated_Source\PSoC4/CAN_INT.c **** 
 240:Generated_Source\PSoC4/CAN_INT.c **** 
 241:Generated_Source\PSoC4/CAN_INT.c **** #if (CAN_CRC_ERR)
 242:Generated_Source\PSoC4/CAN_INT.c ****     /*******************************************************************************
 243:Generated_Source\PSoC4/CAN_INT.c ****     * FUNCTION NAME:   CAN_CrcErrorIsr
 244:Generated_Source\PSoC4/CAN_INT.c ****     ********************************************************************************
 245:Generated_Source\PSoC4/CAN_INT.c ****     *
 246:Generated_Source\PSoC4/CAN_INT.c ****     * Summary:
 247:Generated_Source\PSoC4/CAN_INT.c ****     *  This function is entry point to CRC Error Interrupt. Clears CRC Error
 248:Generated_Source\PSoC4/CAN_INT.c ****     *  interrupt flag. Only generated if CRC Error Interrupt enable in Customizer.
 249:Generated_Source\PSoC4/CAN_INT.c ****     *
 250:Generated_Source\PSoC4/CAN_INT.c ****     * Parameters:
 251:Generated_Source\PSoC4/CAN_INT.c ****     *  None.
 252:Generated_Source\PSoC4/CAN_INT.c ****     *
 253:Generated_Source\PSoC4/CAN_INT.c ****     * Return:
 254:Generated_Source\PSoC4/CAN_INT.c ****     *  None.
 255:Generated_Source\PSoC4/CAN_INT.c ****     *
 256:Generated_Source\PSoC4/CAN_INT.c ****     * Reentrant:
 257:Generated_Source\PSoC4/CAN_INT.c ****     *  Depends on Customer code.
 258:Generated_Source\PSoC4/CAN_INT.c ****     *
ARM GAS  C:\Users\Melody\AppData\Local\Temp\ccwPC3uH.s 			page 6


 259:Generated_Source\PSoC4/CAN_INT.c ****     *******************************************************************************/
 260:Generated_Source\PSoC4/CAN_INT.c ****     void CAN_CrcErrorIsr(void) 
 261:Generated_Source\PSoC4/CAN_INT.c ****     {
 262:Generated_Source\PSoC4/CAN_INT.c ****         /* Clear CRC Error flag */
 263:Generated_Source\PSoC4/CAN_INT.c ****         CAN_INT_SR_REG = CAN_CRC_ERROR_MASK;
 264:Generated_Source\PSoC4/CAN_INT.c **** 
 265:Generated_Source\PSoC4/CAN_INT.c ****         /* `#START CRC_ERROR_ISR` */
 266:Generated_Source\PSoC4/CAN_INT.c **** 
 267:Generated_Source\PSoC4/CAN_INT.c ****         /* `#END` */
 268:Generated_Source\PSoC4/CAN_INT.c **** 
 269:Generated_Source\PSoC4/CAN_INT.c ****         #ifdef CAN_CRC_ERROR_ISR_CALLBACK
 270:Generated_Source\PSoC4/CAN_INT.c ****             CAN_CrcErrorIsr_Callback();
 271:Generated_Source\PSoC4/CAN_INT.c ****         #endif /* CAN_CRC_ERROR_ISR_CALLBACK */
 272:Generated_Source\PSoC4/CAN_INT.c ****     }
 273:Generated_Source\PSoC4/CAN_INT.c **** #endif /* CAN_CRC_ERR */
 274:Generated_Source\PSoC4/CAN_INT.c **** 
 275:Generated_Source\PSoC4/CAN_INT.c **** 
 276:Generated_Source\PSoC4/CAN_INT.c **** #if (CAN_BUS_OFF)
 277:Generated_Source\PSoC4/CAN_INT.c ****     /*******************************************************************************
 278:Generated_Source\PSoC4/CAN_INT.c ****     * FUNCTION NAME:   CAN_BusOffIsr
 279:Generated_Source\PSoC4/CAN_INT.c ****     ********************************************************************************
 280:Generated_Source\PSoC4/CAN_INT.c ****     *
 281:Generated_Source\PSoC4/CAN_INT.c ****     * Summary:
 282:Generated_Source\PSoC4/CAN_INT.c ****     *  This function is entry point to Bus Off Interrupt. Places CAN Component
 283:Generated_Source\PSoC4/CAN_INT.c ****     *  to Stop mode. Only generated if Bus Off Interrupt enable in Customizer.
 284:Generated_Source\PSoC4/CAN_INT.c ****     *  Recommended setting to enable this interrupt.
 285:Generated_Source\PSoC4/CAN_INT.c ****     *
 286:Generated_Source\PSoC4/CAN_INT.c ****     * Parameters:
 287:Generated_Source\PSoC4/CAN_INT.c ****     *  None.
 288:Generated_Source\PSoC4/CAN_INT.c ****     *
 289:Generated_Source\PSoC4/CAN_INT.c ****     * Return:
 290:Generated_Source\PSoC4/CAN_INT.c ****     *  None.
 291:Generated_Source\PSoC4/CAN_INT.c ****     *
 292:Generated_Source\PSoC4/CAN_INT.c ****     * Side Effects:
 293:Generated_Source\PSoC4/CAN_INT.c ****     *  Stops CAN component operation.
 294:Generated_Source\PSoC4/CAN_INT.c ****     *
 295:Generated_Source\PSoC4/CAN_INT.c ****     *******************************************************************************/
 296:Generated_Source\PSoC4/CAN_INT.c ****     void CAN_BusOffIsr(void) 
 297:Generated_Source\PSoC4/CAN_INT.c ****     {
  28              		.loc 1 297 0
  29              		.cfi_startproc
  30              		@ args = 0, pretend = 0, frame = 0
  31              		@ frame_needed = 0, uses_anonymous_args = 0
 298:Generated_Source\PSoC4/CAN_INT.c ****         /* Clear Bus Off flag */
 299:Generated_Source\PSoC4/CAN_INT.c ****         CAN_INT_SR_REG = CAN_BUS_OFF_MASK;
  32              		.loc 1 299 0
  33 0000 8022     		movs	r2, #128
 297:Generated_Source\PSoC4/CAN_INT.c ****         /* Clear Bus Off flag */
  34              		.loc 1 297 0
  35 0002 10B5     		push	{r4, lr}
  36              		.cfi_def_cfa_offset 8
  37              		.cfi_offset 4, -8
  38              		.cfi_offset 14, -4
  39              		.loc 1 299 0
  40 0004 024B     		ldr	r3, .L2
  41 0006 9200     		lsls	r2, r2, #2
  42 0008 1A60     		str	r2, [r3]
ARM GAS  C:\Users\Melody\AppData\Local\Temp\ccwPC3uH.s 			page 7


 300:Generated_Source\PSoC4/CAN_INT.c **** 
 301:Generated_Source\PSoC4/CAN_INT.c ****         /* `#START BUS_OFF_ISR` */
 302:Generated_Source\PSoC4/CAN_INT.c **** 
 303:Generated_Source\PSoC4/CAN_INT.c ****         /* `#END` */
 304:Generated_Source\PSoC4/CAN_INT.c **** 
 305:Generated_Source\PSoC4/CAN_INT.c ****         #ifdef CAN_BUS_OFF_ISR_CALLBACK
 306:Generated_Source\PSoC4/CAN_INT.c ****             CAN_BusOffIsr_Callback();
 307:Generated_Source\PSoC4/CAN_INT.c ****         #endif /* CAN_BUS_OFF_ISR_CALLBACK */
 308:Generated_Source\PSoC4/CAN_INT.c **** 
 309:Generated_Source\PSoC4/CAN_INT.c ****         (void) CAN_Stop();
  43              		.loc 1 309 0
  44 000a FFF7FEFF 		bl	CAN_Stop
  45              	.LVL0:
 310:Generated_Source\PSoC4/CAN_INT.c ****     }
  46              		.loc 1 310 0
  47              		@ sp needed
  48 000e 10BD     		pop	{r4, pc}
  49              	.L3:
  50              		.align	2
  51              	.L2:
  52 0010 00002F40 		.word	1076822016
  53              		.cfi_endproc
  54              	.LFE1:
  55              		.size	CAN_BusOffIsr, .-CAN_BusOffIsr
  56              		.section	.text.CAN_MsgRXIsr,"ax",%progbits
  57              		.align	1
  58              		.global	CAN_MsgRXIsr
  59              		.code	16
  60              		.thumb_func
  61              		.type	CAN_MsgRXIsr, %function
  62              	CAN_MsgRXIsr:
  63              	.LFB2:
 311:Generated_Source\PSoC4/CAN_INT.c **** #endif /* CAN_BUS_OFF */
 312:Generated_Source\PSoC4/CAN_INT.c **** 
 313:Generated_Source\PSoC4/CAN_INT.c **** 
 314:Generated_Source\PSoC4/CAN_INT.c **** #if (CAN_RX_MSG_LOST)
 315:Generated_Source\PSoC4/CAN_INT.c ****     /*******************************************************************************
 316:Generated_Source\PSoC4/CAN_INT.c ****     * FUNCTION NAME:   CAN_MsgLostIsr
 317:Generated_Source\PSoC4/CAN_INT.c ****     ********************************************************************************
 318:Generated_Source\PSoC4/CAN_INT.c ****     *
 319:Generated_Source\PSoC4/CAN_INT.c ****     * Summary:
 320:Generated_Source\PSoC4/CAN_INT.c ****     *  This function is entry point to Message Lost Interrupt. Clears Message Lost
 321:Generated_Source\PSoC4/CAN_INT.c ****     *  interrupt flag. Only generated if Message Lost Interrupt enable in Customizer
 322:Generated_Source\PSoC4/CAN_INT.c ****     *
 323:Generated_Source\PSoC4/CAN_INT.c ****     * Parameters:
 324:Generated_Source\PSoC4/CAN_INT.c ****     *  None.
 325:Generated_Source\PSoC4/CAN_INT.c ****     *
 326:Generated_Source\PSoC4/CAN_INT.c ****     * Return:
 327:Generated_Source\PSoC4/CAN_INT.c ****     *  None.
 328:Generated_Source\PSoC4/CAN_INT.c ****     *
 329:Generated_Source\PSoC4/CAN_INT.c ****     * Reentrant:
 330:Generated_Source\PSoC4/CAN_INT.c ****     *  Depends on Customer code.
 331:Generated_Source\PSoC4/CAN_INT.c ****     *
 332:Generated_Source\PSoC4/CAN_INT.c ****     *******************************************************************************/
 333:Generated_Source\PSoC4/CAN_INT.c ****     void CAN_MsgLostIsr(void) 
 334:Generated_Source\PSoC4/CAN_INT.c ****     {
 335:Generated_Source\PSoC4/CAN_INT.c ****         /* Clear Receive Message Lost flag */
ARM GAS  C:\Users\Melody\AppData\Local\Temp\ccwPC3uH.s 			page 8


 336:Generated_Source\PSoC4/CAN_INT.c ****         CAN_INT_SR_REG = CAN_RX_MSG_LOST_MASK;
 337:Generated_Source\PSoC4/CAN_INT.c **** 
 338:Generated_Source\PSoC4/CAN_INT.c ****         /* `#START MESSAGE_LOST_ISR` */
 339:Generated_Source\PSoC4/CAN_INT.c **** 
 340:Generated_Source\PSoC4/CAN_INT.c ****         /* `#END` */
 341:Generated_Source\PSoC4/CAN_INT.c **** 
 342:Generated_Source\PSoC4/CAN_INT.c ****         #ifdef CAN_MSG_LOST_ISR_CALLBACK
 343:Generated_Source\PSoC4/CAN_INT.c ****             CAN_MsgLostIsr_Callback();
 344:Generated_Source\PSoC4/CAN_INT.c ****         #endif /* CAN_MSG_LOST_ISR_CALLBACK */
 345:Generated_Source\PSoC4/CAN_INT.c ****     }
 346:Generated_Source\PSoC4/CAN_INT.c **** #endif /* CAN_RX_MSG_LOST */
 347:Generated_Source\PSoC4/CAN_INT.c **** 
 348:Generated_Source\PSoC4/CAN_INT.c **** 
 349:Generated_Source\PSoC4/CAN_INT.c **** #if (CAN_TX_MESSAGE)
 350:Generated_Source\PSoC4/CAN_INT.c ****     /*******************************************************************************
 351:Generated_Source\PSoC4/CAN_INT.c ****     * FUNCTION NAME:   CAN_MsgTXIsr
 352:Generated_Source\PSoC4/CAN_INT.c ****     ********************************************************************************
 353:Generated_Source\PSoC4/CAN_INT.c ****     *
 354:Generated_Source\PSoC4/CAN_INT.c ****     * Summary:
 355:Generated_Source\PSoC4/CAN_INT.c ****     *  This function is entry point to Transmit Message Interrupt. Clears Transmit
 356:Generated_Source\PSoC4/CAN_INT.c ****     *  Message interrupt flag. Only generated if Transmit Message Interrupt enable
 357:Generated_Source\PSoC4/CAN_INT.c ****     *  in Customizer.
 358:Generated_Source\PSoC4/CAN_INT.c ****     *
 359:Generated_Source\PSoC4/CAN_INT.c ****     * Parameters:
 360:Generated_Source\PSoC4/CAN_INT.c ****     *  None.
 361:Generated_Source\PSoC4/CAN_INT.c ****     *
 362:Generated_Source\PSoC4/CAN_INT.c ****     * Return:
 363:Generated_Source\PSoC4/CAN_INT.c ****     *  None.
 364:Generated_Source\PSoC4/CAN_INT.c ****     *
 365:Generated_Source\PSoC4/CAN_INT.c ****     * Reentrant:
 366:Generated_Source\PSoC4/CAN_INT.c ****     *  Depends on Customer code.
 367:Generated_Source\PSoC4/CAN_INT.c ****     *
 368:Generated_Source\PSoC4/CAN_INT.c ****     *******************************************************************************/
 369:Generated_Source\PSoC4/CAN_INT.c ****     void CAN_MsgTXIsr(void) 
 370:Generated_Source\PSoC4/CAN_INT.c ****     {
 371:Generated_Source\PSoC4/CAN_INT.c ****         /* Clear Transmit Message flag */
 372:Generated_Source\PSoC4/CAN_INT.c ****         CAN_INT_SR_REG = CAN_TX_MESSAGE_MASK;
 373:Generated_Source\PSoC4/CAN_INT.c **** 
 374:Generated_Source\PSoC4/CAN_INT.c ****         /* `#START MESSAGE_TRANSMITTED_ISR` */
 375:Generated_Source\PSoC4/CAN_INT.c **** 
 376:Generated_Source\PSoC4/CAN_INT.c ****         /* `#END` */
 377:Generated_Source\PSoC4/CAN_INT.c **** 
 378:Generated_Source\PSoC4/CAN_INT.c ****         #ifdef CAN_MSG_TX_ISR_CALLBACK
 379:Generated_Source\PSoC4/CAN_INT.c ****             CAN_MsgTXIsr_Callback();
 380:Generated_Source\PSoC4/CAN_INT.c ****         #endif /* CAN_MSG_TX_ISR_CALLBACK */
 381:Generated_Source\PSoC4/CAN_INT.c ****     }
 382:Generated_Source\PSoC4/CAN_INT.c **** #endif /* CAN_TX_MESSAGE */
 383:Generated_Source\PSoC4/CAN_INT.c **** 
 384:Generated_Source\PSoC4/CAN_INT.c **** 
 385:Generated_Source\PSoC4/CAN_INT.c **** #if (CAN_RX_MESSAGE)
 386:Generated_Source\PSoC4/CAN_INT.c ****     /*******************************************************************************
 387:Generated_Source\PSoC4/CAN_INT.c ****     * FUNCTION NAME:   CAN_MsgRXIsr
 388:Generated_Source\PSoC4/CAN_INT.c ****     ********************************************************************************
 389:Generated_Source\PSoC4/CAN_INT.c ****     *
 390:Generated_Source\PSoC4/CAN_INT.c ****     * Summary:
 391:Generated_Source\PSoC4/CAN_INT.c ****     *  This function is entry point to Receive Message Interrupt. Clears Receive
 392:Generated_Source\PSoC4/CAN_INT.c ****     *  Message interrupt flag and call appropriate handlers for Basic and Full
ARM GAS  C:\Users\Melody\AppData\Local\Temp\ccwPC3uH.s 			page 9


 393:Generated_Source\PSoC4/CAN_INT.c ****     *  interrupt based mailboxes. Only generated if Receive Message Interrupt
 394:Generated_Source\PSoC4/CAN_INT.c ****     *  enable in Customizer. Recommended setting to enable this interrupt.
 395:Generated_Source\PSoC4/CAN_INT.c ****     *
 396:Generated_Source\PSoC4/CAN_INT.c ****     * Parameters:
 397:Generated_Source\PSoC4/CAN_INT.c ****     *  None.
 398:Generated_Source\PSoC4/CAN_INT.c ****     *
 399:Generated_Source\PSoC4/CAN_INT.c ****     * Return:
 400:Generated_Source\PSoC4/CAN_INT.c ****     *  None.
 401:Generated_Source\PSoC4/CAN_INT.c ****     *
 402:Generated_Source\PSoC4/CAN_INT.c ****     *******************************************************************************/
 403:Generated_Source\PSoC4/CAN_INT.c ****     void CAN_MsgRXIsr(void) 
 404:Generated_Source\PSoC4/CAN_INT.c ****     {
  64              		.loc 1 404 0
  65              		.cfi_startproc
  66              		@ args = 0, pretend = 0, frame = 0
  67              		@ frame_needed = 0, uses_anonymous_args = 0
  68              	.LVL1:
 405:Generated_Source\PSoC4/CAN_INT.c ****         uint8 mailboxNumber;
 406:Generated_Source\PSoC4/CAN_INT.c ****         uint16 shift = 0x01u;
 407:Generated_Source\PSoC4/CAN_INT.c **** 
 408:Generated_Source\PSoC4/CAN_INT.c ****         /* Clear Receive Message flag */
 409:Generated_Source\PSoC4/CAN_INT.c ****         CAN_INT_SR_REG = CAN_RX_MESSAGE_MASK;
  69              		.loc 1 409 0
  70 0000 8022     		movs	r2, #128
 404:Generated_Source\PSoC4/CAN_INT.c ****         uint8 mailboxNumber;
  71              		.loc 1 404 0
  72 0002 70B5     		push	{r4, r5, r6, lr}
  73              		.cfi_def_cfa_offset 16
  74              		.cfi_offset 4, -16
  75              		.cfi_offset 5, -12
  76              		.cfi_offset 6, -8
  77              		.cfi_offset 14, -4
  78              		.loc 1 409 0
  79 0004 0025     		movs	r5, #0
 406:Generated_Source\PSoC4/CAN_INT.c **** 
  80              		.loc 1 406 0
  81 0006 0124     		movs	r4, #1
 410:Generated_Source\PSoC4/CAN_INT.c **** 
 411:Generated_Source\PSoC4/CAN_INT.c ****         /* `#START MESSAGE_RECEIVE_ISR` */
 412:Generated_Source\PSoC4/CAN_INT.c **** 
 413:Generated_Source\PSoC4/CAN_INT.c ****         /* `#END` */
 414:Generated_Source\PSoC4/CAN_INT.c **** 
 415:Generated_Source\PSoC4/CAN_INT.c ****         #ifdef CAN_MSG_RX_ISR_CALLBACK
 416:Generated_Source\PSoC4/CAN_INT.c ****             CAN_MsgRXIsr_Callback();
 417:Generated_Source\PSoC4/CAN_INT.c ****         #endif /* CAN_MSG_RX_ISR_CALLBACK */
 418:Generated_Source\PSoC4/CAN_INT.c **** 
 419:Generated_Source\PSoC4/CAN_INT.c ****         for (mailboxNumber = 0u; mailboxNumber < CAN_NUMBER_OF_RX_MAILBOXES; mailboxNumber++)
 420:Generated_Source\PSoC4/CAN_INT.c ****         {
 421:Generated_Source\PSoC4/CAN_INT.c **** 
 422:Generated_Source\PSoC4/CAN_INT.c ****             if ((CAN_BUF_SR_REG & shift) != 0u)
 423:Generated_Source\PSoC4/CAN_INT.c ****             {
 424:Generated_Source\PSoC4/CAN_INT.c ****                 if ((CAN_RX_CMD_REG(mailboxNumber) & CAN_RX_INT_ENABLE_MASK) != 0u)
  82              		.loc 1 424 0
  83 0008 2026     		movs	r6, #32
 409:Generated_Source\PSoC4/CAN_INT.c **** 
  84              		.loc 1 409 0
  85 000a 214B     		ldr	r3, .L28
ARM GAS  C:\Users\Melody\AppData\Local\Temp\ccwPC3uH.s 			page 10


  86 000c 5201     		lsls	r2, r2, #5
  87 000e 1A60     		str	r2, [r3]
  88              	.LVL2:
  89              	.L19:
 422:Generated_Source\PSoC4/CAN_INT.c ****             {
  90              		.loc 1 422 0
  91 0010 204B     		ldr	r3, .L28+4
  92 0012 E8B2     		uxtb	r0, r5
  93              	.LVL3:
  94 0014 1B68     		ldr	r3, [r3]
  95 0016 2342     		tst	r3, r4
  96 0018 34D0     		beq	.L5
  97 001a 1F4B     		ldr	r3, .L28+8
  98 001c EB18     		adds	r3, r5, r3
  99 001e 5B01     		lsls	r3, r3, #5
 100              		.loc 1 424 0
 101 0020 1B68     		ldr	r3, [r3]
 102 0022 3342     		tst	r3, r6
 103 0024 2ED0     		beq	.L5
 425:Generated_Source\PSoC4/CAN_INT.c ****                 {
 426:Generated_Source\PSoC4/CAN_INT.c ****                     if ((CAN_RX_MAILBOX_TYPE & shift) != 0u)
 104              		.loc 1 426 0
 105 0026 6305     		lsls	r3, r4, #21
 106 0028 2AD0     		beq	.L6
 427:Generated_Source\PSoC4/CAN_INT.c ****                     {
 428:Generated_Source\PSoC4/CAN_INT.c ****                         /* RX Full mailboxes handler */
 429:Generated_Source\PSoC4/CAN_INT.c ****                         switch(mailboxNumber)
 107              		.loc 1 429 0
 108 002a 0A28     		cmp	r0, #10
 109 002c 2AD8     		bhi	.L5
 110 002e FFF7FEFF 		bl	__gnu_thumb1_case_uqi
 111              	.L8:
 112 0032 06       		.byte	(.L7-.L8)/2
 113 0033 09       		.byte	(.L9-.L8)/2
 114 0034 0C       		.byte	(.L10-.L8)/2
 115 0035 0F       		.byte	(.L11-.L8)/2
 116 0036 12       		.byte	(.L12-.L8)/2
 117 0037 15       		.byte	(.L13-.L8)/2
 118 0038 18       		.byte	(.L14-.L8)/2
 119 0039 1B       		.byte	(.L15-.L8)/2
 120 003a 1E       		.byte	(.L16-.L8)/2
 121 003b 21       		.byte	(.L17-.L8)/2
 122 003c 24       		.byte	(.L18-.L8)/2
 123 003d 00       		.p2align 1
 124              	.L7:
 430:Generated_Source\PSoC4/CAN_INT.c ****                         {
 431:Generated_Source\PSoC4/CAN_INT.c ****                             case 0u : CAN_ReceiveMsgVEHICLE_STATE();
 125              		.loc 1 431 0
 126 003e FFF7FEFF 		bl	CAN_ReceiveMsgVEHICLE_STATE
 127              	.LVL4:
 432:Generated_Source\PSoC4/CAN_INT.c ****                             break;
 128              		.loc 1 432 0
 129 0042 1FE0     		b	.L5
 130              	.LVL5:
 131              	.L9:
 433:Generated_Source\PSoC4/CAN_INT.c ****                             case 1u : CAN_ReceiveMsgBSPD_FLAGS();
 132              		.loc 1 433 0
ARM GAS  C:\Users\Melody\AppData\Local\Temp\ccwPC3uH.s 			page 11


 133 0044 FFF7FEFF 		bl	CAN_ReceiveMsgBSPD_FLAGS
 134              	.LVL6:
 434:Generated_Source\PSoC4/CAN_INT.c ****                             break;
 135              		.loc 1 434 0
 136 0048 1CE0     		b	.L5
 137              	.LVL7:
 138              	.L10:
 435:Generated_Source\PSoC4/CAN_INT.c ****                             case 2u : CAN_ReceiveMsgBMS_STATUS_MSG();
 139              		.loc 1 435 0
 140 004a FFF7FEFF 		bl	CAN_ReceiveMsgBMS_STATUS_MSG
 141              	.LVL8:
 436:Generated_Source\PSoC4/CAN_INT.c ****                             break;
 142              		.loc 1 436 0
 143 004e 19E0     		b	.L5
 144              	.LVL9:
 145              	.L11:
 437:Generated_Source\PSoC4/CAN_INT.c ****                             case 3u : CAN_ReceiveMsgBMS_VOLTAGES();
 146              		.loc 1 437 0
 147 0050 FFF7FEFF 		bl	CAN_ReceiveMsgBMS_VOLTAGES
 148              	.LVL10:
 438:Generated_Source\PSoC4/CAN_INT.c ****                             break;
 149              		.loc 1 438 0
 150 0054 16E0     		b	.L5
 151              	.LVL11:
 152              	.L12:
 439:Generated_Source\PSoC4/CAN_INT.c ****                             case 4u : CAN_ReceiveMsgBMS_TEMPERATURES();
 153              		.loc 1 439 0
 154 0056 FFF7FEFF 		bl	CAN_ReceiveMsgBMS_TEMPERATURES
 155              	.LVL12:
 440:Generated_Source\PSoC4/CAN_INT.c ****                             break;
 156              		.loc 1 440 0
 157 005a 13E0     		b	.L5
 158              	.LVL13:
 159              	.L13:
 441:Generated_Source\PSoC4/CAN_INT.c ****                             case 5u : CAN_ReceiveMsgPEI_ESTOP();
 160              		.loc 1 441 0
 161 005c FFF7FEFF 		bl	CAN_ReceiveMsgPEI_ESTOP
 162              	.LVL14:
 442:Generated_Source\PSoC4/CAN_INT.c ****                             break;
 163              		.loc 1 442 0
 164 0060 10E0     		b	.L5
 165              	.LVL15:
 166              	.L14:
 443:Generated_Source\PSoC4/CAN_INT.c ****                             case 6u : CAN_ReceiveMsgPEI_CURRENT_SHUTDOWN();
 167              		.loc 1 443 0
 168 0062 FFF7FEFF 		bl	CAN_ReceiveMsgPEI_CURRENT_SHUTDOWN
 169              	.LVL16:
 444:Generated_Source\PSoC4/CAN_INT.c ****                             break;
 170              		.loc 1 444 0
 171 0066 0DE0     		b	.L5
 172              	.LVL17:
 173              	.L15:
 445:Generated_Source\PSoC4/CAN_INT.c ****                             case 7u : CAN_ReceiveMsgMC_VOLTAGE_INFO();
 174              		.loc 1 445 0
 175 0068 FFF7FEFF 		bl	CAN_ReceiveMsgMC_VOLTAGE_INFO
 176              	.LVL18:
 446:Generated_Source\PSoC4/CAN_INT.c ****                             break;
ARM GAS  C:\Users\Melody\AppData\Local\Temp\ccwPC3uH.s 			page 12


 177              		.loc 1 446 0
 178 006c 0AE0     		b	.L5
 179              	.LVL19:
 180              	.L16:
 447:Generated_Source\PSoC4/CAN_INT.c ****                             case 8u : CAN_ReceiveMsgMC_INTERNAL_STATES();
 181              		.loc 1 447 0
 182 006e FFF7FEFF 		bl	CAN_ReceiveMsgMC_INTERNAL_STATES
 183              	.LVL20:
 448:Generated_Source\PSoC4/CAN_INT.c ****                             break;
 184              		.loc 1 448 0
 185 0072 07E0     		b	.L5
 186              	.LVL21:
 187              	.L17:
 449:Generated_Source\PSoC4/CAN_INT.c ****                             case 9u : CAN_ReceiveMsgMC_TEMPERATURE_3();
 188              		.loc 1 449 0
 189 0074 FFF7FEFF 		bl	CAN_ReceiveMsgMC_TEMPERATURE_3
 190              	.LVL22:
 450:Generated_Source\PSoC4/CAN_INT.c ****                             break;
 191              		.loc 1 450 0
 192 0078 04E0     		b	.L5
 193              	.LVL23:
 194              	.L18:
 451:Generated_Source\PSoC4/CAN_INT.c ****                             case 10u : CAN_ReceiveMsgMC_FAULT_CODES();
 195              		.loc 1 451 0
 196 007a FFF7FEFF 		bl	CAN_ReceiveMsgMC_FAULT_CODES
 197              	.LVL24:
 452:Generated_Source\PSoC4/CAN_INT.c ****                             break;
 198              		.loc 1 452 0
 199 007e 01E0     		b	.L5
 200              	.LVL25:
 201              	.L6:
 453:Generated_Source\PSoC4/CAN_INT.c ****                             default:
 454:Generated_Source\PSoC4/CAN_INT.c ****                             break;
 455:Generated_Source\PSoC4/CAN_INT.c ****                         }
 456:Generated_Source\PSoC4/CAN_INT.c ****                     }
 457:Generated_Source\PSoC4/CAN_INT.c ****                     else
 458:Generated_Source\PSoC4/CAN_INT.c ****                     {
 459:Generated_Source\PSoC4/CAN_INT.c ****                         /* RX Basic mailbox handler */
 460:Generated_Source\PSoC4/CAN_INT.c ****                         CAN_ReceiveMsg(mailboxNumber);
 202              		.loc 1 460 0
 203 0080 FFF7FEFF 		bl	CAN_ReceiveMsg
 204              	.LVL26:
 205              	.L5:
 461:Generated_Source\PSoC4/CAN_INT.c ****                     }
 462:Generated_Source\PSoC4/CAN_INT.c ****                 }
 463:Generated_Source\PSoC4/CAN_INT.c ****             }
 464:Generated_Source\PSoC4/CAN_INT.c ****             shift <<= 1u;
 206              		.loc 1 464 0 discriminator 2
 207 0084 6400     		lsls	r4, r4, #1
 208              	.LVL27:
 209 0086 0135     		adds	r5, r5, #1
 210              	.LVL28:
 211 0088 A4B2     		uxth	r4, r4
 212              	.LVL29:
 419:Generated_Source\PSoC4/CAN_INT.c ****         {
 213              		.loc 1 419 0 discriminator 2
 214 008a 102D     		cmp	r5, #16
ARM GAS  C:\Users\Melody\AppData\Local\Temp\ccwPC3uH.s 			page 13


 215 008c C0D1     		bne	.L19
 465:Generated_Source\PSoC4/CAN_INT.c ****         }
 466:Generated_Source\PSoC4/CAN_INT.c ****     }
 216              		.loc 1 466 0
 217              		@ sp needed
 218              	.LVL30:
 219 008e 70BD     		pop	{r4, r5, r6, pc}
 220              	.L29:
 221              		.align	2
 222              	.L28:
 223 0090 00002F40 		.word	1076822016
 224 0094 08002F40 		.word	1076822024
 225 0098 05780102 		.word	33650693
 226              		.cfi_endproc
 227              	.LFE2:
 228              		.size	CAN_MsgRXIsr, .-CAN_MsgRXIsr
 229              		.section	.text.CAN_ISR,"ax",%progbits
 230              		.align	1
 231              		.global	CAN_ISR
 232              		.code	16
 233              		.thumb_func
 234              		.type	CAN_ISR, %function
 235              	CAN_ISR:
 236              	.LFB3:
 467:Generated_Source\PSoC4/CAN_INT.c **** #endif /* CAN_RX_MESSAGE */
 468:Generated_Source\PSoC4/CAN_INT.c **** 
 469:Generated_Source\PSoC4/CAN_INT.c **** 
 470:Generated_Source\PSoC4/CAN_INT.c **** #if (CAN_RTR_AUTO_MSG_SENT)
 471:Generated_Source\PSoC4/CAN_INT.c ****     /*******************************************************************************
 472:Generated_Source\PSoC4/CAN_INT.c ****     * FUNCTION NAME:   CAN_RtrAutoMsgSentIsr
 473:Generated_Source\PSoC4/CAN_INT.c ****     ********************************************************************************
 474:Generated_Source\PSoC4/CAN_INT.c ****     *
 475:Generated_Source\PSoC4/CAN_INT.c ****     * Summary:
 476:Generated_Source\PSoC4/CAN_INT.c ****     *  This function is entry point to the RTR automatic message sent Interrupt.
 477:Generated_Source\PSoC4/CAN_INT.c ****     *  It is only generated if RTR message sent Interrupt is enabled in Customizer.
 478:Generated_Source\PSoC4/CAN_INT.c ****     *
 479:Generated_Source\PSoC4/CAN_INT.c ****     * Parameters:
 480:Generated_Source\PSoC4/CAN_INT.c ****     *  None.
 481:Generated_Source\PSoC4/CAN_INT.c ****     *
 482:Generated_Source\PSoC4/CAN_INT.c ****     * Return:
 483:Generated_Source\PSoC4/CAN_INT.c ****     *  None.
 484:Generated_Source\PSoC4/CAN_INT.c ****     *
 485:Generated_Source\PSoC4/CAN_INT.c ****     *******************************************************************************/
 486:Generated_Source\PSoC4/CAN_INT.c ****     void CAN_RtrAutoMsgSentIsr(void)
 487:Generated_Source\PSoC4/CAN_INT.c ****     {
 488:Generated_Source\PSoC4/CAN_INT.c ****         /* Clear RTR auto-reply message sent flag */
 489:Generated_Source\PSoC4/CAN_INT.c ****         CAN_INT_SR_REG = CAN_RTR_MSG_MASK;
 490:Generated_Source\PSoC4/CAN_INT.c **** 
 491:Generated_Source\PSoC4/CAN_INT.c ****         /* `#START RTR_AUTO_MSG_SENT_ISR` */
 492:Generated_Source\PSoC4/CAN_INT.c **** 
 493:Generated_Source\PSoC4/CAN_INT.c ****         /* `#END` */
 494:Generated_Source\PSoC4/CAN_INT.c **** 
 495:Generated_Source\PSoC4/CAN_INT.c ****         #ifdef CAN_RTR_AUTO_MSG_SENT_ISR_CALLBACK
 496:Generated_Source\PSoC4/CAN_INT.c ****             CAN_RtrAutoMsgSentIsr_Callback();
 497:Generated_Source\PSoC4/CAN_INT.c ****         #endif /* CAN_RTR_AUTO_MSG_SENT_ISR_CALLBACK */
 498:Generated_Source\PSoC4/CAN_INT.c ****     }
 499:Generated_Source\PSoC4/CAN_INT.c **** #endif /* CAN_RTR_AUTO_MSG_SENT */
ARM GAS  C:\Users\Melody\AppData\Local\Temp\ccwPC3uH.s 			page 14


 500:Generated_Source\PSoC4/CAN_INT.c **** 
 501:Generated_Source\PSoC4/CAN_INT.c **** 
 502:Generated_Source\PSoC4/CAN_INT.c **** #if (CAN_STUCK_AT_ZERO)
 503:Generated_Source\PSoC4/CAN_INT.c ****     /*******************************************************************************
 504:Generated_Source\PSoC4/CAN_INT.c ****     * FUNCTION NAME:   CAN_StuckAtZeroIsr
 505:Generated_Source\PSoC4/CAN_INT.c ****     ********************************************************************************
 506:Generated_Source\PSoC4/CAN_INT.c ****     *
 507:Generated_Source\PSoC4/CAN_INT.c ****     * Summary:
 508:Generated_Source\PSoC4/CAN_INT.c ****     *  This function is the entry point to the stuck at dominant bit Interrupt.
 509:Generated_Source\PSoC4/CAN_INT.c ****     *  It is only generated if stuck at zero Interrupt is enabled in Customizer.
 510:Generated_Source\PSoC4/CAN_INT.c ****     *  Enabling this interrupt is recommended.
 511:Generated_Source\PSoC4/CAN_INT.c ****     *
 512:Generated_Source\PSoC4/CAN_INT.c ****     * Parameters:
 513:Generated_Source\PSoC4/CAN_INT.c ****     *  None.
 514:Generated_Source\PSoC4/CAN_INT.c ****     *
 515:Generated_Source\PSoC4/CAN_INT.c ****     * Return:
 516:Generated_Source\PSoC4/CAN_INT.c ****     *  None.
 517:Generated_Source\PSoC4/CAN_INT.c ****     *
 518:Generated_Source\PSoC4/CAN_INT.c ****     * Side Effects:
 519:Generated_Source\PSoC4/CAN_INT.c ****     *  Stops CAN component operation.
 520:Generated_Source\PSoC4/CAN_INT.c ****     *
 521:Generated_Source\PSoC4/CAN_INT.c ****     *******************************************************************************/
 522:Generated_Source\PSoC4/CAN_INT.c ****     void CAN_StuckAtZeroIsr(void)
 523:Generated_Source\PSoC4/CAN_INT.c ****     {
 524:Generated_Source\PSoC4/CAN_INT.c ****         /* Clear Stuck at dominant error flag */
 525:Generated_Source\PSoC4/CAN_INT.c ****         CAN_INT_SR_REG = CAN_STUCK_AT_ZERO_MASK;
 526:Generated_Source\PSoC4/CAN_INT.c **** 
 527:Generated_Source\PSoC4/CAN_INT.c ****         /* `#START STUCK_AT_ZERO_ISR` */
 528:Generated_Source\PSoC4/CAN_INT.c **** 
 529:Generated_Source\PSoC4/CAN_INT.c ****         /* `#END` */
 530:Generated_Source\PSoC4/CAN_INT.c **** 
 531:Generated_Source\PSoC4/CAN_INT.c ****         #ifdef CAN_STUCK_AT_ZERO_ISR_CALLBACK
 532:Generated_Source\PSoC4/CAN_INT.c ****             CAN_StuckAtZeroIsr_Callback();
 533:Generated_Source\PSoC4/CAN_INT.c ****         #endif /* CAN_STUCK_AT_ZERO_ISR_CALLBACK */
 534:Generated_Source\PSoC4/CAN_INT.c **** 
 535:Generated_Source\PSoC4/CAN_INT.c ****         (void) CAN_Stop();
 536:Generated_Source\PSoC4/CAN_INT.c ****     }
 537:Generated_Source\PSoC4/CAN_INT.c **** #endif /* CAN_STUCK_AT_ZERO */
 538:Generated_Source\PSoC4/CAN_INT.c **** 
 539:Generated_Source\PSoC4/CAN_INT.c **** 
 540:Generated_Source\PSoC4/CAN_INT.c **** #if (CAN_SST_FAILURE)
 541:Generated_Source\PSoC4/CAN_INT.c ****     /*******************************************************************************
 542:Generated_Source\PSoC4/CAN_INT.c ****     * FUNCTION NAME:   CAN_SSTErrorIsr
 543:Generated_Source\PSoC4/CAN_INT.c ****     ********************************************************************************
 544:Generated_Source\PSoC4/CAN_INT.c ****     *
 545:Generated_Source\PSoC4/CAN_INT.c ****     * Summary:
 546:Generated_Source\PSoC4/CAN_INT.c ****     *  This function is the entry point to the single shot transmission error
 547:Generated_Source\PSoC4/CAN_INT.c ****     *  Interrupt. It is only generated if the single shot transmission Interrupt
 548:Generated_Source\PSoC4/CAN_INT.c ****     *  is enabled in Customizer. Generated when the mailbox set for single shot
 549:Generated_Source\PSoC4/CAN_INT.c ****     *  transmission experienced an arbitration loss or a bus error during
 550:Generated_Source\PSoC4/CAN_INT.c ****     *  transmission.
 551:Generated_Source\PSoC4/CAN_INT.c ****     *
 552:Generated_Source\PSoC4/CAN_INT.c ****     * Parameters:
 553:Generated_Source\PSoC4/CAN_INT.c ****     *  None.
 554:Generated_Source\PSoC4/CAN_INT.c ****     *
 555:Generated_Source\PSoC4/CAN_INT.c ****     * Return:
 556:Generated_Source\PSoC4/CAN_INT.c ****     *  None.
ARM GAS  C:\Users\Melody\AppData\Local\Temp\ccwPC3uH.s 			page 15


 557:Generated_Source\PSoC4/CAN_INT.c ****     *
 558:Generated_Source\PSoC4/CAN_INT.c ****     * Side Effects:
 559:Generated_Source\PSoC4/CAN_INT.c ****     *  Removes message that failed SST transmission from the Tx mailbox.
 560:Generated_Source\PSoC4/CAN_INT.c ****     *
 561:Generated_Source\PSoC4/CAN_INT.c ****     *******************************************************************************/
 562:Generated_Source\PSoC4/CAN_INT.c ****     void CAN_SSTErrorIsr(void)
 563:Generated_Source\PSoC4/CAN_INT.c ****     {
 564:Generated_Source\PSoC4/CAN_INT.c ****         uint8 i;
 565:Generated_Source\PSoC4/CAN_INT.c **** 
 566:Generated_Source\PSoC4/CAN_INT.c ****         /* Clear Single shot transmission failure flag */
 567:Generated_Source\PSoC4/CAN_INT.c ****         CAN_INT_SR_REG = CAN_SST_FAILURE_MASK;
 568:Generated_Source\PSoC4/CAN_INT.c **** 
 569:Generated_Source\PSoC4/CAN_INT.c ****         /* `#START SST_FAILURE_ISR_PRE` */
 570:Generated_Source\PSoC4/CAN_INT.c **** 
 571:Generated_Source\PSoC4/CAN_INT.c ****         /* `#END` */
 572:Generated_Source\PSoC4/CAN_INT.c **** 
 573:Generated_Source\PSoC4/CAN_INT.c ****         #ifdef CAN_SST_ERROR_ISR_PRE_CALLBACK
 574:Generated_Source\PSoC4/CAN_INT.c ****             CAN_SSTErrorIsr_Pre_Callback();
 575:Generated_Source\PSoC4/CAN_INT.c ****         #endif /* CAN_SST_ERROR_ISR_PRE_CALLBACK */
 576:Generated_Source\PSoC4/CAN_INT.c **** 
 577:Generated_Source\PSoC4/CAN_INT.c ****         /* Removes message that failed SST transmission from the Tx mailbox */
 578:Generated_Source\PSoC4/CAN_INT.c ****         for (i = 0u; i < CAN_NUMBER_OF_TX_MAILBOXES; i++)
 579:Generated_Source\PSoC4/CAN_INT.c ****         {
 580:Generated_Source\PSoC4/CAN_INT.c ****             if ((CAN_TX_CMD_REG(i) & CAN_TX_ABORT_MASK) != 0u)
 581:Generated_Source\PSoC4/CAN_INT.c ****             {
 582:Generated_Source\PSoC4/CAN_INT.c ****                 CAN_TX_CMD_REG(i) = (CAN_TX_CMD_REG(i) & (uint32) (~(uint32) CAN_TX_TRANSMIT_REQUES
 583:Generated_Source\PSoC4/CAN_INT.c ****                                     CAN_TX_ABORT_MASK;
 584:Generated_Source\PSoC4/CAN_INT.c ****             }
 585:Generated_Source\PSoC4/CAN_INT.c ****         }
 586:Generated_Source\PSoC4/CAN_INT.c **** 
 587:Generated_Source\PSoC4/CAN_INT.c ****         /* `#START SST_FAILURE_ISR_POST` */
 588:Generated_Source\PSoC4/CAN_INT.c **** 
 589:Generated_Source\PSoC4/CAN_INT.c ****         /* `#END` */
 590:Generated_Source\PSoC4/CAN_INT.c **** 
 591:Generated_Source\PSoC4/CAN_INT.c ****         #ifdef CAN_SST_ERROR_ISR_POST_CALLBACK
 592:Generated_Source\PSoC4/CAN_INT.c ****             CAN_SSTErrorIsr_Post_Callback();
 593:Generated_Source\PSoC4/CAN_INT.c ****         #endif /* CAN_SST_ERROR_ISR_POST_CALLBACK */
 594:Generated_Source\PSoC4/CAN_INT.c ****     }
 595:Generated_Source\PSoC4/CAN_INT.c **** #endif /* CAN_SST_FAILURE */
 596:Generated_Source\PSoC4/CAN_INT.c **** 
 597:Generated_Source\PSoC4/CAN_INT.c **** 
 598:Generated_Source\PSoC4/CAN_INT.c **** /*******************************************************************************
 599:Generated_Source\PSoC4/CAN_INT.c **** * Function Name: CAN_ISR
 600:Generated_Source\PSoC4/CAN_INT.c **** ********************************************************************************
 601:Generated_Source\PSoC4/CAN_INT.c **** *
 602:Generated_Source\PSoC4/CAN_INT.c **** * Summary:
 603:Generated_Source\PSoC4/CAN_INT.c **** *  This ISR is executed when CAN Core generates and interrupt on one of events:
 604:Generated_Source\PSoC4/CAN_INT.c **** *  Arb_lost, Overload, Bit_err, Stuff_err, Ack_err, Form_err, Crc_err,
 605:Generated_Source\PSoC4/CAN_INT.c **** *  Buss_off, Rx_msg_lost, Tx_msg or Rx_msg. The interrupt sources depends
 606:Generated_Source\PSoC4/CAN_INT.c **** *  on the Customizer inputs.
 607:Generated_Source\PSoC4/CAN_INT.c **** *
 608:Generated_Source\PSoC4/CAN_INT.c **** * Parameters:
 609:Generated_Source\PSoC4/CAN_INT.c **** *  None.
 610:Generated_Source\PSoC4/CAN_INT.c **** *
 611:Generated_Source\PSoC4/CAN_INT.c **** * Return:
 612:Generated_Source\PSoC4/CAN_INT.c **** *  None.
 613:Generated_Source\PSoC4/CAN_INT.c **** *
ARM GAS  C:\Users\Melody\AppData\Local\Temp\ccwPC3uH.s 			page 16


 614:Generated_Source\PSoC4/CAN_INT.c **** *******************************************************************************/
 615:Generated_Source\PSoC4/CAN_INT.c **** CY_ISR(CAN_ISR)
 616:Generated_Source\PSoC4/CAN_INT.c **** {
 237              		.loc 1 616 0
 238              		.cfi_startproc
 239              		@ args = 0, pretend = 0, frame = 0
 240              		@ frame_needed = 0, uses_anonymous_args = 0
 617:Generated_Source\PSoC4/CAN_INT.c ****     #ifdef CAN_ISR_INTERRUPT_CALLBACK
 618:Generated_Source\PSoC4/CAN_INT.c ****         CAN_ISR_InterruptCallback();
 619:Generated_Source\PSoC4/CAN_INT.c ****     #endif /* CAN_ISR_INTERRUPT_CALLBACK */
 620:Generated_Source\PSoC4/CAN_INT.c ****     
 621:Generated_Source\PSoC4/CAN_INT.c ****     /* Place your Interrupt code here. */
 622:Generated_Source\PSoC4/CAN_INT.c ****     /* `#START CAN_ISR` */
 623:Generated_Source\PSoC4/CAN_INT.c **** 
 624:Generated_Source\PSoC4/CAN_INT.c ****     /* `#END` */
 625:Generated_Source\PSoC4/CAN_INT.c ****     
 626:Generated_Source\PSoC4/CAN_INT.c ****     /* Arbitration */
 627:Generated_Source\PSoC4/CAN_INT.c ****     #if (CAN_ARB_LOST && (CAN_ARB_LOST_USE_HELPER || \
 628:Generated_Source\PSoC4/CAN_INT.c ****         (!CAN_ADVANCED_INTERRUPT_CFG)))
 629:Generated_Source\PSoC4/CAN_INT.c ****         if ((CAN_INT_SR_REG & CAN_ARBITRATION_LOST_MASK) != 0u)
 630:Generated_Source\PSoC4/CAN_INT.c ****         {
 631:Generated_Source\PSoC4/CAN_INT.c ****             CAN_ArbLostIsr();
 632:Generated_Source\PSoC4/CAN_INT.c ****         }
 633:Generated_Source\PSoC4/CAN_INT.c ****     #endif /* CAN_ARB_LOST && CAN_ARB_LOST_USE_HELPER */
 634:Generated_Source\PSoC4/CAN_INT.c **** 
 635:Generated_Source\PSoC4/CAN_INT.c ****     /* Overload Error */
 636:Generated_Source\PSoC4/CAN_INT.c ****     #if (CAN_OVERLOAD && (CAN_OVERLOAD_USE_HELPER || \
 637:Generated_Source\PSoC4/CAN_INT.c ****         (!CAN_ADVANCED_INTERRUPT_CFG)))
 638:Generated_Source\PSoC4/CAN_INT.c ****         if ((CAN_INT_SR_REG & CAN_OVERLOAD_ERROR_MASK) != 0u)
 639:Generated_Source\PSoC4/CAN_INT.c ****         {
 640:Generated_Source\PSoC4/CAN_INT.c ****             CAN_OvrLdErrorIsr();
 641:Generated_Source\PSoC4/CAN_INT.c ****         }
 642:Generated_Source\PSoC4/CAN_INT.c ****     #endif /* CAN_OVERLOAD && CAN_OVERLOAD_USE_HELPER */
 643:Generated_Source\PSoC4/CAN_INT.c **** 
 644:Generated_Source\PSoC4/CAN_INT.c ****     /* Bit Error */
 645:Generated_Source\PSoC4/CAN_INT.c ****     #if (CAN_BIT_ERR && (CAN_BIT_ERR_USE_HELPER || \
 646:Generated_Source\PSoC4/CAN_INT.c ****         (!CAN_ADVANCED_INTERRUPT_CFG)))
 647:Generated_Source\PSoC4/CAN_INT.c ****         if ((CAN_INT_SR_REG & CAN_BIT_ERROR_MASK) != 0u)
 648:Generated_Source\PSoC4/CAN_INT.c ****         {
 649:Generated_Source\PSoC4/CAN_INT.c ****             CAN_BitErrorIsr();
 650:Generated_Source\PSoC4/CAN_INT.c ****         }
 651:Generated_Source\PSoC4/CAN_INT.c ****     #endif /* CAN_BIT_ERR && CAN_BIT_ERR_USE_HELPER */
 652:Generated_Source\PSoC4/CAN_INT.c **** 
 653:Generated_Source\PSoC4/CAN_INT.c ****     /* Bit Staff Error */
 654:Generated_Source\PSoC4/CAN_INT.c ****     #if (CAN_STUFF_ERR && (CAN_STUFF_ERR_USE_HELPER || \
 655:Generated_Source\PSoC4/CAN_INT.c ****         (!CAN_ADVANCED_INTERRUPT_CFG)))
 656:Generated_Source\PSoC4/CAN_INT.c ****         if ((CAN_INT_SR_REG & CAN_STUFF_ERROR_MASK) != 0u)
 657:Generated_Source\PSoC4/CAN_INT.c ****         {
 658:Generated_Source\PSoC4/CAN_INT.c ****             CAN_BitStuffErrorIsr();
 659:Generated_Source\PSoC4/CAN_INT.c ****         }
 660:Generated_Source\PSoC4/CAN_INT.c ****     #endif /* CAN_STUFF_ERR && CAN_STUFF_ERR_USE_HELPER */
 661:Generated_Source\PSoC4/CAN_INT.c **** 
 662:Generated_Source\PSoC4/CAN_INT.c ****     /* ACK Error */
 663:Generated_Source\PSoC4/CAN_INT.c ****     #if (CAN_ACK_ERR && (CAN_ACK_ERR_USE_HELPER || \
 664:Generated_Source\PSoC4/CAN_INT.c ****         (!CAN_ADVANCED_INTERRUPT_CFG)))
 665:Generated_Source\PSoC4/CAN_INT.c ****         if ((CAN_INT_SR_REG & CAN_ACK_ERROR_MASK) != 0u)
 666:Generated_Source\PSoC4/CAN_INT.c ****         {
ARM GAS  C:\Users\Melody\AppData\Local\Temp\ccwPC3uH.s 			page 17


 667:Generated_Source\PSoC4/CAN_INT.c ****             CAN_AckErrorIsr();
 668:Generated_Source\PSoC4/CAN_INT.c ****         }
 669:Generated_Source\PSoC4/CAN_INT.c ****     #endif /* CAN_ACK_ERR && CAN_ACK_ERR_USE_HELPER */
 670:Generated_Source\PSoC4/CAN_INT.c **** 
 671:Generated_Source\PSoC4/CAN_INT.c ****     /* Form(msg) Error */
 672:Generated_Source\PSoC4/CAN_INT.c ****     #if (CAN_FORM_ERR && (CAN_FORM_ERR_USE_HELPER || \
 673:Generated_Source\PSoC4/CAN_INT.c ****         (!CAN_ADVANCED_INTERRUPT_CFG)))
 674:Generated_Source\PSoC4/CAN_INT.c ****         if ((CAN_INT_SR_REG & CAN_FORM_ERROR_MASK) != 0u)
 675:Generated_Source\PSoC4/CAN_INT.c ****         {
 676:Generated_Source\PSoC4/CAN_INT.c ****             CAN_MsgErrorIsr();
 677:Generated_Source\PSoC4/CAN_INT.c ****         }
 678:Generated_Source\PSoC4/CAN_INT.c ****     #endif /* CAN_FORM_ERR && CAN_FORM_ERR_USE_HELPER */
 679:Generated_Source\PSoC4/CAN_INT.c **** 
 680:Generated_Source\PSoC4/CAN_INT.c ****     /* CRC Error */
 681:Generated_Source\PSoC4/CAN_INT.c ****     #if (CAN_CRC_ERR && (CAN_CRC_ERR_USE_HELPER || \
 682:Generated_Source\PSoC4/CAN_INT.c ****         (!CAN_ADVANCED_INTERRUPT_CFG)))
 683:Generated_Source\PSoC4/CAN_INT.c ****         if ((CAN_INT_SR_REG & CAN_CRC_ERROR_MASK) != 0u)
 684:Generated_Source\PSoC4/CAN_INT.c ****         {
 685:Generated_Source\PSoC4/CAN_INT.c ****             CAN_CrcErrorIsr();
 686:Generated_Source\PSoC4/CAN_INT.c ****         }
 687:Generated_Source\PSoC4/CAN_INT.c ****     #endif /* CAN_CRC_ERR && CAN_CRC_ERR_USE_HELPER */
 688:Generated_Source\PSoC4/CAN_INT.c **** 
 689:Generated_Source\PSoC4/CAN_INT.c ****     /* Bus Off state */
 690:Generated_Source\PSoC4/CAN_INT.c ****     #if (CAN_BUS_OFF && (CAN_BUS_OFF_USE_HELPER || \
 691:Generated_Source\PSoC4/CAN_INT.c ****         (!CAN_ADVANCED_INTERRUPT_CFG)))
 692:Generated_Source\PSoC4/CAN_INT.c ****         if ((CAN_INT_SR_REG & CAN_BUS_OFF_MASK) != 0u)
 241              		.loc 1 692 0
 242 0000 064B     		ldr	r3, .L39
 616:Generated_Source\PSoC4/CAN_INT.c ****     #ifdef CAN_ISR_INTERRUPT_CALLBACK
 243              		.loc 1 616 0
 244 0002 10B5     		push	{r4, lr}
 245              		.cfi_def_cfa_offset 8
 246              		.cfi_offset 4, -8
 247              		.cfi_offset 14, -4
 248              		.loc 1 692 0
 249 0004 1A68     		ldr	r2, [r3]
 250 0006 1C00     		movs	r4, r3
 251 0008 9305     		lsls	r3, r2, #22
 252 000a 01D5     		bpl	.L31
 693:Generated_Source\PSoC4/CAN_INT.c ****         {
 694:Generated_Source\PSoC4/CAN_INT.c ****             CAN_BusOffIsr();
 253              		.loc 1 694 0
 254 000c FFF7FEFF 		bl	CAN_BusOffIsr
 255              	.LVL31:
 256              	.L31:
 695:Generated_Source\PSoC4/CAN_INT.c ****         }
 696:Generated_Source\PSoC4/CAN_INT.c ****     #endif /* CAN_BUS_OFF && CAN_BUS_OFF_USE_HELPER */
 697:Generated_Source\PSoC4/CAN_INT.c **** 
 698:Generated_Source\PSoC4/CAN_INT.c ****     /* Message Lost */
 699:Generated_Source\PSoC4/CAN_INT.c ****     #if (CAN_RX_MSG_LOST && (CAN_RX_MSG_LOST_USE_HELPER || \
 700:Generated_Source\PSoC4/CAN_INT.c ****         (!CAN_ADVANCED_INTERRUPT_CFG)))
 701:Generated_Source\PSoC4/CAN_INT.c ****         if ((CAN_INT_SR_REG & CAN_RX_MSG_LOST_MASK) != 0u)
 702:Generated_Source\PSoC4/CAN_INT.c ****         {
 703:Generated_Source\PSoC4/CAN_INT.c ****             CAN_MsgLostIsr();
 704:Generated_Source\PSoC4/CAN_INT.c ****         }
 705:Generated_Source\PSoC4/CAN_INT.c ****     #endif /* CAN_RX_MSG_LOST && CAN_RX_MSG_LOST_USE_HELPER */
 706:Generated_Source\PSoC4/CAN_INT.c **** 
ARM GAS  C:\Users\Melody\AppData\Local\Temp\ccwPC3uH.s 			page 18


 707:Generated_Source\PSoC4/CAN_INT.c ****     /* TX Message Send */
 708:Generated_Source\PSoC4/CAN_INT.c ****     #if (CAN_TX_MESSAGE && (CAN_TX_MESSAGE_USE_HELPER || \
 709:Generated_Source\PSoC4/CAN_INT.c ****         (!CAN_ADVANCED_INTERRUPT_CFG)))
 710:Generated_Source\PSoC4/CAN_INT.c ****         if ((CAN_INT_SR_REG & CAN_TX_MESSAGE_MASK) != 0u)
 711:Generated_Source\PSoC4/CAN_INT.c ****         {
 712:Generated_Source\PSoC4/CAN_INT.c ****             CAN_MsgTXIsr();
 713:Generated_Source\PSoC4/CAN_INT.c ****         }
 714:Generated_Source\PSoC4/CAN_INT.c ****     #endif /* CAN_TX_MESSAGE && CAN_TX_MESSAGE_USE_HELPER */
 715:Generated_Source\PSoC4/CAN_INT.c **** 
 716:Generated_Source\PSoC4/CAN_INT.c ****     /* RX Message Available */
 717:Generated_Source\PSoC4/CAN_INT.c ****     #if (CAN_RX_MESSAGE && (CAN_RX_MESSAGE_USE_HELPER || \
 718:Generated_Source\PSoC4/CAN_INT.c ****         (!CAN_ADVANCED_INTERRUPT_CFG)))
 719:Generated_Source\PSoC4/CAN_INT.c ****         if ((CAN_INT_SR_REG & CAN_RX_MESSAGE_MASK) != 0u)
 257              		.loc 1 719 0
 258 0010 2368     		ldr	r3, [r4]
 259 0012 DB04     		lsls	r3, r3, #19
 260 0014 01D5     		bpl	.L30
 720:Generated_Source\PSoC4/CAN_INT.c ****         {
 721:Generated_Source\PSoC4/CAN_INT.c ****             CAN_MsgRXIsr();
 261              		.loc 1 721 0
 262 0016 FFF7FEFF 		bl	CAN_MsgRXIsr
 263              	.LVL32:
 264              	.L30:
 722:Generated_Source\PSoC4/CAN_INT.c ****         }
 723:Generated_Source\PSoC4/CAN_INT.c ****     #endif /* CAN_RX_MESSAGE && CAN_RX_MESSAGE_USE_HELPER */
 724:Generated_Source\PSoC4/CAN_INT.c **** 
 725:Generated_Source\PSoC4/CAN_INT.c ****     /* RTR Auto-reply Message Sent */
 726:Generated_Source\PSoC4/CAN_INT.c ****     #if (CAN_RTR_AUTO_MSG_SENT && (CAN_RTR_MESSAGE_USE_HELPER || \
 727:Generated_Source\PSoC4/CAN_INT.c ****         (!CAN_ADVANCED_INTERRUPT_CFG)))
 728:Generated_Source\PSoC4/CAN_INT.c ****         if ((CAN_INT_SR_REG & CAN_RTR_MSG_MASK) != 0u)
 729:Generated_Source\PSoC4/CAN_INT.c ****         {
 730:Generated_Source\PSoC4/CAN_INT.c ****             CAN_RtrAutoMsgSentIsr();
 731:Generated_Source\PSoC4/CAN_INT.c ****         }
 732:Generated_Source\PSoC4/CAN_INT.c ****     #endif /* CAN_RTR_AUTO_MSG_SENT && CAN_RTR_MESSAGE_USE_HELPER */
 733:Generated_Source\PSoC4/CAN_INT.c **** 
 734:Generated_Source\PSoC4/CAN_INT.c ****     /* Stuck at dominant error */
 735:Generated_Source\PSoC4/CAN_INT.c ****     #if (CAN_STUCK_AT_ZERO && (CAN_STUCK_AT_ZERO_USE_HELPER || \
 736:Generated_Source\PSoC4/CAN_INT.c ****         (!CAN_ADVANCED_INTERRUPT_CFG)))
 737:Generated_Source\PSoC4/CAN_INT.c ****         if ((CAN_INT_SR_REG & CAN_STUCK_AT_ZERO_MASK) != 0u)
 738:Generated_Source\PSoC4/CAN_INT.c ****         {
 739:Generated_Source\PSoC4/CAN_INT.c ****             CAN_StuckAtZeroIsr();
 740:Generated_Source\PSoC4/CAN_INT.c ****         }
 741:Generated_Source\PSoC4/CAN_INT.c ****     #endif /* CAN_STUCK_AT_ZERO && CAN_STUCK_AT_ZERO_USE_HELPER */
 742:Generated_Source\PSoC4/CAN_INT.c **** 
 743:Generated_Source\PSoC4/CAN_INT.c ****     /* Single shot transmission failure */
 744:Generated_Source\PSoC4/CAN_INT.c ****     #if (CAN_SST_FAILURE && (CAN_SST_FAILURE_USE_HELPER || \
 745:Generated_Source\PSoC4/CAN_INT.c ****         (!CAN_ADVANCED_INTERRUPT_CFG)))
 746:Generated_Source\PSoC4/CAN_INT.c ****         if ((CAN_INT_SR_REG & CAN_SST_FAILURE_MASK) != 0u)
 747:Generated_Source\PSoC4/CAN_INT.c ****         {
 748:Generated_Source\PSoC4/CAN_INT.c ****             CAN_SSTErrorIsr();
 749:Generated_Source\PSoC4/CAN_INT.c ****         }
 750:Generated_Source\PSoC4/CAN_INT.c ****     #endif /* CAN_SST_FAILURE && CAN_SST_FAILURE_USE_HELPER */
 751:Generated_Source\PSoC4/CAN_INT.c **** }
 265              		.loc 1 751 0
 266              		@ sp needed
 267 001a 10BD     		pop	{r4, pc}
 268              	.L40:
ARM GAS  C:\Users\Melody\AppData\Local\Temp\ccwPC3uH.s 			page 19


 269              		.align	2
 270              	.L39:
 271 001c 00002F40 		.word	1076822016
 272              		.cfi_endproc
 273              	.LFE3:
 274              		.size	CAN_ISR, .-CAN_ISR
 275              		.text
 276              	.Letext0:
 277              		.file 2 "Generated_Source\\PSoC4\\cytypes.h"
 278              		.file 3 "Generated_Source\\PSoC4\\CAN.h"
 279              		.section	.debug_info,"",%progbits
 280              	.Ldebug_info0:
 281 0000 2A030000 		.4byte	0x32a
 282 0004 0400     		.2byte	0x4
 283 0006 00000000 		.4byte	.Ldebug_abbrev0
 284 000a 04       		.byte	0x4
 285 000b 01       		.uleb128 0x1
 286 000c 16030000 		.4byte	.LASF48
 287 0010 0C       		.byte	0xc
 288 0011 9F000000 		.4byte	.LASF49
 289 0015 1B000000 		.4byte	.LASF50
 290 0019 00000000 		.4byte	.Ldebug_ranges0+0
 291 001d 00000000 		.4byte	0
 292 0021 00000000 		.4byte	.Ldebug_line0
 293 0025 02       		.uleb128 0x2
 294 0026 01       		.byte	0x1
 295 0027 06       		.byte	0x6
 296 0028 E9020000 		.4byte	.LASF0
 297 002c 02       		.uleb128 0x2
 298 002d 01       		.byte	0x1
 299 002e 08       		.byte	0x8
 300 002f 47010000 		.4byte	.LASF1
 301 0033 02       		.uleb128 0x2
 302 0034 02       		.byte	0x2
 303 0035 05       		.byte	0x5
 304 0036 A2020000 		.4byte	.LASF2
 305 003a 02       		.uleb128 0x2
 306 003b 02       		.byte	0x2
 307 003c 07       		.byte	0x7
 308 003d DF000000 		.4byte	.LASF3
 309 0041 02       		.uleb128 0x2
 310 0042 04       		.byte	0x4
 311 0043 05       		.byte	0x5
 312 0044 CE020000 		.4byte	.LASF4
 313 0048 02       		.uleb128 0x2
 314 0049 04       		.byte	0x4
 315 004a 07       		.byte	0x7
 316 004b 5F010000 		.4byte	.LASF5
 317 004f 02       		.uleb128 0x2
 318 0050 08       		.byte	0x8
 319 0051 05       		.byte	0x5
 320 0052 69020000 		.4byte	.LASF6
 321 0056 02       		.uleb128 0x2
 322 0057 08       		.byte	0x8
 323 0058 07       		.byte	0x7
 324 0059 D2010000 		.4byte	.LASF7
 325 005d 03       		.uleb128 0x3
ARM GAS  C:\Users\Melody\AppData\Local\Temp\ccwPC3uH.s 			page 20


 326 005e 04       		.byte	0x4
 327 005f 05       		.byte	0x5
 328 0060 696E7400 		.ascii	"int\000"
 329 0064 02       		.uleb128 0x2
 330 0065 04       		.byte	0x4
 331 0066 07       		.byte	0x7
 332 0067 C5010000 		.4byte	.LASF8
 333 006b 04       		.uleb128 0x4
 334 006c 71010000 		.4byte	.LASF9
 335 0070 02       		.byte	0x2
 336 0071 FC01     		.2byte	0x1fc
 337 0073 2C000000 		.4byte	0x2c
 338 0077 04       		.uleb128 0x4
 339 0078 B7010000 		.4byte	.LASF10
 340 007c 02       		.byte	0x2
 341 007d FD01     		.2byte	0x1fd
 342 007f 3A000000 		.4byte	0x3a
 343 0083 04       		.uleb128 0x4
 344 0084 BE010000 		.4byte	.LASF11
 345 0088 02       		.byte	0x2
 346 0089 FE01     		.2byte	0x1fe
 347 008b 48000000 		.4byte	0x48
 348 008f 02       		.uleb128 0x2
 349 0090 04       		.byte	0x4
 350 0091 04       		.byte	0x4
 351 0092 41010000 		.4byte	.LASF12
 352 0096 02       		.uleb128 0x2
 353 0097 08       		.byte	0x8
 354 0098 04       		.byte	0x4
 355 0099 A2010000 		.4byte	.LASF13
 356 009d 02       		.uleb128 0x2
 357 009e 01       		.byte	0x1
 358 009f 08       		.byte	0x8
 359 00a0 77020000 		.4byte	.LASF14
 360 00a4 04       		.uleb128 0x4
 361 00a5 5A010000 		.4byte	.LASF15
 362 00a9 02       		.byte	0x2
 363 00aa A602     		.2byte	0x2a6
 364 00ac B0000000 		.4byte	0xb0
 365 00b0 05       		.uleb128 0x5
 366 00b1 6B000000 		.4byte	0x6b
 367 00b5 04       		.uleb128 0x4
 368 00b6 D7020000 		.4byte	.LASF16
 369 00ba 02       		.byte	0x2
 370 00bb A802     		.2byte	0x2a8
 371 00bd C1000000 		.4byte	0xc1
 372 00c1 05       		.uleb128 0x5
 373 00c2 83000000 		.4byte	0x83
 374 00c6 02       		.uleb128 0x2
 375 00c7 08       		.byte	0x8
 376 00c8 04       		.byte	0x4
 377 00c9 DD020000 		.4byte	.LASF17
 378 00cd 02       		.uleb128 0x2
 379 00ce 04       		.byte	0x4
 380 00cf 07       		.byte	0x7
 381 00d0 59020000 		.4byte	.LASF18
 382 00d4 06       		.uleb128 0x6
ARM GAS  C:\Users\Melody\AppData\Local\Temp\ccwPC3uH.s 			page 21


 383 00d5 08       		.byte	0x8
 384 00d6 03       		.byte	0x3
 385 00d7 75       		.byte	0x75
 386 00d8 E9000000 		.4byte	0xe9
 387 00dc 07       		.uleb128 0x7
 388 00dd F2000000 		.4byte	.LASF20
 389 00e1 03       		.byte	0x3
 390 00e2 77       		.byte	0x77
 391 00e3 F9000000 		.4byte	0xf9
 392 00e7 00       		.byte	0
 393 00e8 00       		.byte	0
 394 00e9 08       		.uleb128 0x8
 395 00ea A4000000 		.4byte	0xa4
 396 00ee F9000000 		.4byte	0xf9
 397 00f2 09       		.uleb128 0x9
 398 00f3 CD000000 		.4byte	0xcd
 399 00f7 07       		.byte	0x7
 400 00f8 00       		.byte	0
 401 00f9 05       		.uleb128 0x5
 402 00fa E9000000 		.4byte	0xe9
 403 00fe 0A       		.uleb128 0xa
 404 00ff 90000000 		.4byte	.LASF19
 405 0103 03       		.byte	0x3
 406 0104 78       		.byte	0x78
 407 0105 D4000000 		.4byte	0xd4
 408 0109 06       		.uleb128 0x6
 409 010a 04       		.byte	0x4
 410 010b 03       		.byte	0x3
 411 010c 7B       		.byte	0x7b
 412 010d 1E010000 		.4byte	0x11e
 413 0111 07       		.uleb128 0x7
 414 0112 F2000000 		.4byte	.LASF20
 415 0116 03       		.byte	0x3
 416 0117 7D       		.byte	0x7d
 417 0118 2E010000 		.4byte	0x12e
 418 011c 00       		.byte	0
 419 011d 00       		.byte	0
 420 011e 08       		.uleb128 0x8
 421 011f A4000000 		.4byte	0xa4
 422 0123 2E010000 		.4byte	0x12e
 423 0127 09       		.uleb128 0x9
 424 0128 CD000000 		.4byte	0xcd
 425 012c 03       		.byte	0x3
 426 012d 00       		.byte	0
 427 012e 05       		.uleb128 0x5
 428 012f 1E010000 		.4byte	0x11e
 429 0133 0A       		.uleb128 0xa
 430 0134 D4000000 		.4byte	.LASF21
 431 0138 03       		.byte	0x3
 432 0139 7E       		.byte	0x7e
 433 013a 09010000 		.4byte	0x109
 434 013e 06       		.uleb128 0x6
 435 013f 20       		.byte	0x20
 436 0140 03       		.byte	0x3
 437 0141 A0       		.byte	0xa0
 438 0142 9B010000 		.4byte	0x19b
 439 0146 07       		.uleb128 0x7
ARM GAS  C:\Users\Melody\AppData\Local\Temp\ccwPC3uH.s 			page 22


 440 0147 2E020000 		.4byte	.LASF22
 441 014b 03       		.byte	0x3
 442 014c A2       		.byte	0xa2
 443 014d 33010000 		.4byte	0x133
 444 0151 00       		.byte	0
 445 0152 07       		.uleb128 0x7
 446 0153 55010000 		.4byte	.LASF23
 447 0157 03       		.byte	0x3
 448 0158 A3       		.byte	0xa3
 449 0159 33010000 		.4byte	0x133
 450 015d 04       		.byte	0x4
 451 015e 07       		.uleb128 0x7
 452 015f F7000000 		.4byte	.LASF24
 453 0163 03       		.byte	0x3
 454 0164 A4       		.byte	0xa4
 455 0165 FE000000 		.4byte	0xfe
 456 0169 08       		.byte	0x8
 457 016a 07       		.uleb128 0x7
 458 016b C0000000 		.4byte	.LASF25
 459 016f 03       		.byte	0x3
 460 0170 A5       		.byte	0xa5
 461 0171 33010000 		.4byte	0x133
 462 0175 10       		.byte	0x10
 463 0176 07       		.uleb128 0x7
 464 0177 AC020000 		.4byte	.LASF26
 465 017b 03       		.byte	0x3
 466 017c A6       		.byte	0xa6
 467 017d 33010000 		.4byte	0x133
 468 0181 14       		.byte	0x14
 469 0182 07       		.uleb128 0x7
 470 0183 62020000 		.4byte	.LASF27
 471 0187 03       		.byte	0x3
 472 0188 A7       		.byte	0xa7
 473 0189 33010000 		.4byte	0x133
 474 018d 18       		.byte	0x18
 475 018e 07       		.uleb128 0x7
 476 018f 1B010000 		.4byte	.LASF28
 477 0193 03       		.byte	0x3
 478 0194 A8       		.byte	0xa8
 479 0195 33010000 		.4byte	0x133
 480 0199 1C       		.byte	0x1c
 481 019a 00       		.byte	0
 482 019b 0A       		.uleb128 0xa
 483 019c 20020000 		.4byte	.LASF29
 484 01a0 03       		.byte	0x3
 485 01a1 A9       		.byte	0xa9
 486 01a2 3E010000 		.4byte	0x13e
 487 01a6 0B       		.uleb128 0xb
 488 01a7 A9010000 		.4byte	.LASF30
 489 01ab 01       		.byte	0x1
 490 01ac 2801     		.2byte	0x128
 491 01ae 00000000 		.4byte	.LFB1
 492 01b2 14000000 		.4byte	.LFE1-.LFB1
 493 01b6 01       		.uleb128 0x1
 494 01b7 9C       		.byte	0x9c
 495 01b8 C6010000 		.4byte	0x1c6
 496 01bc 0C       		.uleb128 0xc
ARM GAS  C:\Users\Melody\AppData\Local\Temp\ccwPC3uH.s 			page 23


 497 01bd 0E000000 		.4byte	.LVL0
 498 01c1 92020000 		.4byte	0x292
 499 01c5 00       		.byte	0
 500 01c6 0B       		.uleb128 0xb
 501 01c7 34020000 		.4byte	.LASF31
 502 01cb 01       		.byte	0x1
 503 01cc 9301     		.2byte	0x193
 504 01ce 00000000 		.4byte	.LFB2
 505 01d2 9C000000 		.4byte	.LFE2-.LFB2
 506 01d6 01       		.uleb128 0x1
 507 01d7 9C       		.byte	0x9c
 508 01d8 69020000 		.4byte	0x269
 509 01dc 0D       		.uleb128 0xd
 510 01dd C6000000 		.4byte	.LASF32
 511 01e1 01       		.byte	0x1
 512 01e2 9501     		.2byte	0x195
 513 01e4 6B000000 		.4byte	0x6b
 514 01e8 00000000 		.4byte	.LLST0
 515 01ec 0D       		.uleb128 0xd
 516 01ed 8A000000 		.4byte	.LASF33
 517 01f1 01       		.byte	0x1
 518 01f2 9601     		.2byte	0x196
 519 01f4 77000000 		.4byte	0x77
 520 01f8 10010000 		.4byte	.LLST1
 521 01fc 0C       		.uleb128 0xc
 522 01fd 42000000 		.4byte	.LVL4
 523 0201 9D020000 		.4byte	0x29d
 524 0205 0C       		.uleb128 0xc
 525 0206 48000000 		.4byte	.LVL6
 526 020a A9020000 		.4byte	0x2a9
 527 020e 0C       		.uleb128 0xc
 528 020f 4E000000 		.4byte	.LVL8
 529 0213 B5020000 		.4byte	0x2b5
 530 0217 0C       		.uleb128 0xc
 531 0218 54000000 		.4byte	.LVL10
 532 021c C1020000 		.4byte	0x2c1
 533 0220 0C       		.uleb128 0xc
 534 0221 5A000000 		.4byte	.LVL12
 535 0225 CD020000 		.4byte	0x2cd
 536 0229 0C       		.uleb128 0xc
 537 022a 60000000 		.4byte	.LVL14
 538 022e D9020000 		.4byte	0x2d9
 539 0232 0C       		.uleb128 0xc
 540 0233 66000000 		.4byte	.LVL16
 541 0237 E5020000 		.4byte	0x2e5
 542 023b 0C       		.uleb128 0xc
 543 023c 6C000000 		.4byte	.LVL18
 544 0240 F1020000 		.4byte	0x2f1
 545 0244 0C       		.uleb128 0xc
 546 0245 72000000 		.4byte	.LVL20
 547 0249 FD020000 		.4byte	0x2fd
 548 024d 0C       		.uleb128 0xc
 549 024e 78000000 		.4byte	.LVL22
 550 0252 09030000 		.4byte	0x309
 551 0256 0C       		.uleb128 0xc
 552 0257 7E000000 		.4byte	.LVL24
 553 025b 15030000 		.4byte	0x315
ARM GAS  C:\Users\Melody\AppData\Local\Temp\ccwPC3uH.s 			page 24


 554 025f 0C       		.uleb128 0xc
 555 0260 84000000 		.4byte	.LVL26
 556 0264 21030000 		.4byte	0x321
 557 0268 00       		.byte	0
 558 0269 0B       		.uleb128 0xb
 559 026a 77010000 		.4byte	.LASF34
 560 026e 01       		.byte	0x1
 561 026f 6702     		.2byte	0x267
 562 0271 00000000 		.4byte	.LFB3
 563 0275 20000000 		.4byte	.LFE3-.LFB3
 564 0279 01       		.uleb128 0x1
 565 027a 9C       		.byte	0x9c
 566 027b 92020000 		.4byte	0x292
 567 027f 0C       		.uleb128 0xc
 568 0280 10000000 		.4byte	.LVL31
 569 0284 A6010000 		.4byte	0x1a6
 570 0288 0C       		.uleb128 0xc
 571 0289 1A000000 		.4byte	.LVL32
 572 028d C6010000 		.4byte	0x1c6
 573 0291 00       		.byte	0
 574 0292 0E       		.uleb128 0xe
 575 0293 99020000 		.4byte	.LASF35
 576 0297 99020000 		.4byte	.LASF35
 577 029b 03       		.byte	0x3
 578 029c C6       		.byte	0xc6
 579 029d 0F       		.uleb128 0xf
 580 029e B2020000 		.4byte	.LASF36
 581 02a2 B2020000 		.4byte	.LASF36
 582 02a6 03       		.byte	0x3
 583 02a7 3501     		.2byte	0x135
 584 02a9 0F       		.uleb128 0xf
 585 02aa E9010000 		.4byte	.LASF37
 586 02ae E9010000 		.4byte	.LASF37
 587 02b2 03       		.byte	0x3
 588 02b3 3801     		.2byte	0x138
 589 02b5 0F       		.uleb128 0xf
 590 02b6 FE000000 		.4byte	.LASF38
 591 02ba FE000000 		.4byte	.LASF38
 592 02be 03       		.byte	0x3
 593 02bf 3B01     		.2byte	0x13b
 594 02c1 0F       		.uleb128 0xf
 595 02c2 00000000 		.4byte	.LASF39
 596 02c6 00000000 		.4byte	.LASF39
 597 02ca 03       		.byte	0x3
 598 02cb 3E01     		.2byte	0x13e
 599 02cd 0F       		.uleb128 0xf
 600 02ce A4030000 		.4byte	.LASF40
 601 02d2 A4030000 		.4byte	.LASF40
 602 02d6 03       		.byte	0x3
 603 02d7 4101     		.2byte	0x141
 604 02d9 0F       		.uleb128 0xf
 605 02da 41020000 		.4byte	.LASF41
 606 02de 41020000 		.4byte	.LASF41
 607 02e2 03       		.byte	0x3
 608 02e3 4401     		.2byte	0x144
 609 02e5 0F       		.uleb128 0xf
 610 02e6 7F010000 		.4byte	.LASF42
ARM GAS  C:\Users\Melody\AppData\Local\Temp\ccwPC3uH.s 			page 25


 611 02ea 7F010000 		.4byte	.LASF42
 612 02ee 03       		.byte	0x3
 613 02ef 4701     		.2byte	0x147
 614 02f1 0F       		.uleb128 0xf
 615 02f2 02020000 		.4byte	.LASF43
 616 02f6 02020000 		.4byte	.LASF43
 617 02fa 03       		.byte	0x3
 618 02fb 4A01     		.2byte	0x14a
 619 02fd 0F       		.uleb128 0xf
 620 02fe F5020000 		.4byte	.LASF44
 621 0302 F5020000 		.4byte	.LASF44
 622 0306 03       		.byte	0x3
 623 0307 4D01     		.2byte	0x14d
 624 0309 0F       		.uleb128 0xf
 625 030a 22010000 		.4byte	.LASF45
 626 030e 22010000 		.4byte	.LASF45
 627 0312 03       		.byte	0x3
 628 0313 5001     		.2byte	0x150
 629 0315 0F       		.uleb128 0xf
 630 0316 7C020000 		.4byte	.LASF46
 631 031a 7C020000 		.4byte	.LASF46
 632 031e 03       		.byte	0x3
 633 031f 5301     		.2byte	0x153
 634 0321 0F       		.uleb128 0xf
 635 0322 C3030000 		.4byte	.LASF47
 636 0326 C3030000 		.4byte	.LASF47
 637 032a 03       		.byte	0x3
 638 032b 1A01     		.2byte	0x11a
 639 032d 00       		.byte	0
 640              		.section	.debug_abbrev,"",%progbits
 641              	.Ldebug_abbrev0:
 642 0000 01       		.uleb128 0x1
 643 0001 11       		.uleb128 0x11
 644 0002 01       		.byte	0x1
 645 0003 25       		.uleb128 0x25
 646 0004 0E       		.uleb128 0xe
 647 0005 13       		.uleb128 0x13
 648 0006 0B       		.uleb128 0xb
 649 0007 03       		.uleb128 0x3
 650 0008 0E       		.uleb128 0xe
 651 0009 1B       		.uleb128 0x1b
 652 000a 0E       		.uleb128 0xe
 653 000b 55       		.uleb128 0x55
 654 000c 17       		.uleb128 0x17
 655 000d 11       		.uleb128 0x11
 656 000e 01       		.uleb128 0x1
 657 000f 10       		.uleb128 0x10
 658 0010 17       		.uleb128 0x17
 659 0011 00       		.byte	0
 660 0012 00       		.byte	0
 661 0013 02       		.uleb128 0x2
 662 0014 24       		.uleb128 0x24
 663 0015 00       		.byte	0
 664 0016 0B       		.uleb128 0xb
 665 0017 0B       		.uleb128 0xb
 666 0018 3E       		.uleb128 0x3e
 667 0019 0B       		.uleb128 0xb
ARM GAS  C:\Users\Melody\AppData\Local\Temp\ccwPC3uH.s 			page 26


 668 001a 03       		.uleb128 0x3
 669 001b 0E       		.uleb128 0xe
 670 001c 00       		.byte	0
 671 001d 00       		.byte	0
 672 001e 03       		.uleb128 0x3
 673 001f 24       		.uleb128 0x24
 674 0020 00       		.byte	0
 675 0021 0B       		.uleb128 0xb
 676 0022 0B       		.uleb128 0xb
 677 0023 3E       		.uleb128 0x3e
 678 0024 0B       		.uleb128 0xb
 679 0025 03       		.uleb128 0x3
 680 0026 08       		.uleb128 0x8
 681 0027 00       		.byte	0
 682 0028 00       		.byte	0
 683 0029 04       		.uleb128 0x4
 684 002a 16       		.uleb128 0x16
 685 002b 00       		.byte	0
 686 002c 03       		.uleb128 0x3
 687 002d 0E       		.uleb128 0xe
 688 002e 3A       		.uleb128 0x3a
 689 002f 0B       		.uleb128 0xb
 690 0030 3B       		.uleb128 0x3b
 691 0031 05       		.uleb128 0x5
 692 0032 49       		.uleb128 0x49
 693 0033 13       		.uleb128 0x13
 694 0034 00       		.byte	0
 695 0035 00       		.byte	0
 696 0036 05       		.uleb128 0x5
 697 0037 35       		.uleb128 0x35
 698 0038 00       		.byte	0
 699 0039 49       		.uleb128 0x49
 700 003a 13       		.uleb128 0x13
 701 003b 00       		.byte	0
 702 003c 00       		.byte	0
 703 003d 06       		.uleb128 0x6
 704 003e 13       		.uleb128 0x13
 705 003f 01       		.byte	0x1
 706 0040 0B       		.uleb128 0xb
 707 0041 0B       		.uleb128 0xb
 708 0042 3A       		.uleb128 0x3a
 709 0043 0B       		.uleb128 0xb
 710 0044 3B       		.uleb128 0x3b
 711 0045 0B       		.uleb128 0xb
 712 0046 01       		.uleb128 0x1
 713 0047 13       		.uleb128 0x13
 714 0048 00       		.byte	0
 715 0049 00       		.byte	0
 716 004a 07       		.uleb128 0x7
 717 004b 0D       		.uleb128 0xd
 718 004c 00       		.byte	0
 719 004d 03       		.uleb128 0x3
 720 004e 0E       		.uleb128 0xe
 721 004f 3A       		.uleb128 0x3a
 722 0050 0B       		.uleb128 0xb
 723 0051 3B       		.uleb128 0x3b
 724 0052 0B       		.uleb128 0xb
ARM GAS  C:\Users\Melody\AppData\Local\Temp\ccwPC3uH.s 			page 27


 725 0053 49       		.uleb128 0x49
 726 0054 13       		.uleb128 0x13
 727 0055 38       		.uleb128 0x38
 728 0056 0B       		.uleb128 0xb
 729 0057 00       		.byte	0
 730 0058 00       		.byte	0
 731 0059 08       		.uleb128 0x8
 732 005a 01       		.uleb128 0x1
 733 005b 01       		.byte	0x1
 734 005c 49       		.uleb128 0x49
 735 005d 13       		.uleb128 0x13
 736 005e 01       		.uleb128 0x1
 737 005f 13       		.uleb128 0x13
 738 0060 00       		.byte	0
 739 0061 00       		.byte	0
 740 0062 09       		.uleb128 0x9
 741 0063 21       		.uleb128 0x21
 742 0064 00       		.byte	0
 743 0065 49       		.uleb128 0x49
 744 0066 13       		.uleb128 0x13
 745 0067 2F       		.uleb128 0x2f
 746 0068 0B       		.uleb128 0xb
 747 0069 00       		.byte	0
 748 006a 00       		.byte	0
 749 006b 0A       		.uleb128 0xa
 750 006c 16       		.uleb128 0x16
 751 006d 00       		.byte	0
 752 006e 03       		.uleb128 0x3
 753 006f 0E       		.uleb128 0xe
 754 0070 3A       		.uleb128 0x3a
 755 0071 0B       		.uleb128 0xb
 756 0072 3B       		.uleb128 0x3b
 757 0073 0B       		.uleb128 0xb
 758 0074 49       		.uleb128 0x49
 759 0075 13       		.uleb128 0x13
 760 0076 00       		.byte	0
 761 0077 00       		.byte	0
 762 0078 0B       		.uleb128 0xb
 763 0079 2E       		.uleb128 0x2e
 764 007a 01       		.byte	0x1
 765 007b 3F       		.uleb128 0x3f
 766 007c 19       		.uleb128 0x19
 767 007d 03       		.uleb128 0x3
 768 007e 0E       		.uleb128 0xe
 769 007f 3A       		.uleb128 0x3a
 770 0080 0B       		.uleb128 0xb
 771 0081 3B       		.uleb128 0x3b
 772 0082 05       		.uleb128 0x5
 773 0083 27       		.uleb128 0x27
 774 0084 19       		.uleb128 0x19
 775 0085 11       		.uleb128 0x11
 776 0086 01       		.uleb128 0x1
 777 0087 12       		.uleb128 0x12
 778 0088 06       		.uleb128 0x6
 779 0089 40       		.uleb128 0x40
 780 008a 18       		.uleb128 0x18
 781 008b 9742     		.uleb128 0x2117
ARM GAS  C:\Users\Melody\AppData\Local\Temp\ccwPC3uH.s 			page 28


 782 008d 19       		.uleb128 0x19
 783 008e 01       		.uleb128 0x1
 784 008f 13       		.uleb128 0x13
 785 0090 00       		.byte	0
 786 0091 00       		.byte	0
 787 0092 0C       		.uleb128 0xc
 788 0093 898201   		.uleb128 0x4109
 789 0096 00       		.byte	0
 790 0097 11       		.uleb128 0x11
 791 0098 01       		.uleb128 0x1
 792 0099 31       		.uleb128 0x31
 793 009a 13       		.uleb128 0x13
 794 009b 00       		.byte	0
 795 009c 00       		.byte	0
 796 009d 0D       		.uleb128 0xd
 797 009e 34       		.uleb128 0x34
 798 009f 00       		.byte	0
 799 00a0 03       		.uleb128 0x3
 800 00a1 0E       		.uleb128 0xe
 801 00a2 3A       		.uleb128 0x3a
 802 00a3 0B       		.uleb128 0xb
 803 00a4 3B       		.uleb128 0x3b
 804 00a5 05       		.uleb128 0x5
 805 00a6 49       		.uleb128 0x49
 806 00a7 13       		.uleb128 0x13
 807 00a8 02       		.uleb128 0x2
 808 00a9 17       		.uleb128 0x17
 809 00aa 00       		.byte	0
 810 00ab 00       		.byte	0
 811 00ac 0E       		.uleb128 0xe
 812 00ad 2E       		.uleb128 0x2e
 813 00ae 00       		.byte	0
 814 00af 3F       		.uleb128 0x3f
 815 00b0 19       		.uleb128 0x19
 816 00b1 3C       		.uleb128 0x3c
 817 00b2 19       		.uleb128 0x19
 818 00b3 6E       		.uleb128 0x6e
 819 00b4 0E       		.uleb128 0xe
 820 00b5 03       		.uleb128 0x3
 821 00b6 0E       		.uleb128 0xe
 822 00b7 3A       		.uleb128 0x3a
 823 00b8 0B       		.uleb128 0xb
 824 00b9 3B       		.uleb128 0x3b
 825 00ba 0B       		.uleb128 0xb
 826 00bb 00       		.byte	0
 827 00bc 00       		.byte	0
 828 00bd 0F       		.uleb128 0xf
 829 00be 2E       		.uleb128 0x2e
 830 00bf 00       		.byte	0
 831 00c0 3F       		.uleb128 0x3f
 832 00c1 19       		.uleb128 0x19
 833 00c2 3C       		.uleb128 0x3c
 834 00c3 19       		.uleb128 0x19
 835 00c4 6E       		.uleb128 0x6e
 836 00c5 0E       		.uleb128 0xe
 837 00c6 03       		.uleb128 0x3
 838 00c7 0E       		.uleb128 0xe
ARM GAS  C:\Users\Melody\AppData\Local\Temp\ccwPC3uH.s 			page 29


 839 00c8 3A       		.uleb128 0x3a
 840 00c9 0B       		.uleb128 0xb
 841 00ca 3B       		.uleb128 0x3b
 842 00cb 05       		.uleb128 0x5
 843 00cc 00       		.byte	0
 844 00cd 00       		.byte	0
 845 00ce 00       		.byte	0
 846              		.section	.debug_loc,"",%progbits
 847              	.Ldebug_loc0:
 848              	.LLST0:
 849 0000 14000000 		.4byte	.LVL3
 850 0004 41000000 		.4byte	.LVL4-1
 851 0008 0100     		.2byte	0x1
 852 000a 50       		.byte	0x50
 853 000b 41000000 		.4byte	.LVL4-1
 854 000f 44000000 		.4byte	.LVL5
 855 0013 0100     		.2byte	0x1
 856 0015 55       		.byte	0x55
 857 0016 44000000 		.4byte	.LVL5
 858 001a 47000000 		.4byte	.LVL6-1
 859 001e 0100     		.2byte	0x1
 860 0020 50       		.byte	0x50
 861 0021 47000000 		.4byte	.LVL6-1
 862 0025 4A000000 		.4byte	.LVL7
 863 0029 0100     		.2byte	0x1
 864 002b 55       		.byte	0x55
 865 002c 4A000000 		.4byte	.LVL7
 866 0030 4D000000 		.4byte	.LVL8-1
 867 0034 0100     		.2byte	0x1
 868 0036 50       		.byte	0x50
 869 0037 4D000000 		.4byte	.LVL8-1
 870 003b 50000000 		.4byte	.LVL9
 871 003f 0100     		.2byte	0x1
 872 0041 55       		.byte	0x55
 873 0042 50000000 		.4byte	.LVL9
 874 0046 53000000 		.4byte	.LVL10-1
 875 004a 0100     		.2byte	0x1
 876 004c 50       		.byte	0x50
 877 004d 53000000 		.4byte	.LVL10-1
 878 0051 56000000 		.4byte	.LVL11
 879 0055 0100     		.2byte	0x1
 880 0057 55       		.byte	0x55
 881 0058 56000000 		.4byte	.LVL11
 882 005c 59000000 		.4byte	.LVL12-1
 883 0060 0100     		.2byte	0x1
 884 0062 50       		.byte	0x50
 885 0063 59000000 		.4byte	.LVL12-1
 886 0067 5C000000 		.4byte	.LVL13
 887 006b 0100     		.2byte	0x1
 888 006d 55       		.byte	0x55
 889 006e 5C000000 		.4byte	.LVL13
 890 0072 5F000000 		.4byte	.LVL14-1
 891 0076 0100     		.2byte	0x1
 892 0078 50       		.byte	0x50
 893 0079 5F000000 		.4byte	.LVL14-1
 894 007d 62000000 		.4byte	.LVL15
 895 0081 0100     		.2byte	0x1
ARM GAS  C:\Users\Melody\AppData\Local\Temp\ccwPC3uH.s 			page 30


 896 0083 55       		.byte	0x55
 897 0084 62000000 		.4byte	.LVL15
 898 0088 65000000 		.4byte	.LVL16-1
 899 008c 0100     		.2byte	0x1
 900 008e 50       		.byte	0x50
 901 008f 65000000 		.4byte	.LVL16-1
 902 0093 68000000 		.4byte	.LVL17
 903 0097 0100     		.2byte	0x1
 904 0099 55       		.byte	0x55
 905 009a 68000000 		.4byte	.LVL17
 906 009e 6B000000 		.4byte	.LVL18-1
 907 00a2 0100     		.2byte	0x1
 908 00a4 50       		.byte	0x50
 909 00a5 6B000000 		.4byte	.LVL18-1
 910 00a9 6E000000 		.4byte	.LVL19
 911 00ad 0100     		.2byte	0x1
 912 00af 55       		.byte	0x55
 913 00b0 6E000000 		.4byte	.LVL19
 914 00b4 71000000 		.4byte	.LVL20-1
 915 00b8 0100     		.2byte	0x1
 916 00ba 50       		.byte	0x50
 917 00bb 71000000 		.4byte	.LVL20-1
 918 00bf 74000000 		.4byte	.LVL21
 919 00c3 0100     		.2byte	0x1
 920 00c5 55       		.byte	0x55
 921 00c6 74000000 		.4byte	.LVL21
 922 00ca 77000000 		.4byte	.LVL22-1
 923 00ce 0100     		.2byte	0x1
 924 00d0 50       		.byte	0x50
 925 00d1 77000000 		.4byte	.LVL22-1
 926 00d5 7A000000 		.4byte	.LVL23
 927 00d9 0100     		.2byte	0x1
 928 00db 55       		.byte	0x55
 929 00dc 7A000000 		.4byte	.LVL23
 930 00e0 7D000000 		.4byte	.LVL24-1
 931 00e4 0100     		.2byte	0x1
 932 00e6 50       		.byte	0x50
 933 00e7 7D000000 		.4byte	.LVL24-1
 934 00eb 80000000 		.4byte	.LVL25
 935 00ef 0100     		.2byte	0x1
 936 00f1 55       		.byte	0x55
 937 00f2 80000000 		.4byte	.LVL25
 938 00f6 83000000 		.4byte	.LVL26-1
 939 00fa 0100     		.2byte	0x1
 940 00fc 50       		.byte	0x50
 941 00fd 83000000 		.4byte	.LVL26-1
 942 0101 88000000 		.4byte	.LVL28
 943 0105 0100     		.2byte	0x1
 944 0107 55       		.byte	0x55
 945 0108 00000000 		.4byte	0
 946 010c 00000000 		.4byte	0
 947              	.LLST1:
 948 0110 00000000 		.4byte	.LVL1
 949 0114 10000000 		.4byte	.LVL2
 950 0118 0200     		.2byte	0x2
 951 011a 31       		.byte	0x31
 952 011b 9F       		.byte	0x9f
ARM GAS  C:\Users\Melody\AppData\Local\Temp\ccwPC3uH.s 			page 31


 953 011c 14000000 		.4byte	.LVL3
 954 0120 86000000 		.4byte	.LVL27
 955 0124 0100     		.2byte	0x1
 956 0126 54       		.byte	0x54
 957 0127 8A000000 		.4byte	.LVL29
 958 012b 8E000000 		.4byte	.LVL30
 959 012f 0100     		.2byte	0x1
 960 0131 54       		.byte	0x54
 961 0132 00000000 		.4byte	0
 962 0136 00000000 		.4byte	0
 963              		.section	.debug_aranges,"",%progbits
 964 0000 2C000000 		.4byte	0x2c
 965 0004 0200     		.2byte	0x2
 966 0006 00000000 		.4byte	.Ldebug_info0
 967 000a 04       		.byte	0x4
 968 000b 00       		.byte	0
 969 000c 0000     		.2byte	0
 970 000e 0000     		.2byte	0
 971 0010 00000000 		.4byte	.LFB1
 972 0014 14000000 		.4byte	.LFE1-.LFB1
 973 0018 00000000 		.4byte	.LFB2
 974 001c 9C000000 		.4byte	.LFE2-.LFB2
 975 0020 00000000 		.4byte	.LFB3
 976 0024 20000000 		.4byte	.LFE3-.LFB3
 977 0028 00000000 		.4byte	0
 978 002c 00000000 		.4byte	0
 979              		.section	.debug_ranges,"",%progbits
 980              	.Ldebug_ranges0:
 981 0000 00000000 		.4byte	.LFB1
 982 0004 14000000 		.4byte	.LFE1
 983 0008 00000000 		.4byte	.LFB2
 984 000c 9C000000 		.4byte	.LFE2
 985 0010 00000000 		.4byte	.LFB3
 986 0014 20000000 		.4byte	.LFE3
 987 0018 00000000 		.4byte	0
 988 001c 00000000 		.4byte	0
 989              		.section	.debug_line,"",%progbits
 990              	.Ldebug_line0:
 991 0000 D4000000 		.section	.debug_str,"MS",%progbits,1
 991      02004D00 
 991      00000201 
 991      FB0E0D00 
 991      01010101 
 992              	.LASF39:
 993 0000 43414E5F 		.ascii	"CAN_ReceiveMsgBMS_VOLTAGES\000"
 993      52656365 
 993      6976654D 
 993      7367424D 
 993      535F564F 
 994              	.LASF50:
 995 001b 433A5C55 		.ascii	"C:\\Users\\Melody\\Desktop\\Programming_Stuff\\FRUC"
 995      73657273 
 995      5C4D656C 
 995      6F64795C 
 995      4465736B 
 996 0049 445C4461 		.ascii	"D\\Dashboard-Firmware-FE10\\Dashboard-Firmware-FE9\\"
 996      7368626F 
ARM GAS  C:\Users\Melody\AppData\Local\Temp\ccwPC3uH.s 			page 32


 996      6172642D 
 996      4669726D 
 996      77617265 
 997 007a 44617368 		.ascii	"Dashboard.cydsn\000"
 997      626F6172 
 997      642E6379 
 997      64736E00 
 998              	.LASF33:
 999 008a 73686966 		.ascii	"shift\000"
 999      7400
 1000              	.LASF19:
 1001 0090 43414E5F 		.ascii	"CAN_DATA_BYTES\000"
 1001      44415441 
 1001      5F425954 
 1001      455300
 1002              	.LASF49:
 1003 009f 47656E65 		.ascii	"Generated_Source\\PSoC4\\CAN_INT.c\000"
 1003      72617465 
 1003      645F536F 
 1003      75726365 
 1003      5C50536F 
 1004              	.LASF25:
 1005 00c0 7278616D 		.ascii	"rxamr\000"
 1005      7200
 1006              	.LASF32:
 1007 00c6 6D61696C 		.ascii	"mailboxNumber\000"
 1007      626F784E 
 1007      756D6265 
 1007      7200
 1008              	.LASF21:
 1009 00d4 43414E5F 		.ascii	"CAN_REG_32\000"
 1009      5245475F 
 1009      333200
 1010              	.LASF3:
 1011 00df 73686F72 		.ascii	"short unsigned int\000"
 1011      7420756E 
 1011      7369676E 
 1011      65642069 
 1011      6E7400
 1012              	.LASF20:
 1013 00f2 62797465 		.ascii	"byte\000"
 1013      00
 1014              	.LASF24:
 1015 00f7 72786461 		.ascii	"rxdata\000"
 1015      746100
 1016              	.LASF38:
 1017 00fe 43414E5F 		.ascii	"CAN_ReceiveMsgBMS_STATUS_MSG\000"
 1017      52656365 
 1017      6976654D 
 1017      7367424D 
 1017      535F5354 
 1018              	.LASF28:
 1019 011b 72786163 		.ascii	"rxacrd\000"
 1019      726400
 1020              	.LASF45:
 1021 0122 43414E5F 		.ascii	"CAN_ReceiveMsgMC_TEMPERATURE_3\000"
 1021      52656365 
ARM GAS  C:\Users\Melody\AppData\Local\Temp\ccwPC3uH.s 			page 33


 1021      6976654D 
 1021      73674D43 
 1021      5F54454D 
 1022              	.LASF12:
 1023 0141 666C6F61 		.ascii	"float\000"
 1023      7400
 1024              	.LASF1:
 1025 0147 756E7369 		.ascii	"unsigned char\000"
 1025      676E6564 
 1025      20636861 
 1025      7200
 1026              	.LASF23:
 1027 0155 72786964 		.ascii	"rxid\000"
 1027      00
 1028              	.LASF15:
 1029 015a 72656738 		.ascii	"reg8\000"
 1029      00
 1030              	.LASF5:
 1031 015f 6C6F6E67 		.ascii	"long unsigned int\000"
 1031      20756E73 
 1031      69676E65 
 1031      6420696E 
 1031      7400
 1032              	.LASF9:
 1033 0171 75696E74 		.ascii	"uint8\000"
 1033      3800
 1034              	.LASF34:
 1035 0177 43414E5F 		.ascii	"CAN_ISR\000"
 1035      49535200 
 1036              	.LASF42:
 1037 017f 43414E5F 		.ascii	"CAN_ReceiveMsgPEI_CURRENT_SHUTDOWN\000"
 1037      52656365 
 1037      6976654D 
 1037      73675045 
 1037      495F4355 
 1038              	.LASF13:
 1039 01a2 646F7562 		.ascii	"double\000"
 1039      6C6500
 1040              	.LASF30:
 1041 01a9 43414E5F 		.ascii	"CAN_BusOffIsr\000"
 1041      4275734F 
 1041      66664973 
 1041      7200
 1042              	.LASF10:
 1043 01b7 75696E74 		.ascii	"uint16\000"
 1043      313600
 1044              	.LASF11:
 1045 01be 75696E74 		.ascii	"uint32\000"
 1045      333200
 1046              	.LASF8:
 1047 01c5 756E7369 		.ascii	"unsigned int\000"
 1047      676E6564 
 1047      20696E74 
 1047      00
 1048              	.LASF7:
 1049 01d2 6C6F6E67 		.ascii	"long long unsigned int\000"
 1049      206C6F6E 
ARM GAS  C:\Users\Melody\AppData\Local\Temp\ccwPC3uH.s 			page 34


 1049      6720756E 
 1049      7369676E 
 1049      65642069 
 1050              	.LASF37:
 1051 01e9 43414E5F 		.ascii	"CAN_ReceiveMsgBSPD_FLAGS\000"
 1051      52656365 
 1051      6976654D 
 1051      73674253 
 1051      50445F46 
 1052              	.LASF43:
 1053 0202 43414E5F 		.ascii	"CAN_ReceiveMsgMC_VOLTAGE_INFO\000"
 1053      52656365 
 1053      6976654D 
 1053      73674D43 
 1053      5F564F4C 
 1054              	.LASF29:
 1055 0220 43414E5F 		.ascii	"CAN_RX_STRUCT\000"
 1055      52585F53 
 1055      54525543 
 1055      5400
 1056              	.LASF22:
 1057 022e 7278636D 		.ascii	"rxcmd\000"
 1057      6400
 1058              	.LASF31:
 1059 0234 43414E5F 		.ascii	"CAN_MsgRXIsr\000"
 1059      4D736752 
 1059      58497372 
 1059      00
 1060              	.LASF41:
 1061 0241 43414E5F 		.ascii	"CAN_ReceiveMsgPEI_ESTOP\000"
 1061      52656365 
 1061      6976654D 
 1061      73675045 
 1061      495F4553 
 1062              	.LASF18:
 1063 0259 73697A65 		.ascii	"sizetype\000"
 1063      74797065 
 1063      00
 1064              	.LASF27:
 1065 0262 7278616D 		.ascii	"rxamrd\000"
 1065      726400
 1066              	.LASF6:
 1067 0269 6C6F6E67 		.ascii	"long long int\000"
 1067      206C6F6E 
 1067      6720696E 
 1067      7400
 1068              	.LASF14:
 1069 0277 63686172 		.ascii	"char\000"
 1069      00
 1070              	.LASF46:
 1071 027c 43414E5F 		.ascii	"CAN_ReceiveMsgMC_FAULT_CODES\000"
 1071      52656365 
 1071      6976654D 
 1071      73674D43 
 1071      5F464155 
 1072              	.LASF35:
 1073 0299 43414E5F 		.ascii	"CAN_Stop\000"
ARM GAS  C:\Users\Melody\AppData\Local\Temp\ccwPC3uH.s 			page 35


 1073      53746F70 
 1073      00
 1074              	.LASF2:
 1075 02a2 73686F72 		.ascii	"short int\000"
 1075      7420696E 
 1075      7400
 1076              	.LASF26:
 1077 02ac 72786163 		.ascii	"rxacr\000"
 1077      7200
 1078              	.LASF36:
 1079 02b2 43414E5F 		.ascii	"CAN_ReceiveMsgVEHICLE_STATE\000"
 1079      52656365 
 1079      6976654D 
 1079      73675645 
 1079      4849434C 
 1080              	.LASF4:
 1081 02ce 6C6F6E67 		.ascii	"long int\000"
 1081      20696E74 
 1081      00
 1082              	.LASF16:
 1083 02d7 72656733 		.ascii	"reg32\000"
 1083      3200
 1084              	.LASF17:
 1085 02dd 6C6F6E67 		.ascii	"long double\000"
 1085      20646F75 
 1085      626C6500 
 1086              	.LASF0:
 1087 02e9 7369676E 		.ascii	"signed char\000"
 1087      65642063 
 1087      68617200 
 1088              	.LASF44:
 1089 02f5 43414E5F 		.ascii	"CAN_ReceiveMsgMC_INTERNAL_STATES\000"
 1089      52656365 
 1089      6976654D 
 1089      73674D43 
 1089      5F494E54 
 1090              	.LASF48:
 1091 0316 474E5520 		.ascii	"GNU C11 5.4.1 20160609 (release) [ARM/embedded-5-br"
 1091      43313120 
 1091      352E342E 
 1091      31203230 
 1091      31363036 
 1092 0349 616E6368 		.ascii	"anch revision 237715] -mcpu=cortex-m0 -mthumb -g -O"
 1092      20726576 
 1092      6973696F 
 1092      6E203233 
 1092      37373135 
 1093 037c 73202D66 		.ascii	"s -ffunction-sections -ffat-lto-objects\000"
 1093      66756E63 
 1093      74696F6E 
 1093      2D736563 
 1093      74696F6E 
 1094              	.LASF40:
 1095 03a4 43414E5F 		.ascii	"CAN_ReceiveMsgBMS_TEMPERATURES\000"
 1095      52656365 
 1095      6976654D 
 1095      7367424D 
ARM GAS  C:\Users\Melody\AppData\Local\Temp\ccwPC3uH.s 			page 36


 1095      535F5445 
 1096              	.LASF47:
 1097 03c3 43414E5F 		.ascii	"CAN_ReceiveMsg\000"
 1097      52656365 
 1097      6976654D 
 1097      736700
 1098              		.ident	"GCC: (GNU Tools for ARM Embedded Processors) 5.4.1 20160609 (release) [ARM/embedded-5-bran
