ARM GAS  C:\Users\Melody\AppData\Local\Temp\ccdxYA0h.s 			page 1


   1              		.syntax unified
   2              		.cpu cortex-m0
   3              		.fpu softvfp
   4              		.eabi_attribute 20, 1
   5              		.eabi_attribute 21, 1
   6              		.eabi_attribute 23, 3
   7              		.eabi_attribute 24, 1
   8              		.eabi_attribute 25, 1
   9              		.eabi_attribute 26, 1
  10              		.eabi_attribute 30, 4
  11              		.eabi_attribute 34, 0
  12              		.eabi_attribute 18, 4
  13              		.thumb
  14              		.syntax unified
  15              		.file	"CAN_1_INT.c"
  16              		.text
  17              	.Ltext0:
  18              		.cfi_sections	.debug_frame
  19              		.section	.text.CAN_1_BusOffIsr,"ax",%progbits
  20              		.align	1
  21              		.global	CAN_1_BusOffIsr
  22              		.code	16
  23              		.thumb_func
  24              		.type	CAN_1_BusOffIsr, %function
  25              	CAN_1_BusOffIsr:
  26              	.LFB1:
  27              		.file 1 "Generated_Source\\PSoC4\\CAN_1_INT.c"
   1:Generated_Source\PSoC4/CAN_1_INT.c **** /*******************************************************************************
   2:Generated_Source\PSoC4/CAN_1_INT.c **** * File Name: CAN_1_INT.c
   3:Generated_Source\PSoC4/CAN_1_INT.c **** * Version 3.0
   4:Generated_Source\PSoC4/CAN_1_INT.c **** *
   5:Generated_Source\PSoC4/CAN_1_INT.c **** * Description:
   6:Generated_Source\PSoC4/CAN_1_INT.c **** *  This file contains Interrupt Service Routine (ISR) for CAN Component.
   7:Generated_Source\PSoC4/CAN_1_INT.c **** *  The Interrupt handlers functions are generated accordingly to the PSoC
   8:Generated_Source\PSoC4/CAN_1_INT.c **** *  Creator Customizer inputs.
   9:Generated_Source\PSoC4/CAN_1_INT.c **** *
  10:Generated_Source\PSoC4/CAN_1_INT.c **** * Note:
  11:Generated_Source\PSoC4/CAN_1_INT.c **** *  None
  12:Generated_Source\PSoC4/CAN_1_INT.c **** *
  13:Generated_Source\PSoC4/CAN_1_INT.c **** ********************************************************************************
  14:Generated_Source\PSoC4/CAN_1_INT.c **** * Copyright 2008-2015, Cypress Semiconductor Corporation.  All rights reserved.
  15:Generated_Source\PSoC4/CAN_1_INT.c **** * You may use this file only in accordance with the license, terms, conditions,
  16:Generated_Source\PSoC4/CAN_1_INT.c **** * disclaimers, and limitations in the end user license agreement accompanying
  17:Generated_Source\PSoC4/CAN_1_INT.c **** * the software package with which this file was provided.
  18:Generated_Source\PSoC4/CAN_1_INT.c **** *******************************************************************************/
  19:Generated_Source\PSoC4/CAN_1_INT.c **** 
  20:Generated_Source\PSoC4/CAN_1_INT.c **** #include "CAN_1.h"
  21:Generated_Source\PSoC4/CAN_1_INT.c **** #include "cyapicallbacks.h"
  22:Generated_Source\PSoC4/CAN_1_INT.c **** 
  23:Generated_Source\PSoC4/CAN_1_INT.c **** /* `#START CAN_INT_C_CODE_DEFINITION` */
  24:Generated_Source\PSoC4/CAN_1_INT.c **** 
  25:Generated_Source\PSoC4/CAN_1_INT.c **** /* `#END` */
  26:Generated_Source\PSoC4/CAN_1_INT.c **** 
  27:Generated_Source\PSoC4/CAN_1_INT.c **** #if (CAN_1_ARB_LOST)
  28:Generated_Source\PSoC4/CAN_1_INT.c ****     /*******************************************************************************
  29:Generated_Source\PSoC4/CAN_1_INT.c ****     * FUNCTION NAME:   CAN_1_ArbLostIsr
  30:Generated_Source\PSoC4/CAN_1_INT.c ****     ********************************************************************************
ARM GAS  C:\Users\Melody\AppData\Local\Temp\ccdxYA0h.s 			page 2


  31:Generated_Source\PSoC4/CAN_1_INT.c ****     *
  32:Generated_Source\PSoC4/CAN_1_INT.c ****     * Summary:
  33:Generated_Source\PSoC4/CAN_1_INT.c ****     *  This function is entry point to Arbitration Lost Interrupt. Clears
  34:Generated_Source\PSoC4/CAN_1_INT.c ****     *  Arbitration Lost interrupt flag. Only generated if Arbitration Lost
  35:Generated_Source\PSoC4/CAN_1_INT.c ****     *  Interrupt enable in Customizer.
  36:Generated_Source\PSoC4/CAN_1_INT.c ****     *
  37:Generated_Source\PSoC4/CAN_1_INT.c ****     * Parameters:
  38:Generated_Source\PSoC4/CAN_1_INT.c ****     *  None.
  39:Generated_Source\PSoC4/CAN_1_INT.c ****     *
  40:Generated_Source\PSoC4/CAN_1_INT.c ****     * Return:
  41:Generated_Source\PSoC4/CAN_1_INT.c ****     *  None.
  42:Generated_Source\PSoC4/CAN_1_INT.c ****     *
  43:Generated_Source\PSoC4/CAN_1_INT.c ****     * Reentrant:
  44:Generated_Source\PSoC4/CAN_1_INT.c ****     *  Depends on Customer code.
  45:Generated_Source\PSoC4/CAN_1_INT.c ****     *
  46:Generated_Source\PSoC4/CAN_1_INT.c ****     *******************************************************************************/
  47:Generated_Source\PSoC4/CAN_1_INT.c ****     void CAN_1_ArbLostIsr(void) 
  48:Generated_Source\PSoC4/CAN_1_INT.c ****     {
  49:Generated_Source\PSoC4/CAN_1_INT.c ****         /* Clear Arbitration Lost flag */
  50:Generated_Source\PSoC4/CAN_1_INT.c ****         CAN_1_INT_SR_REG = CAN_1_ARBITRATION_LOST_MASK;
  51:Generated_Source\PSoC4/CAN_1_INT.c **** 
  52:Generated_Source\PSoC4/CAN_1_INT.c ****         /* `#START ARBITRATION_LOST_ISR` */
  53:Generated_Source\PSoC4/CAN_1_INT.c **** 
  54:Generated_Source\PSoC4/CAN_1_INT.c ****         /* `#END` */
  55:Generated_Source\PSoC4/CAN_1_INT.c **** 
  56:Generated_Source\PSoC4/CAN_1_INT.c ****         #ifdef CAN_1_ARB_LOST_ISR_CALLBACK
  57:Generated_Source\PSoC4/CAN_1_INT.c ****             CAN_1_ArbLostIsr_Callback();
  58:Generated_Source\PSoC4/CAN_1_INT.c ****         #endif /* CAN_1_ARB_LOST_ISR_CALLBACK */
  59:Generated_Source\PSoC4/CAN_1_INT.c ****     }
  60:Generated_Source\PSoC4/CAN_1_INT.c **** #endif /* CAN_1_ARB_LOST */
  61:Generated_Source\PSoC4/CAN_1_INT.c **** 
  62:Generated_Source\PSoC4/CAN_1_INT.c **** 
  63:Generated_Source\PSoC4/CAN_1_INT.c **** #if (CAN_1_OVERLOAD)
  64:Generated_Source\PSoC4/CAN_1_INT.c ****     /*******************************************************************************
  65:Generated_Source\PSoC4/CAN_1_INT.c ****     * FUNCTION NAME:   CAN_1_OvrLdErrorIsr
  66:Generated_Source\PSoC4/CAN_1_INT.c ****     ********************************************************************************
  67:Generated_Source\PSoC4/CAN_1_INT.c ****     *
  68:Generated_Source\PSoC4/CAN_1_INT.c ****     * Summary:
  69:Generated_Source\PSoC4/CAN_1_INT.c ****     *  This function is entry point to Overload Error Interrupt. Clears Overload
  70:Generated_Source\PSoC4/CAN_1_INT.c ****     *  Error interrupt flag. Only generated if Overload Error Interrupt enable
  71:Generated_Source\PSoC4/CAN_1_INT.c ****     *  in Customizer.
  72:Generated_Source\PSoC4/CAN_1_INT.c ****     *
  73:Generated_Source\PSoC4/CAN_1_INT.c ****     * Parameters:
  74:Generated_Source\PSoC4/CAN_1_INT.c ****     *  None.
  75:Generated_Source\PSoC4/CAN_1_INT.c ****     *
  76:Generated_Source\PSoC4/CAN_1_INT.c ****     * Return:
  77:Generated_Source\PSoC4/CAN_1_INT.c ****     *  None.
  78:Generated_Source\PSoC4/CAN_1_INT.c ****     *
  79:Generated_Source\PSoC4/CAN_1_INT.c ****     * Reentrant:
  80:Generated_Source\PSoC4/CAN_1_INT.c ****     *  Depends on Customer code.
  81:Generated_Source\PSoC4/CAN_1_INT.c ****     *
  82:Generated_Source\PSoC4/CAN_1_INT.c ****     *******************************************************************************/
  83:Generated_Source\PSoC4/CAN_1_INT.c ****     void CAN_1_OvrLdErrorIsr(void) 
  84:Generated_Source\PSoC4/CAN_1_INT.c ****     {
  85:Generated_Source\PSoC4/CAN_1_INT.c ****         /* Clear Overload Error flag */
  86:Generated_Source\PSoC4/CAN_1_INT.c ****         CAN_1_INT_SR_REG = CAN_1_OVERLOAD_ERROR_MASK;
  87:Generated_Source\PSoC4/CAN_1_INT.c **** 
ARM GAS  C:\Users\Melody\AppData\Local\Temp\ccdxYA0h.s 			page 3


  88:Generated_Source\PSoC4/CAN_1_INT.c ****         /* `#START OVER_LOAD_ERROR_ISR` */
  89:Generated_Source\PSoC4/CAN_1_INT.c **** 
  90:Generated_Source\PSoC4/CAN_1_INT.c ****         /* `#END` */
  91:Generated_Source\PSoC4/CAN_1_INT.c **** 
  92:Generated_Source\PSoC4/CAN_1_INT.c ****         #ifdef CAN_1_OVR_LD_ERROR_ISR_CALLBACK
  93:Generated_Source\PSoC4/CAN_1_INT.c ****             CAN_1_OvrLdErrorIsr_Callback();
  94:Generated_Source\PSoC4/CAN_1_INT.c ****         #endif /* CAN_1_OVR_LD_ERROR_ISR_CALLBACK */
  95:Generated_Source\PSoC4/CAN_1_INT.c ****     }
  96:Generated_Source\PSoC4/CAN_1_INT.c **** #endif /* CAN_1_OVERLOAD */
  97:Generated_Source\PSoC4/CAN_1_INT.c **** 
  98:Generated_Source\PSoC4/CAN_1_INT.c **** 
  99:Generated_Source\PSoC4/CAN_1_INT.c **** #if (CAN_1_BIT_ERR)
 100:Generated_Source\PSoC4/CAN_1_INT.c ****     /*******************************************************************************
 101:Generated_Source\PSoC4/CAN_1_INT.c ****     * FUNCTION NAME:   CAN_1_BitErrorIsr
 102:Generated_Source\PSoC4/CAN_1_INT.c ****     ********************************************************************************
 103:Generated_Source\PSoC4/CAN_1_INT.c ****     *
 104:Generated_Source\PSoC4/CAN_1_INT.c ****     * Summary:
 105:Generated_Source\PSoC4/CAN_1_INT.c ****     *  This function is entry point to Bit Error Interrupt. Clears Bit Error
 106:Generated_Source\PSoC4/CAN_1_INT.c ****     *  interrupt flag. Only generated if Bit Error Interrupt enable in Customizer.
 107:Generated_Source\PSoC4/CAN_1_INT.c ****     *
 108:Generated_Source\PSoC4/CAN_1_INT.c ****     * Parameters:
 109:Generated_Source\PSoC4/CAN_1_INT.c ****     *  None.
 110:Generated_Source\PSoC4/CAN_1_INT.c ****     *
 111:Generated_Source\PSoC4/CAN_1_INT.c ****     * Return:
 112:Generated_Source\PSoC4/CAN_1_INT.c ****     *  None.
 113:Generated_Source\PSoC4/CAN_1_INT.c ****     *
 114:Generated_Source\PSoC4/CAN_1_INT.c ****     * Reentrant:
 115:Generated_Source\PSoC4/CAN_1_INT.c ****     *  Depends on Customer code.
 116:Generated_Source\PSoC4/CAN_1_INT.c ****     *
 117:Generated_Source\PSoC4/CAN_1_INT.c ****     *******************************************************************************/
 118:Generated_Source\PSoC4/CAN_1_INT.c ****     void CAN_1_BitErrorIsr(void) 
 119:Generated_Source\PSoC4/CAN_1_INT.c ****     {
 120:Generated_Source\PSoC4/CAN_1_INT.c ****         /* Clear Bit Error flag */
 121:Generated_Source\PSoC4/CAN_1_INT.c ****         CAN_1_INT_SR_REG = CAN_1_BIT_ERROR_MASK;
 122:Generated_Source\PSoC4/CAN_1_INT.c **** 
 123:Generated_Source\PSoC4/CAN_1_INT.c ****         /* `#START BIT_ERROR_ISR` */
 124:Generated_Source\PSoC4/CAN_1_INT.c **** 
 125:Generated_Source\PSoC4/CAN_1_INT.c ****         /* `#END` */
 126:Generated_Source\PSoC4/CAN_1_INT.c **** 
 127:Generated_Source\PSoC4/CAN_1_INT.c ****         #ifdef CAN_1_BIT_ERROR_ISR_CALLBACK
 128:Generated_Source\PSoC4/CAN_1_INT.c ****             CAN_1_BitErrorIsr_Callback();
 129:Generated_Source\PSoC4/CAN_1_INT.c ****         #endif /* CAN_1_BIT_ERROR_ISR_CALLBACK */
 130:Generated_Source\PSoC4/CAN_1_INT.c ****     }
 131:Generated_Source\PSoC4/CAN_1_INT.c **** #endif /* CAN_1_BIT_ERR */
 132:Generated_Source\PSoC4/CAN_1_INT.c **** 
 133:Generated_Source\PSoC4/CAN_1_INT.c **** 
 134:Generated_Source\PSoC4/CAN_1_INT.c **** #if (CAN_1_STUFF_ERR)
 135:Generated_Source\PSoC4/CAN_1_INT.c ****     /*******************************************************************************
 136:Generated_Source\PSoC4/CAN_1_INT.c ****     * FUNCTION NAME:   CAN_1_BitStuffErrorIsr
 137:Generated_Source\PSoC4/CAN_1_INT.c ****     ********************************************************************************
 138:Generated_Source\PSoC4/CAN_1_INT.c ****     *
 139:Generated_Source\PSoC4/CAN_1_INT.c ****     * Summary:
 140:Generated_Source\PSoC4/CAN_1_INT.c ****     *  This function is entry point to Bit Stuff Error Interrupt. Clears Bit Stuff
 141:Generated_Source\PSoC4/CAN_1_INT.c ****     *  Error interrupt flag. Only generated if Bit Stuff Error Interrupt enable
 142:Generated_Source\PSoC4/CAN_1_INT.c ****     *  in Customizer.
 143:Generated_Source\PSoC4/CAN_1_INT.c ****     *
 144:Generated_Source\PSoC4/CAN_1_INT.c ****     * Parameters:
ARM GAS  C:\Users\Melody\AppData\Local\Temp\ccdxYA0h.s 			page 4


 145:Generated_Source\PSoC4/CAN_1_INT.c ****     *  None.
 146:Generated_Source\PSoC4/CAN_1_INT.c ****     *
 147:Generated_Source\PSoC4/CAN_1_INT.c ****     * Return:
 148:Generated_Source\PSoC4/CAN_1_INT.c ****     *  None.
 149:Generated_Source\PSoC4/CAN_1_INT.c ****     *
 150:Generated_Source\PSoC4/CAN_1_INT.c ****     * Reentrant:
 151:Generated_Source\PSoC4/CAN_1_INT.c ****     *  Depends on Customer code.
 152:Generated_Source\PSoC4/CAN_1_INT.c ****     *
 153:Generated_Source\PSoC4/CAN_1_INT.c ****     *******************************************************************************/
 154:Generated_Source\PSoC4/CAN_1_INT.c ****     void CAN_1_BitStuffErrorIsr(void) 
 155:Generated_Source\PSoC4/CAN_1_INT.c ****     {
 156:Generated_Source\PSoC4/CAN_1_INT.c ****         /* Clear Stuff Error flag */
 157:Generated_Source\PSoC4/CAN_1_INT.c ****         CAN_1_INT_SR_REG = CAN_1_STUFF_ERROR_MASK;
 158:Generated_Source\PSoC4/CAN_1_INT.c **** 
 159:Generated_Source\PSoC4/CAN_1_INT.c ****         /* `#START BIT_STUFF_ERROR_ISR` */
 160:Generated_Source\PSoC4/CAN_1_INT.c **** 
 161:Generated_Source\PSoC4/CAN_1_INT.c ****         /* `#END` */
 162:Generated_Source\PSoC4/CAN_1_INT.c **** 
 163:Generated_Source\PSoC4/CAN_1_INT.c ****         #ifdef CAN_1_BIT_STUFF_ERROR_ISR_CALLBACK
 164:Generated_Source\PSoC4/CAN_1_INT.c ****             CAN_1_BitStuffErrorIsr_Callback();
 165:Generated_Source\PSoC4/CAN_1_INT.c ****         #endif /* CAN_1_BIT_STUFF_ERROR_ISR_CALLBACK */
 166:Generated_Source\PSoC4/CAN_1_INT.c ****     }
 167:Generated_Source\PSoC4/CAN_1_INT.c **** #endif /* CAN_1_STUFF_ERR */
 168:Generated_Source\PSoC4/CAN_1_INT.c **** 
 169:Generated_Source\PSoC4/CAN_1_INT.c **** 
 170:Generated_Source\PSoC4/CAN_1_INT.c **** #if (CAN_1_ACK_ERR)
 171:Generated_Source\PSoC4/CAN_1_INT.c ****     /*******************************************************************************
 172:Generated_Source\PSoC4/CAN_1_INT.c ****     * FUNCTION NAME:   CAN_1_AckErrorIsr
 173:Generated_Source\PSoC4/CAN_1_INT.c ****     ********************************************************************************
 174:Generated_Source\PSoC4/CAN_1_INT.c ****     *
 175:Generated_Source\PSoC4/CAN_1_INT.c ****     * Summary:
 176:Generated_Source\PSoC4/CAN_1_INT.c ****     *  This function is entry point to Acknowledge Error Interrupt. Clears
 177:Generated_Source\PSoC4/CAN_1_INT.c ****     *  Acknowledge Error interrupt flag. Only generated if Acknowledge Error
 178:Generated_Source\PSoC4/CAN_1_INT.c ****     *  Interrupt enable in Customizer.
 179:Generated_Source\PSoC4/CAN_1_INT.c ****     *
 180:Generated_Source\PSoC4/CAN_1_INT.c ****     * Parameters:
 181:Generated_Source\PSoC4/CAN_1_INT.c ****     *  None.
 182:Generated_Source\PSoC4/CAN_1_INT.c ****     *
 183:Generated_Source\PSoC4/CAN_1_INT.c ****     * Return:
 184:Generated_Source\PSoC4/CAN_1_INT.c ****     *  None.
 185:Generated_Source\PSoC4/CAN_1_INT.c ****     *
 186:Generated_Source\PSoC4/CAN_1_INT.c ****     * Reentrant:
 187:Generated_Source\PSoC4/CAN_1_INT.c ****     *  Depends on Customer code.
 188:Generated_Source\PSoC4/CAN_1_INT.c ****     *
 189:Generated_Source\PSoC4/CAN_1_INT.c ****     *******************************************************************************/
 190:Generated_Source\PSoC4/CAN_1_INT.c ****     void CAN_1_AckErrorIsr(void) 
 191:Generated_Source\PSoC4/CAN_1_INT.c ****     {
 192:Generated_Source\PSoC4/CAN_1_INT.c ****         /* Clear Acknoledge Error flag */
 193:Generated_Source\PSoC4/CAN_1_INT.c ****         CAN_1_INT_SR_REG = CAN_1_ACK_ERROR_MASK;
 194:Generated_Source\PSoC4/CAN_1_INT.c **** 
 195:Generated_Source\PSoC4/CAN_1_INT.c ****         /* `#START ACKNOWLEDGE_ERROR_ISR` */
 196:Generated_Source\PSoC4/CAN_1_INT.c **** 
 197:Generated_Source\PSoC4/CAN_1_INT.c ****         /* `#END` */
 198:Generated_Source\PSoC4/CAN_1_INT.c **** 
 199:Generated_Source\PSoC4/CAN_1_INT.c ****         #ifdef CAN_1_ACK_ERROR_ISR_CALLBACK
 200:Generated_Source\PSoC4/CAN_1_INT.c ****             CAN_1_AckErrorIsr_Callback();
 201:Generated_Source\PSoC4/CAN_1_INT.c ****         #endif /* CAN_1_ACK_ERROR_ISR_CALLBACK */
ARM GAS  C:\Users\Melody\AppData\Local\Temp\ccdxYA0h.s 			page 5


 202:Generated_Source\PSoC4/CAN_1_INT.c ****     }
 203:Generated_Source\PSoC4/CAN_1_INT.c **** #endif /* CAN_1_ACK_ERR */
 204:Generated_Source\PSoC4/CAN_1_INT.c **** 
 205:Generated_Source\PSoC4/CAN_1_INT.c **** 
 206:Generated_Source\PSoC4/CAN_1_INT.c **** #if (CAN_1_FORM_ERR)
 207:Generated_Source\PSoC4/CAN_1_INT.c ****     /*******************************************************************************
 208:Generated_Source\PSoC4/CAN_1_INT.c ****     * FUNCTION NAME:   CAN_1_MsgErrorIsr
 209:Generated_Source\PSoC4/CAN_1_INT.c ****     ********************************************************************************
 210:Generated_Source\PSoC4/CAN_1_INT.c ****     *
 211:Generated_Source\PSoC4/CAN_1_INT.c ****     * Summary:
 212:Generated_Source\PSoC4/CAN_1_INT.c ****     *  This function is entry point to Form Error Interrupt. Clears Form Error
 213:Generated_Source\PSoC4/CAN_1_INT.c ****     *  interrupt flag. Only generated if Form Error Interrupt enable in Customizer.
 214:Generated_Source\PSoC4/CAN_1_INT.c ****     *
 215:Generated_Source\PSoC4/CAN_1_INT.c ****     * Parameters:
 216:Generated_Source\PSoC4/CAN_1_INT.c ****     *  None.
 217:Generated_Source\PSoC4/CAN_1_INT.c ****     *
 218:Generated_Source\PSoC4/CAN_1_INT.c ****     * Return:
 219:Generated_Source\PSoC4/CAN_1_INT.c ****     *  None.
 220:Generated_Source\PSoC4/CAN_1_INT.c ****     *
 221:Generated_Source\PSoC4/CAN_1_INT.c ****     * Reentrant:
 222:Generated_Source\PSoC4/CAN_1_INT.c ****     *  Depends on Customer code.
 223:Generated_Source\PSoC4/CAN_1_INT.c ****     *
 224:Generated_Source\PSoC4/CAN_1_INT.c ****     *******************************************************************************/
 225:Generated_Source\PSoC4/CAN_1_INT.c ****     void CAN_1_MsgErrorIsr(void) 
 226:Generated_Source\PSoC4/CAN_1_INT.c ****     {
 227:Generated_Source\PSoC4/CAN_1_INT.c ****         /* Clear Form Error flag */
 228:Generated_Source\PSoC4/CAN_1_INT.c ****         CAN_1_INT_SR_REG = CAN_1_FORM_ERROR_MASK;
 229:Generated_Source\PSoC4/CAN_1_INT.c **** 
 230:Generated_Source\PSoC4/CAN_1_INT.c ****         /* `#START MESSAGE_ERROR_ISR` */
 231:Generated_Source\PSoC4/CAN_1_INT.c **** 
 232:Generated_Source\PSoC4/CAN_1_INT.c ****         /* `#END` */
 233:Generated_Source\PSoC4/CAN_1_INT.c **** 
 234:Generated_Source\PSoC4/CAN_1_INT.c ****         #ifdef CAN_1_MSG_ERROR_ISR_CALLBACK
 235:Generated_Source\PSoC4/CAN_1_INT.c ****             CAN_1_MsgErrorIsr_Callback();
 236:Generated_Source\PSoC4/CAN_1_INT.c ****         #endif /* CAN_1_MSG_ERROR_ISR_CALLBACK */
 237:Generated_Source\PSoC4/CAN_1_INT.c ****     }
 238:Generated_Source\PSoC4/CAN_1_INT.c **** #endif /* CAN_1_FORM_ERR */
 239:Generated_Source\PSoC4/CAN_1_INT.c **** 
 240:Generated_Source\PSoC4/CAN_1_INT.c **** 
 241:Generated_Source\PSoC4/CAN_1_INT.c **** #if (CAN_1_CRC_ERR)
 242:Generated_Source\PSoC4/CAN_1_INT.c ****     /*******************************************************************************
 243:Generated_Source\PSoC4/CAN_1_INT.c ****     * FUNCTION NAME:   CAN_1_CrcErrorIsr
 244:Generated_Source\PSoC4/CAN_1_INT.c ****     ********************************************************************************
 245:Generated_Source\PSoC4/CAN_1_INT.c ****     *
 246:Generated_Source\PSoC4/CAN_1_INT.c ****     * Summary:
 247:Generated_Source\PSoC4/CAN_1_INT.c ****     *  This function is entry point to CRC Error Interrupt. Clears CRC Error
 248:Generated_Source\PSoC4/CAN_1_INT.c ****     *  interrupt flag. Only generated if CRC Error Interrupt enable in Customizer.
 249:Generated_Source\PSoC4/CAN_1_INT.c ****     *
 250:Generated_Source\PSoC4/CAN_1_INT.c ****     * Parameters:
 251:Generated_Source\PSoC4/CAN_1_INT.c ****     *  None.
 252:Generated_Source\PSoC4/CAN_1_INT.c ****     *
 253:Generated_Source\PSoC4/CAN_1_INT.c ****     * Return:
 254:Generated_Source\PSoC4/CAN_1_INT.c ****     *  None.
 255:Generated_Source\PSoC4/CAN_1_INT.c ****     *
 256:Generated_Source\PSoC4/CAN_1_INT.c ****     * Reentrant:
 257:Generated_Source\PSoC4/CAN_1_INT.c ****     *  Depends on Customer code.
 258:Generated_Source\PSoC4/CAN_1_INT.c ****     *
ARM GAS  C:\Users\Melody\AppData\Local\Temp\ccdxYA0h.s 			page 6


 259:Generated_Source\PSoC4/CAN_1_INT.c ****     *******************************************************************************/
 260:Generated_Source\PSoC4/CAN_1_INT.c ****     void CAN_1_CrcErrorIsr(void) 
 261:Generated_Source\PSoC4/CAN_1_INT.c ****     {
 262:Generated_Source\PSoC4/CAN_1_INT.c ****         /* Clear CRC Error flag */
 263:Generated_Source\PSoC4/CAN_1_INT.c ****         CAN_1_INT_SR_REG = CAN_1_CRC_ERROR_MASK;
 264:Generated_Source\PSoC4/CAN_1_INT.c **** 
 265:Generated_Source\PSoC4/CAN_1_INT.c ****         /* `#START CRC_ERROR_ISR` */
 266:Generated_Source\PSoC4/CAN_1_INT.c **** 
 267:Generated_Source\PSoC4/CAN_1_INT.c ****         /* `#END` */
 268:Generated_Source\PSoC4/CAN_1_INT.c **** 
 269:Generated_Source\PSoC4/CAN_1_INT.c ****         #ifdef CAN_1_CRC_ERROR_ISR_CALLBACK
 270:Generated_Source\PSoC4/CAN_1_INT.c ****             CAN_1_CrcErrorIsr_Callback();
 271:Generated_Source\PSoC4/CAN_1_INT.c ****         #endif /* CAN_1_CRC_ERROR_ISR_CALLBACK */
 272:Generated_Source\PSoC4/CAN_1_INT.c ****     }
 273:Generated_Source\PSoC4/CAN_1_INT.c **** #endif /* CAN_1_CRC_ERR */
 274:Generated_Source\PSoC4/CAN_1_INT.c **** 
 275:Generated_Source\PSoC4/CAN_1_INT.c **** 
 276:Generated_Source\PSoC4/CAN_1_INT.c **** #if (CAN_1_BUS_OFF)
 277:Generated_Source\PSoC4/CAN_1_INT.c ****     /*******************************************************************************
 278:Generated_Source\PSoC4/CAN_1_INT.c ****     * FUNCTION NAME:   CAN_1_BusOffIsr
 279:Generated_Source\PSoC4/CAN_1_INT.c ****     ********************************************************************************
 280:Generated_Source\PSoC4/CAN_1_INT.c ****     *
 281:Generated_Source\PSoC4/CAN_1_INT.c ****     * Summary:
 282:Generated_Source\PSoC4/CAN_1_INT.c ****     *  This function is entry point to Bus Off Interrupt. Places CAN Component
 283:Generated_Source\PSoC4/CAN_1_INT.c ****     *  to Stop mode. Only generated if Bus Off Interrupt enable in Customizer.
 284:Generated_Source\PSoC4/CAN_1_INT.c ****     *  Recommended setting to enable this interrupt.
 285:Generated_Source\PSoC4/CAN_1_INT.c ****     *
 286:Generated_Source\PSoC4/CAN_1_INT.c ****     * Parameters:
 287:Generated_Source\PSoC4/CAN_1_INT.c ****     *  None.
 288:Generated_Source\PSoC4/CAN_1_INT.c ****     *
 289:Generated_Source\PSoC4/CAN_1_INT.c ****     * Return:
 290:Generated_Source\PSoC4/CAN_1_INT.c ****     *  None.
 291:Generated_Source\PSoC4/CAN_1_INT.c ****     *
 292:Generated_Source\PSoC4/CAN_1_INT.c ****     * Side Effects:
 293:Generated_Source\PSoC4/CAN_1_INT.c ****     *  Stops CAN component operation.
 294:Generated_Source\PSoC4/CAN_1_INT.c ****     *
 295:Generated_Source\PSoC4/CAN_1_INT.c ****     *******************************************************************************/
 296:Generated_Source\PSoC4/CAN_1_INT.c ****     void CAN_1_BusOffIsr(void) 
 297:Generated_Source\PSoC4/CAN_1_INT.c ****     {
  28              		.loc 1 297 0
  29              		.cfi_startproc
  30              		@ args = 0, pretend = 0, frame = 0
  31              		@ frame_needed = 0, uses_anonymous_args = 0
 298:Generated_Source\PSoC4/CAN_1_INT.c ****         /* Clear Bus Off flag */
 299:Generated_Source\PSoC4/CAN_1_INT.c ****         CAN_1_INT_SR_REG = CAN_1_BUS_OFF_MASK;
  32              		.loc 1 299 0
  33 0000 8022     		movs	r2, #128
 297:Generated_Source\PSoC4/CAN_1_INT.c ****         /* Clear Bus Off flag */
  34              		.loc 1 297 0
  35 0002 10B5     		push	{r4, lr}
  36              		.cfi_def_cfa_offset 8
  37              		.cfi_offset 4, -8
  38              		.cfi_offset 14, -4
  39              		.loc 1 299 0
  40 0004 024B     		ldr	r3, .L2
  41 0006 9200     		lsls	r2, r2, #2
  42 0008 1A60     		str	r2, [r3]
ARM GAS  C:\Users\Melody\AppData\Local\Temp\ccdxYA0h.s 			page 7


 300:Generated_Source\PSoC4/CAN_1_INT.c **** 
 301:Generated_Source\PSoC4/CAN_1_INT.c ****         /* `#START BUS_OFF_ISR` */
 302:Generated_Source\PSoC4/CAN_1_INT.c **** 
 303:Generated_Source\PSoC4/CAN_1_INT.c ****         /* `#END` */
 304:Generated_Source\PSoC4/CAN_1_INT.c **** 
 305:Generated_Source\PSoC4/CAN_1_INT.c ****         #ifdef CAN_1_BUS_OFF_ISR_CALLBACK
 306:Generated_Source\PSoC4/CAN_1_INT.c ****             CAN_1_BusOffIsr_Callback();
 307:Generated_Source\PSoC4/CAN_1_INT.c ****         #endif /* CAN_1_BUS_OFF_ISR_CALLBACK */
 308:Generated_Source\PSoC4/CAN_1_INT.c **** 
 309:Generated_Source\PSoC4/CAN_1_INT.c ****         (void) CAN_1_Stop();
  43              		.loc 1 309 0
  44 000a FFF7FEFF 		bl	CAN_1_Stop
  45              	.LVL0:
 310:Generated_Source\PSoC4/CAN_1_INT.c ****     }
  46              		.loc 1 310 0
  47              		@ sp needed
  48 000e 10BD     		pop	{r4, pc}
  49              	.L3:
  50              		.align	2
  51              	.L2:
  52 0010 00002E40 		.word	1076756480
  53              		.cfi_endproc
  54              	.LFE1:
  55              		.size	CAN_1_BusOffIsr, .-CAN_1_BusOffIsr
  56              		.section	.text.CAN_1_MsgRXIsr,"ax",%progbits
  57              		.align	1
  58              		.global	CAN_1_MsgRXIsr
  59              		.code	16
  60              		.thumb_func
  61              		.type	CAN_1_MsgRXIsr, %function
  62              	CAN_1_MsgRXIsr:
  63              	.LFB2:
 311:Generated_Source\PSoC4/CAN_1_INT.c **** #endif /* CAN_1_BUS_OFF */
 312:Generated_Source\PSoC4/CAN_1_INT.c **** 
 313:Generated_Source\PSoC4/CAN_1_INT.c **** 
 314:Generated_Source\PSoC4/CAN_1_INT.c **** #if (CAN_1_RX_MSG_LOST)
 315:Generated_Source\PSoC4/CAN_1_INT.c ****     /*******************************************************************************
 316:Generated_Source\PSoC4/CAN_1_INT.c ****     * FUNCTION NAME:   CAN_1_MsgLostIsr
 317:Generated_Source\PSoC4/CAN_1_INT.c ****     ********************************************************************************
 318:Generated_Source\PSoC4/CAN_1_INT.c ****     *
 319:Generated_Source\PSoC4/CAN_1_INT.c ****     * Summary:
 320:Generated_Source\PSoC4/CAN_1_INT.c ****     *  This function is entry point to Message Lost Interrupt. Clears Message Lost
 321:Generated_Source\PSoC4/CAN_1_INT.c ****     *  interrupt flag. Only generated if Message Lost Interrupt enable in Customizer
 322:Generated_Source\PSoC4/CAN_1_INT.c ****     *
 323:Generated_Source\PSoC4/CAN_1_INT.c ****     * Parameters:
 324:Generated_Source\PSoC4/CAN_1_INT.c ****     *  None.
 325:Generated_Source\PSoC4/CAN_1_INT.c ****     *
 326:Generated_Source\PSoC4/CAN_1_INT.c ****     * Return:
 327:Generated_Source\PSoC4/CAN_1_INT.c ****     *  None.
 328:Generated_Source\PSoC4/CAN_1_INT.c ****     *
 329:Generated_Source\PSoC4/CAN_1_INT.c ****     * Reentrant:
 330:Generated_Source\PSoC4/CAN_1_INT.c ****     *  Depends on Customer code.
 331:Generated_Source\PSoC4/CAN_1_INT.c ****     *
 332:Generated_Source\PSoC4/CAN_1_INT.c ****     *******************************************************************************/
 333:Generated_Source\PSoC4/CAN_1_INT.c ****     void CAN_1_MsgLostIsr(void) 
 334:Generated_Source\PSoC4/CAN_1_INT.c ****     {
 335:Generated_Source\PSoC4/CAN_1_INT.c ****         /* Clear Receive Message Lost flag */
ARM GAS  C:\Users\Melody\AppData\Local\Temp\ccdxYA0h.s 			page 8


 336:Generated_Source\PSoC4/CAN_1_INT.c ****         CAN_1_INT_SR_REG = CAN_1_RX_MSG_LOST_MASK;
 337:Generated_Source\PSoC4/CAN_1_INT.c **** 
 338:Generated_Source\PSoC4/CAN_1_INT.c ****         /* `#START MESSAGE_LOST_ISR` */
 339:Generated_Source\PSoC4/CAN_1_INT.c **** 
 340:Generated_Source\PSoC4/CAN_1_INT.c ****         /* `#END` */
 341:Generated_Source\PSoC4/CAN_1_INT.c **** 
 342:Generated_Source\PSoC4/CAN_1_INT.c ****         #ifdef CAN_1_MSG_LOST_ISR_CALLBACK
 343:Generated_Source\PSoC4/CAN_1_INT.c ****             CAN_1_MsgLostIsr_Callback();
 344:Generated_Source\PSoC4/CAN_1_INT.c ****         #endif /* CAN_1_MSG_LOST_ISR_CALLBACK */
 345:Generated_Source\PSoC4/CAN_1_INT.c ****     }
 346:Generated_Source\PSoC4/CAN_1_INT.c **** #endif /* CAN_1_RX_MSG_LOST */
 347:Generated_Source\PSoC4/CAN_1_INT.c **** 
 348:Generated_Source\PSoC4/CAN_1_INT.c **** 
 349:Generated_Source\PSoC4/CAN_1_INT.c **** #if (CAN_1_TX_MESSAGE)
 350:Generated_Source\PSoC4/CAN_1_INT.c ****     /*******************************************************************************
 351:Generated_Source\PSoC4/CAN_1_INT.c ****     * FUNCTION NAME:   CAN_1_MsgTXIsr
 352:Generated_Source\PSoC4/CAN_1_INT.c ****     ********************************************************************************
 353:Generated_Source\PSoC4/CAN_1_INT.c ****     *
 354:Generated_Source\PSoC4/CAN_1_INT.c ****     * Summary:
 355:Generated_Source\PSoC4/CAN_1_INT.c ****     *  This function is entry point to Transmit Message Interrupt. Clears Transmit
 356:Generated_Source\PSoC4/CAN_1_INT.c ****     *  Message interrupt flag. Only generated if Transmit Message Interrupt enable
 357:Generated_Source\PSoC4/CAN_1_INT.c ****     *  in Customizer.
 358:Generated_Source\PSoC4/CAN_1_INT.c ****     *
 359:Generated_Source\PSoC4/CAN_1_INT.c ****     * Parameters:
 360:Generated_Source\PSoC4/CAN_1_INT.c ****     *  None.
 361:Generated_Source\PSoC4/CAN_1_INT.c ****     *
 362:Generated_Source\PSoC4/CAN_1_INT.c ****     * Return:
 363:Generated_Source\PSoC4/CAN_1_INT.c ****     *  None.
 364:Generated_Source\PSoC4/CAN_1_INT.c ****     *
 365:Generated_Source\PSoC4/CAN_1_INT.c ****     * Reentrant:
 366:Generated_Source\PSoC4/CAN_1_INT.c ****     *  Depends on Customer code.
 367:Generated_Source\PSoC4/CAN_1_INT.c ****     *
 368:Generated_Source\PSoC4/CAN_1_INT.c ****     *******************************************************************************/
 369:Generated_Source\PSoC4/CAN_1_INT.c ****     void CAN_1_MsgTXIsr(void) 
 370:Generated_Source\PSoC4/CAN_1_INT.c ****     {
 371:Generated_Source\PSoC4/CAN_1_INT.c ****         /* Clear Transmit Message flag */
 372:Generated_Source\PSoC4/CAN_1_INT.c ****         CAN_1_INT_SR_REG = CAN_1_TX_MESSAGE_MASK;
 373:Generated_Source\PSoC4/CAN_1_INT.c **** 
 374:Generated_Source\PSoC4/CAN_1_INT.c ****         /* `#START MESSAGE_TRANSMITTED_ISR` */
 375:Generated_Source\PSoC4/CAN_1_INT.c **** 
 376:Generated_Source\PSoC4/CAN_1_INT.c ****         /* `#END` */
 377:Generated_Source\PSoC4/CAN_1_INT.c **** 
 378:Generated_Source\PSoC4/CAN_1_INT.c ****         #ifdef CAN_1_MSG_TX_ISR_CALLBACK
 379:Generated_Source\PSoC4/CAN_1_INT.c ****             CAN_1_MsgTXIsr_Callback();
 380:Generated_Source\PSoC4/CAN_1_INT.c ****         #endif /* CAN_1_MSG_TX_ISR_CALLBACK */
 381:Generated_Source\PSoC4/CAN_1_INT.c ****     }
 382:Generated_Source\PSoC4/CAN_1_INT.c **** #endif /* CAN_1_TX_MESSAGE */
 383:Generated_Source\PSoC4/CAN_1_INT.c **** 
 384:Generated_Source\PSoC4/CAN_1_INT.c **** 
 385:Generated_Source\PSoC4/CAN_1_INT.c **** #if (CAN_1_RX_MESSAGE)
 386:Generated_Source\PSoC4/CAN_1_INT.c ****     /*******************************************************************************
 387:Generated_Source\PSoC4/CAN_1_INT.c ****     * FUNCTION NAME:   CAN_1_MsgRXIsr
 388:Generated_Source\PSoC4/CAN_1_INT.c ****     ********************************************************************************
 389:Generated_Source\PSoC4/CAN_1_INT.c ****     *
 390:Generated_Source\PSoC4/CAN_1_INT.c ****     * Summary:
 391:Generated_Source\PSoC4/CAN_1_INT.c ****     *  This function is entry point to Receive Message Interrupt. Clears Receive
 392:Generated_Source\PSoC4/CAN_1_INT.c ****     *  Message interrupt flag and call appropriate handlers for Basic and Full
ARM GAS  C:\Users\Melody\AppData\Local\Temp\ccdxYA0h.s 			page 9


 393:Generated_Source\PSoC4/CAN_1_INT.c ****     *  interrupt based mailboxes. Only generated if Receive Message Interrupt
 394:Generated_Source\PSoC4/CAN_1_INT.c ****     *  enable in Customizer. Recommended setting to enable this interrupt.
 395:Generated_Source\PSoC4/CAN_1_INT.c ****     *
 396:Generated_Source\PSoC4/CAN_1_INT.c ****     * Parameters:
 397:Generated_Source\PSoC4/CAN_1_INT.c ****     *  None.
 398:Generated_Source\PSoC4/CAN_1_INT.c ****     *
 399:Generated_Source\PSoC4/CAN_1_INT.c ****     * Return:
 400:Generated_Source\PSoC4/CAN_1_INT.c ****     *  None.
 401:Generated_Source\PSoC4/CAN_1_INT.c ****     *
 402:Generated_Source\PSoC4/CAN_1_INT.c ****     *******************************************************************************/
 403:Generated_Source\PSoC4/CAN_1_INT.c ****     void CAN_1_MsgRXIsr(void) 
 404:Generated_Source\PSoC4/CAN_1_INT.c ****     {
  64              		.loc 1 404 0
  65              		.cfi_startproc
  66              		@ args = 0, pretend = 0, frame = 0
  67              		@ frame_needed = 0, uses_anonymous_args = 0
  68              	.LVL1:
 405:Generated_Source\PSoC4/CAN_1_INT.c ****         uint8 mailboxNumber;
 406:Generated_Source\PSoC4/CAN_1_INT.c ****         uint16 shift = 0x01u;
 407:Generated_Source\PSoC4/CAN_1_INT.c **** 
 408:Generated_Source\PSoC4/CAN_1_INT.c ****         /* Clear Receive Message flag */
 409:Generated_Source\PSoC4/CAN_1_INT.c ****         CAN_1_INT_SR_REG = CAN_1_RX_MESSAGE_MASK;
  69              		.loc 1 409 0
  70 0000 8022     		movs	r2, #128
 404:Generated_Source\PSoC4/CAN_1_INT.c ****         uint8 mailboxNumber;
  71              		.loc 1 404 0
  72 0002 70B5     		push	{r4, r5, r6, lr}
  73              		.cfi_def_cfa_offset 16
  74              		.cfi_offset 4, -16
  75              		.cfi_offset 5, -12
  76              		.cfi_offset 6, -8
  77              		.cfi_offset 14, -4
  78              		.loc 1 409 0
  79 0004 0024     		movs	r4, #0
 406:Generated_Source\PSoC4/CAN_1_INT.c **** 
  80              		.loc 1 406 0
  81 0006 0125     		movs	r5, #1
 410:Generated_Source\PSoC4/CAN_1_INT.c **** 
 411:Generated_Source\PSoC4/CAN_1_INT.c ****         /* `#START MESSAGE_RECEIVE_ISR` */
 412:Generated_Source\PSoC4/CAN_1_INT.c **** 
 413:Generated_Source\PSoC4/CAN_1_INT.c ****         /* `#END` */
 414:Generated_Source\PSoC4/CAN_1_INT.c **** 
 415:Generated_Source\PSoC4/CAN_1_INT.c ****         #ifdef CAN_1_MSG_RX_ISR_CALLBACK
 416:Generated_Source\PSoC4/CAN_1_INT.c ****             CAN_1_MsgRXIsr_Callback();
 417:Generated_Source\PSoC4/CAN_1_INT.c ****         #endif /* CAN_1_MSG_RX_ISR_CALLBACK */
 418:Generated_Source\PSoC4/CAN_1_INT.c **** 
 419:Generated_Source\PSoC4/CAN_1_INT.c ****         for (mailboxNumber = 0u; mailboxNumber < CAN_1_NUMBER_OF_RX_MAILBOXES; mailboxNumber++)
 420:Generated_Source\PSoC4/CAN_1_INT.c ****         {
 421:Generated_Source\PSoC4/CAN_1_INT.c **** 
 422:Generated_Source\PSoC4/CAN_1_INT.c ****             if ((CAN_1_BUF_SR_REG & shift) != 0u)
 423:Generated_Source\PSoC4/CAN_1_INT.c ****             {
 424:Generated_Source\PSoC4/CAN_1_INT.c ****                 if ((CAN_1_RX_CMD_REG(mailboxNumber) & CAN_1_RX_INT_ENABLE_MASK) != 0u)
  82              		.loc 1 424 0
  83 0008 2026     		movs	r6, #32
 409:Generated_Source\PSoC4/CAN_1_INT.c **** 
  84              		.loc 1 409 0
  85 000a 0B4B     		ldr	r3, .L15
ARM GAS  C:\Users\Melody\AppData\Local\Temp\ccdxYA0h.s 			page 10


  86 000c 5201     		lsls	r2, r2, #5
  87 000e 1A60     		str	r2, [r3]
  88              	.LVL2:
  89              	.L6:
 422:Generated_Source\PSoC4/CAN_1_INT.c ****             {
  90              		.loc 1 422 0
  91 0010 0A4B     		ldr	r3, .L15+4
  92 0012 E0B2     		uxtb	r0, r4
  93              	.LVL3:
  94 0014 1B68     		ldr	r3, [r3]
  95 0016 2B42     		tst	r3, r5
  96 0018 07D0     		beq	.L5
  97 001a 094B     		ldr	r3, .L15+8
  98 001c E318     		adds	r3, r4, r3
  99 001e 5B01     		lsls	r3, r3, #5
 100              		.loc 1 424 0
 101 0020 1B68     		ldr	r3, [r3]
 102 0022 3342     		tst	r3, r6
 103 0024 01D0     		beq	.L5
 425:Generated_Source\PSoC4/CAN_1_INT.c ****                 {
 426:Generated_Source\PSoC4/CAN_1_INT.c ****                     if ((CAN_1_RX_MAILBOX_TYPE & shift) != 0u)
 427:Generated_Source\PSoC4/CAN_1_INT.c ****                     {
 428:Generated_Source\PSoC4/CAN_1_INT.c ****                         /* RX Full mailboxes handler */
 429:Generated_Source\PSoC4/CAN_1_INT.c ****                     }
 430:Generated_Source\PSoC4/CAN_1_INT.c ****                     else
 431:Generated_Source\PSoC4/CAN_1_INT.c ****                     {
 432:Generated_Source\PSoC4/CAN_1_INT.c ****                         /* RX Basic mailbox handler */
 433:Generated_Source\PSoC4/CAN_1_INT.c ****                         CAN_1_ReceiveMsg(mailboxNumber);
 104              		.loc 1 433 0
 105 0026 FFF7FEFF 		bl	CAN_1_ReceiveMsg
 106              	.LVL4:
 107              	.L5:
 434:Generated_Source\PSoC4/CAN_1_INT.c ****                     }
 435:Generated_Source\PSoC4/CAN_1_INT.c ****                 }
 436:Generated_Source\PSoC4/CAN_1_INT.c ****             }
 437:Generated_Source\PSoC4/CAN_1_INT.c ****             shift <<= 1u;
 108              		.loc 1 437 0 discriminator 2
 109 002a 6D00     		lsls	r5, r5, #1
 110              	.LVL5:
 111 002c 0134     		adds	r4, r4, #1
 112              	.LVL6:
 113 002e ADB2     		uxth	r5, r5
 114              	.LVL7:
 419:Generated_Source\PSoC4/CAN_1_INT.c ****         {
 115              		.loc 1 419 0 discriminator 2
 116 0030 102C     		cmp	r4, #16
 117 0032 EDD1     		bne	.L6
 438:Generated_Source\PSoC4/CAN_1_INT.c ****         }
 439:Generated_Source\PSoC4/CAN_1_INT.c ****     }
 118              		.loc 1 439 0
 119              		@ sp needed
 120              	.LVL8:
 121 0034 70BD     		pop	{r4, r5, r6, pc}
 122              	.L16:
 123 0036 C046     		.align	2
 124              	.L15:
 125 0038 00002E40 		.word	1076756480
ARM GAS  C:\Users\Melody\AppData\Local\Temp\ccdxYA0h.s 			page 11


 126 003c 08002E40 		.word	1076756488
 127 0040 05700102 		.word	33648645
 128              		.cfi_endproc
 129              	.LFE2:
 130              		.size	CAN_1_MsgRXIsr, .-CAN_1_MsgRXIsr
 131              		.section	.text.CAN_1_ISR,"ax",%progbits
 132              		.align	1
 133              		.global	CAN_1_ISR
 134              		.code	16
 135              		.thumb_func
 136              		.type	CAN_1_ISR, %function
 137              	CAN_1_ISR:
 138              	.LFB3:
 440:Generated_Source\PSoC4/CAN_1_INT.c **** #endif /* CAN_1_RX_MESSAGE */
 441:Generated_Source\PSoC4/CAN_1_INT.c **** 
 442:Generated_Source\PSoC4/CAN_1_INT.c **** 
 443:Generated_Source\PSoC4/CAN_1_INT.c **** #if (CAN_1_RTR_AUTO_MSG_SENT)
 444:Generated_Source\PSoC4/CAN_1_INT.c ****     /*******************************************************************************
 445:Generated_Source\PSoC4/CAN_1_INT.c ****     * FUNCTION NAME:   CAN_1_RtrAutoMsgSentIsr
 446:Generated_Source\PSoC4/CAN_1_INT.c ****     ********************************************************************************
 447:Generated_Source\PSoC4/CAN_1_INT.c ****     *
 448:Generated_Source\PSoC4/CAN_1_INT.c ****     * Summary:
 449:Generated_Source\PSoC4/CAN_1_INT.c ****     *  This function is entry point to the RTR automatic message sent Interrupt.
 450:Generated_Source\PSoC4/CAN_1_INT.c ****     *  It is only generated if RTR message sent Interrupt is enabled in Customizer.
 451:Generated_Source\PSoC4/CAN_1_INT.c ****     *
 452:Generated_Source\PSoC4/CAN_1_INT.c ****     * Parameters:
 453:Generated_Source\PSoC4/CAN_1_INT.c ****     *  None.
 454:Generated_Source\PSoC4/CAN_1_INT.c ****     *
 455:Generated_Source\PSoC4/CAN_1_INT.c ****     * Return:
 456:Generated_Source\PSoC4/CAN_1_INT.c ****     *  None.
 457:Generated_Source\PSoC4/CAN_1_INT.c ****     *
 458:Generated_Source\PSoC4/CAN_1_INT.c ****     *******************************************************************************/
 459:Generated_Source\PSoC4/CAN_1_INT.c ****     void CAN_1_RtrAutoMsgSentIsr(void)
 460:Generated_Source\PSoC4/CAN_1_INT.c ****     {
 461:Generated_Source\PSoC4/CAN_1_INT.c ****         /* Clear RTR auto-reply message sent flag */
 462:Generated_Source\PSoC4/CAN_1_INT.c ****         CAN_1_INT_SR_REG = CAN_1_RTR_MSG_MASK;
 463:Generated_Source\PSoC4/CAN_1_INT.c **** 
 464:Generated_Source\PSoC4/CAN_1_INT.c ****         /* `#START RTR_AUTO_MSG_SENT_ISR` */
 465:Generated_Source\PSoC4/CAN_1_INT.c **** 
 466:Generated_Source\PSoC4/CAN_1_INT.c ****         /* `#END` */
 467:Generated_Source\PSoC4/CAN_1_INT.c **** 
 468:Generated_Source\PSoC4/CAN_1_INT.c ****         #ifdef CAN_1_RTR_AUTO_MSG_SENT_ISR_CALLBACK
 469:Generated_Source\PSoC4/CAN_1_INT.c ****             CAN_1_RtrAutoMsgSentIsr_Callback();
 470:Generated_Source\PSoC4/CAN_1_INT.c ****         #endif /* CAN_1_RTR_AUTO_MSG_SENT_ISR_CALLBACK */
 471:Generated_Source\PSoC4/CAN_1_INT.c ****     }
 472:Generated_Source\PSoC4/CAN_1_INT.c **** #endif /* CAN_1_RTR_AUTO_MSG_SENT */
 473:Generated_Source\PSoC4/CAN_1_INT.c **** 
 474:Generated_Source\PSoC4/CAN_1_INT.c **** 
 475:Generated_Source\PSoC4/CAN_1_INT.c **** #if (CAN_1_STUCK_AT_ZERO)
 476:Generated_Source\PSoC4/CAN_1_INT.c ****     /*******************************************************************************
 477:Generated_Source\PSoC4/CAN_1_INT.c ****     * FUNCTION NAME:   CAN_1_StuckAtZeroIsr
 478:Generated_Source\PSoC4/CAN_1_INT.c ****     ********************************************************************************
 479:Generated_Source\PSoC4/CAN_1_INT.c ****     *
 480:Generated_Source\PSoC4/CAN_1_INT.c ****     * Summary:
 481:Generated_Source\PSoC4/CAN_1_INT.c ****     *  This function is the entry point to the stuck at dominant bit Interrupt.
 482:Generated_Source\PSoC4/CAN_1_INT.c ****     *  It is only generated if stuck at zero Interrupt is enabled in Customizer.
 483:Generated_Source\PSoC4/CAN_1_INT.c ****     *  Enabling this interrupt is recommended.
ARM GAS  C:\Users\Melody\AppData\Local\Temp\ccdxYA0h.s 			page 12


 484:Generated_Source\PSoC4/CAN_1_INT.c ****     *
 485:Generated_Source\PSoC4/CAN_1_INT.c ****     * Parameters:
 486:Generated_Source\PSoC4/CAN_1_INT.c ****     *  None.
 487:Generated_Source\PSoC4/CAN_1_INT.c ****     *
 488:Generated_Source\PSoC4/CAN_1_INT.c ****     * Return:
 489:Generated_Source\PSoC4/CAN_1_INT.c ****     *  None.
 490:Generated_Source\PSoC4/CAN_1_INT.c ****     *
 491:Generated_Source\PSoC4/CAN_1_INT.c ****     * Side Effects:
 492:Generated_Source\PSoC4/CAN_1_INT.c ****     *  Stops CAN component operation.
 493:Generated_Source\PSoC4/CAN_1_INT.c ****     *
 494:Generated_Source\PSoC4/CAN_1_INT.c ****     *******************************************************************************/
 495:Generated_Source\PSoC4/CAN_1_INT.c ****     void CAN_1_StuckAtZeroIsr(void)
 496:Generated_Source\PSoC4/CAN_1_INT.c ****     {
 497:Generated_Source\PSoC4/CAN_1_INT.c ****         /* Clear Stuck at dominant error flag */
 498:Generated_Source\PSoC4/CAN_1_INT.c ****         CAN_1_INT_SR_REG = CAN_1_STUCK_AT_ZERO_MASK;
 499:Generated_Source\PSoC4/CAN_1_INT.c **** 
 500:Generated_Source\PSoC4/CAN_1_INT.c ****         /* `#START STUCK_AT_ZERO_ISR` */
 501:Generated_Source\PSoC4/CAN_1_INT.c **** 
 502:Generated_Source\PSoC4/CAN_1_INT.c ****         /* `#END` */
 503:Generated_Source\PSoC4/CAN_1_INT.c **** 
 504:Generated_Source\PSoC4/CAN_1_INT.c ****         #ifdef CAN_1_STUCK_AT_ZERO_ISR_CALLBACK
 505:Generated_Source\PSoC4/CAN_1_INT.c ****             CAN_1_StuckAtZeroIsr_Callback();
 506:Generated_Source\PSoC4/CAN_1_INT.c ****         #endif /* CAN_1_STUCK_AT_ZERO_ISR_CALLBACK */
 507:Generated_Source\PSoC4/CAN_1_INT.c **** 
 508:Generated_Source\PSoC4/CAN_1_INT.c ****         (void) CAN_1_Stop();
 509:Generated_Source\PSoC4/CAN_1_INT.c ****     }
 510:Generated_Source\PSoC4/CAN_1_INT.c **** #endif /* CAN_1_STUCK_AT_ZERO */
 511:Generated_Source\PSoC4/CAN_1_INT.c **** 
 512:Generated_Source\PSoC4/CAN_1_INT.c **** 
 513:Generated_Source\PSoC4/CAN_1_INT.c **** #if (CAN_1_SST_FAILURE)
 514:Generated_Source\PSoC4/CAN_1_INT.c ****     /*******************************************************************************
 515:Generated_Source\PSoC4/CAN_1_INT.c ****     * FUNCTION NAME:   CAN_1_SSTErrorIsr
 516:Generated_Source\PSoC4/CAN_1_INT.c ****     ********************************************************************************
 517:Generated_Source\PSoC4/CAN_1_INT.c ****     *
 518:Generated_Source\PSoC4/CAN_1_INT.c ****     * Summary:
 519:Generated_Source\PSoC4/CAN_1_INT.c ****     *  This function is the entry point to the single shot transmission error
 520:Generated_Source\PSoC4/CAN_1_INT.c ****     *  Interrupt. It is only generated if the single shot transmission Interrupt
 521:Generated_Source\PSoC4/CAN_1_INT.c ****     *  is enabled in Customizer. Generated when the mailbox set for single shot
 522:Generated_Source\PSoC4/CAN_1_INT.c ****     *  transmission experienced an arbitration loss or a bus error during
 523:Generated_Source\PSoC4/CAN_1_INT.c ****     *  transmission.
 524:Generated_Source\PSoC4/CAN_1_INT.c ****     *
 525:Generated_Source\PSoC4/CAN_1_INT.c ****     * Parameters:
 526:Generated_Source\PSoC4/CAN_1_INT.c ****     *  None.
 527:Generated_Source\PSoC4/CAN_1_INT.c ****     *
 528:Generated_Source\PSoC4/CAN_1_INT.c ****     * Return:
 529:Generated_Source\PSoC4/CAN_1_INT.c ****     *  None.
 530:Generated_Source\PSoC4/CAN_1_INT.c ****     *
 531:Generated_Source\PSoC4/CAN_1_INT.c ****     * Side Effects:
 532:Generated_Source\PSoC4/CAN_1_INT.c ****     *  Removes message that failed SST transmission from the Tx mailbox.
 533:Generated_Source\PSoC4/CAN_1_INT.c ****     *
 534:Generated_Source\PSoC4/CAN_1_INT.c ****     *******************************************************************************/
 535:Generated_Source\PSoC4/CAN_1_INT.c ****     void CAN_1_SSTErrorIsr(void)
 536:Generated_Source\PSoC4/CAN_1_INT.c ****     {
 537:Generated_Source\PSoC4/CAN_1_INT.c ****         uint8 i;
 538:Generated_Source\PSoC4/CAN_1_INT.c **** 
 539:Generated_Source\PSoC4/CAN_1_INT.c ****         /* Clear Single shot transmission failure flag */
 540:Generated_Source\PSoC4/CAN_1_INT.c ****         CAN_1_INT_SR_REG = CAN_1_SST_FAILURE_MASK;
ARM GAS  C:\Users\Melody\AppData\Local\Temp\ccdxYA0h.s 			page 13


 541:Generated_Source\PSoC4/CAN_1_INT.c **** 
 542:Generated_Source\PSoC4/CAN_1_INT.c ****         /* `#START SST_FAILURE_ISR_PRE` */
 543:Generated_Source\PSoC4/CAN_1_INT.c **** 
 544:Generated_Source\PSoC4/CAN_1_INT.c ****         /* `#END` */
 545:Generated_Source\PSoC4/CAN_1_INT.c **** 
 546:Generated_Source\PSoC4/CAN_1_INT.c ****         #ifdef CAN_1_SST_ERROR_ISR_PRE_CALLBACK
 547:Generated_Source\PSoC4/CAN_1_INT.c ****             CAN_1_SSTErrorIsr_Pre_Callback();
 548:Generated_Source\PSoC4/CAN_1_INT.c ****         #endif /* CAN_1_SST_ERROR_ISR_PRE_CALLBACK */
 549:Generated_Source\PSoC4/CAN_1_INT.c **** 
 550:Generated_Source\PSoC4/CAN_1_INT.c ****         /* Removes message that failed SST transmission from the Tx mailbox */
 551:Generated_Source\PSoC4/CAN_1_INT.c ****         for (i = 0u; i < CAN_1_NUMBER_OF_TX_MAILBOXES; i++)
 552:Generated_Source\PSoC4/CAN_1_INT.c ****         {
 553:Generated_Source\PSoC4/CAN_1_INT.c ****             if ((CAN_1_TX_CMD_REG(i) & CAN_1_TX_ABORT_MASK) != 0u)
 554:Generated_Source\PSoC4/CAN_1_INT.c ****             {
 555:Generated_Source\PSoC4/CAN_1_INT.c ****                 CAN_1_TX_CMD_REG(i) = (CAN_1_TX_CMD_REG(i) & (uint32) (~(uint32) CAN_1_TX_TRANSMIT_
 556:Generated_Source\PSoC4/CAN_1_INT.c ****                                     CAN_1_TX_ABORT_MASK;
 557:Generated_Source\PSoC4/CAN_1_INT.c ****             }
 558:Generated_Source\PSoC4/CAN_1_INT.c ****         }
 559:Generated_Source\PSoC4/CAN_1_INT.c **** 
 560:Generated_Source\PSoC4/CAN_1_INT.c ****         /* `#START SST_FAILURE_ISR_POST` */
 561:Generated_Source\PSoC4/CAN_1_INT.c **** 
 562:Generated_Source\PSoC4/CAN_1_INT.c ****         /* `#END` */
 563:Generated_Source\PSoC4/CAN_1_INT.c **** 
 564:Generated_Source\PSoC4/CAN_1_INT.c ****         #ifdef CAN_1_SST_ERROR_ISR_POST_CALLBACK
 565:Generated_Source\PSoC4/CAN_1_INT.c ****             CAN_1_SSTErrorIsr_Post_Callback();
 566:Generated_Source\PSoC4/CAN_1_INT.c ****         #endif /* CAN_1_SST_ERROR_ISR_POST_CALLBACK */
 567:Generated_Source\PSoC4/CAN_1_INT.c ****     }
 568:Generated_Source\PSoC4/CAN_1_INT.c **** #endif /* CAN_1_SST_FAILURE */
 569:Generated_Source\PSoC4/CAN_1_INT.c **** 
 570:Generated_Source\PSoC4/CAN_1_INT.c **** 
 571:Generated_Source\PSoC4/CAN_1_INT.c **** /*******************************************************************************
 572:Generated_Source\PSoC4/CAN_1_INT.c **** * Function Name: CAN_1_ISR
 573:Generated_Source\PSoC4/CAN_1_INT.c **** ********************************************************************************
 574:Generated_Source\PSoC4/CAN_1_INT.c **** *
 575:Generated_Source\PSoC4/CAN_1_INT.c **** * Summary:
 576:Generated_Source\PSoC4/CAN_1_INT.c **** *  This ISR is executed when CAN Core generates and interrupt on one of events:
 577:Generated_Source\PSoC4/CAN_1_INT.c **** *  Arb_lost, Overload, Bit_err, Stuff_err, Ack_err, Form_err, Crc_err,
 578:Generated_Source\PSoC4/CAN_1_INT.c **** *  Buss_off, Rx_msg_lost, Tx_msg or Rx_msg. The interrupt sources depends
 579:Generated_Source\PSoC4/CAN_1_INT.c **** *  on the Customizer inputs.
 580:Generated_Source\PSoC4/CAN_1_INT.c **** *
 581:Generated_Source\PSoC4/CAN_1_INT.c **** * Parameters:
 582:Generated_Source\PSoC4/CAN_1_INT.c **** *  None.
 583:Generated_Source\PSoC4/CAN_1_INT.c **** *
 584:Generated_Source\PSoC4/CAN_1_INT.c **** * Return:
 585:Generated_Source\PSoC4/CAN_1_INT.c **** *  None.
 586:Generated_Source\PSoC4/CAN_1_INT.c **** *
 587:Generated_Source\PSoC4/CAN_1_INT.c **** *******************************************************************************/
 588:Generated_Source\PSoC4/CAN_1_INT.c **** CY_ISR(CAN_1_ISR)
 589:Generated_Source\PSoC4/CAN_1_INT.c **** {
 139              		.loc 1 589 0
 140              		.cfi_startproc
 141              		@ args = 0, pretend = 0, frame = 0
 142              		@ frame_needed = 0, uses_anonymous_args = 0
 590:Generated_Source\PSoC4/CAN_1_INT.c ****     #ifdef CAN_1_ISR_INTERRUPT_CALLBACK
 591:Generated_Source\PSoC4/CAN_1_INT.c ****         CAN_1_ISR_InterruptCallback();
 592:Generated_Source\PSoC4/CAN_1_INT.c ****     #endif /* CAN_1_ISR_INTERRUPT_CALLBACK */
 593:Generated_Source\PSoC4/CAN_1_INT.c ****     
ARM GAS  C:\Users\Melody\AppData\Local\Temp\ccdxYA0h.s 			page 14


 594:Generated_Source\PSoC4/CAN_1_INT.c ****     /* Place your Interrupt code here. */
 595:Generated_Source\PSoC4/CAN_1_INT.c ****     /* `#START CAN_ISR` */
 596:Generated_Source\PSoC4/CAN_1_INT.c **** 
 597:Generated_Source\PSoC4/CAN_1_INT.c ****     /* `#END` */
 598:Generated_Source\PSoC4/CAN_1_INT.c ****     
 599:Generated_Source\PSoC4/CAN_1_INT.c ****     /* Arbitration */
 600:Generated_Source\PSoC4/CAN_1_INT.c ****     #if (CAN_1_ARB_LOST && (CAN_1_ARB_LOST_USE_HELPER || \
 601:Generated_Source\PSoC4/CAN_1_INT.c ****         (!CAN_1_ADVANCED_INTERRUPT_CFG)))
 602:Generated_Source\PSoC4/CAN_1_INT.c ****         if ((CAN_1_INT_SR_REG & CAN_1_ARBITRATION_LOST_MASK) != 0u)
 603:Generated_Source\PSoC4/CAN_1_INT.c ****         {
 604:Generated_Source\PSoC4/CAN_1_INT.c ****             CAN_1_ArbLostIsr();
 605:Generated_Source\PSoC4/CAN_1_INT.c ****         }
 606:Generated_Source\PSoC4/CAN_1_INT.c ****     #endif /* CAN_1_ARB_LOST && CAN_1_ARB_LOST_USE_HELPER */
 607:Generated_Source\PSoC4/CAN_1_INT.c **** 
 608:Generated_Source\PSoC4/CAN_1_INT.c ****     /* Overload Error */
 609:Generated_Source\PSoC4/CAN_1_INT.c ****     #if (CAN_1_OVERLOAD && (CAN_1_OVERLOAD_USE_HELPER || \
 610:Generated_Source\PSoC4/CAN_1_INT.c ****         (!CAN_1_ADVANCED_INTERRUPT_CFG)))
 611:Generated_Source\PSoC4/CAN_1_INT.c ****         if ((CAN_1_INT_SR_REG & CAN_1_OVERLOAD_ERROR_MASK) != 0u)
 612:Generated_Source\PSoC4/CAN_1_INT.c ****         {
 613:Generated_Source\PSoC4/CAN_1_INT.c ****             CAN_1_OvrLdErrorIsr();
 614:Generated_Source\PSoC4/CAN_1_INT.c ****         }
 615:Generated_Source\PSoC4/CAN_1_INT.c ****     #endif /* CAN_1_OVERLOAD && CAN_1_OVERLOAD_USE_HELPER */
 616:Generated_Source\PSoC4/CAN_1_INT.c **** 
 617:Generated_Source\PSoC4/CAN_1_INT.c ****     /* Bit Error */
 618:Generated_Source\PSoC4/CAN_1_INT.c ****     #if (CAN_1_BIT_ERR && (CAN_1_BIT_ERR_USE_HELPER || \
 619:Generated_Source\PSoC4/CAN_1_INT.c ****         (!CAN_1_ADVANCED_INTERRUPT_CFG)))
 620:Generated_Source\PSoC4/CAN_1_INT.c ****         if ((CAN_1_INT_SR_REG & CAN_1_BIT_ERROR_MASK) != 0u)
 621:Generated_Source\PSoC4/CAN_1_INT.c ****         {
 622:Generated_Source\PSoC4/CAN_1_INT.c ****             CAN_1_BitErrorIsr();
 623:Generated_Source\PSoC4/CAN_1_INT.c ****         }
 624:Generated_Source\PSoC4/CAN_1_INT.c ****     #endif /* CAN_1_BIT_ERR && CAN_1_BIT_ERR_USE_HELPER */
 625:Generated_Source\PSoC4/CAN_1_INT.c **** 
 626:Generated_Source\PSoC4/CAN_1_INT.c ****     /* Bit Staff Error */
 627:Generated_Source\PSoC4/CAN_1_INT.c ****     #if (CAN_1_STUFF_ERR && (CAN_1_STUFF_ERR_USE_HELPER || \
 628:Generated_Source\PSoC4/CAN_1_INT.c ****         (!CAN_1_ADVANCED_INTERRUPT_CFG)))
 629:Generated_Source\PSoC4/CAN_1_INT.c ****         if ((CAN_1_INT_SR_REG & CAN_1_STUFF_ERROR_MASK) != 0u)
 630:Generated_Source\PSoC4/CAN_1_INT.c ****         {
 631:Generated_Source\PSoC4/CAN_1_INT.c ****             CAN_1_BitStuffErrorIsr();
 632:Generated_Source\PSoC4/CAN_1_INT.c ****         }
 633:Generated_Source\PSoC4/CAN_1_INT.c ****     #endif /* CAN_1_STUFF_ERR && CAN_1_STUFF_ERR_USE_HELPER */
 634:Generated_Source\PSoC4/CAN_1_INT.c **** 
 635:Generated_Source\PSoC4/CAN_1_INT.c ****     /* ACK Error */
 636:Generated_Source\PSoC4/CAN_1_INT.c ****     #if (CAN_1_ACK_ERR && (CAN_1_ACK_ERR_USE_HELPER || \
 637:Generated_Source\PSoC4/CAN_1_INT.c ****         (!CAN_1_ADVANCED_INTERRUPT_CFG)))
 638:Generated_Source\PSoC4/CAN_1_INT.c ****         if ((CAN_1_INT_SR_REG & CAN_1_ACK_ERROR_MASK) != 0u)
 639:Generated_Source\PSoC4/CAN_1_INT.c ****         {
 640:Generated_Source\PSoC4/CAN_1_INT.c ****             CAN_1_AckErrorIsr();
 641:Generated_Source\PSoC4/CAN_1_INT.c ****         }
 642:Generated_Source\PSoC4/CAN_1_INT.c ****     #endif /* CAN_1_ACK_ERR && CAN_1_ACK_ERR_USE_HELPER */
 643:Generated_Source\PSoC4/CAN_1_INT.c **** 
 644:Generated_Source\PSoC4/CAN_1_INT.c ****     /* Form(msg) Error */
 645:Generated_Source\PSoC4/CAN_1_INT.c ****     #if (CAN_1_FORM_ERR && (CAN_1_FORM_ERR_USE_HELPER || \
 646:Generated_Source\PSoC4/CAN_1_INT.c ****         (!CAN_1_ADVANCED_INTERRUPT_CFG)))
 647:Generated_Source\PSoC4/CAN_1_INT.c ****         if ((CAN_1_INT_SR_REG & CAN_1_FORM_ERROR_MASK) != 0u)
 648:Generated_Source\PSoC4/CAN_1_INT.c ****         {
 649:Generated_Source\PSoC4/CAN_1_INT.c ****             CAN_1_MsgErrorIsr();
 650:Generated_Source\PSoC4/CAN_1_INT.c ****         }
ARM GAS  C:\Users\Melody\AppData\Local\Temp\ccdxYA0h.s 			page 15


 651:Generated_Source\PSoC4/CAN_1_INT.c ****     #endif /* CAN_1_FORM_ERR && CAN_1_FORM_ERR_USE_HELPER */
 652:Generated_Source\PSoC4/CAN_1_INT.c **** 
 653:Generated_Source\PSoC4/CAN_1_INT.c ****     /* CRC Error */
 654:Generated_Source\PSoC4/CAN_1_INT.c ****     #if (CAN_1_CRC_ERR && (CAN_1_CRC_ERR_USE_HELPER || \
 655:Generated_Source\PSoC4/CAN_1_INT.c ****         (!CAN_1_ADVANCED_INTERRUPT_CFG)))
 656:Generated_Source\PSoC4/CAN_1_INT.c ****         if ((CAN_1_INT_SR_REG & CAN_1_CRC_ERROR_MASK) != 0u)
 657:Generated_Source\PSoC4/CAN_1_INT.c ****         {
 658:Generated_Source\PSoC4/CAN_1_INT.c ****             CAN_1_CrcErrorIsr();
 659:Generated_Source\PSoC4/CAN_1_INT.c ****         }
 660:Generated_Source\PSoC4/CAN_1_INT.c ****     #endif /* CAN_1_CRC_ERR && CAN_1_CRC_ERR_USE_HELPER */
 661:Generated_Source\PSoC4/CAN_1_INT.c **** 
 662:Generated_Source\PSoC4/CAN_1_INT.c ****     /* Bus Off state */
 663:Generated_Source\PSoC4/CAN_1_INT.c ****     #if (CAN_1_BUS_OFF && (CAN_1_BUS_OFF_USE_HELPER || \
 664:Generated_Source\PSoC4/CAN_1_INT.c ****         (!CAN_1_ADVANCED_INTERRUPT_CFG)))
 665:Generated_Source\PSoC4/CAN_1_INT.c ****         if ((CAN_1_INT_SR_REG & CAN_1_BUS_OFF_MASK) != 0u)
 143              		.loc 1 665 0
 144 0000 064B     		ldr	r3, .L26
 589:Generated_Source\PSoC4/CAN_1_INT.c ****     #ifdef CAN_1_ISR_INTERRUPT_CALLBACK
 145              		.loc 1 589 0
 146 0002 10B5     		push	{r4, lr}
 147              		.cfi_def_cfa_offset 8
 148              		.cfi_offset 4, -8
 149              		.cfi_offset 14, -4
 150              		.loc 1 665 0
 151 0004 1A68     		ldr	r2, [r3]
 152 0006 1C00     		movs	r4, r3
 153 0008 9305     		lsls	r3, r2, #22
 154 000a 01D5     		bpl	.L18
 666:Generated_Source\PSoC4/CAN_1_INT.c ****         {
 667:Generated_Source\PSoC4/CAN_1_INT.c ****             CAN_1_BusOffIsr();
 155              		.loc 1 667 0
 156 000c FFF7FEFF 		bl	CAN_1_BusOffIsr
 157              	.LVL9:
 158              	.L18:
 668:Generated_Source\PSoC4/CAN_1_INT.c ****         }
 669:Generated_Source\PSoC4/CAN_1_INT.c ****     #endif /* CAN_1_BUS_OFF && CAN_1_BUS_OFF_USE_HELPER */
 670:Generated_Source\PSoC4/CAN_1_INT.c **** 
 671:Generated_Source\PSoC4/CAN_1_INT.c ****     /* Message Lost */
 672:Generated_Source\PSoC4/CAN_1_INT.c ****     #if (CAN_1_RX_MSG_LOST && (CAN_1_RX_MSG_LOST_USE_HELPER || \
 673:Generated_Source\PSoC4/CAN_1_INT.c ****         (!CAN_1_ADVANCED_INTERRUPT_CFG)))
 674:Generated_Source\PSoC4/CAN_1_INT.c ****         if ((CAN_1_INT_SR_REG & CAN_1_RX_MSG_LOST_MASK) != 0u)
 675:Generated_Source\PSoC4/CAN_1_INT.c ****         {
 676:Generated_Source\PSoC4/CAN_1_INT.c ****             CAN_1_MsgLostIsr();
 677:Generated_Source\PSoC4/CAN_1_INT.c ****         }
 678:Generated_Source\PSoC4/CAN_1_INT.c ****     #endif /* CAN_1_RX_MSG_LOST && CAN_1_RX_MSG_LOST_USE_HELPER */
 679:Generated_Source\PSoC4/CAN_1_INT.c **** 
 680:Generated_Source\PSoC4/CAN_1_INT.c ****     /* TX Message Send */
 681:Generated_Source\PSoC4/CAN_1_INT.c ****     #if (CAN_1_TX_MESSAGE && (CAN_1_TX_MESSAGE_USE_HELPER || \
 682:Generated_Source\PSoC4/CAN_1_INT.c ****         (!CAN_1_ADVANCED_INTERRUPT_CFG)))
 683:Generated_Source\PSoC4/CAN_1_INT.c ****         if ((CAN_1_INT_SR_REG & CAN_1_TX_MESSAGE_MASK) != 0u)
 684:Generated_Source\PSoC4/CAN_1_INT.c ****         {
 685:Generated_Source\PSoC4/CAN_1_INT.c ****             CAN_1_MsgTXIsr();
 686:Generated_Source\PSoC4/CAN_1_INT.c ****         }
 687:Generated_Source\PSoC4/CAN_1_INT.c ****     #endif /* CAN_1_TX_MESSAGE && CAN_1_TX_MESSAGE_USE_HELPER */
 688:Generated_Source\PSoC4/CAN_1_INT.c **** 
 689:Generated_Source\PSoC4/CAN_1_INT.c ****     /* RX Message Available */
 690:Generated_Source\PSoC4/CAN_1_INT.c ****     #if (CAN_1_RX_MESSAGE && (CAN_1_RX_MESSAGE_USE_HELPER || \
ARM GAS  C:\Users\Melody\AppData\Local\Temp\ccdxYA0h.s 			page 16


 691:Generated_Source\PSoC4/CAN_1_INT.c ****         (!CAN_1_ADVANCED_INTERRUPT_CFG)))
 692:Generated_Source\PSoC4/CAN_1_INT.c ****         if ((CAN_1_INT_SR_REG & CAN_1_RX_MESSAGE_MASK) != 0u)
 159              		.loc 1 692 0
 160 0010 2368     		ldr	r3, [r4]
 161 0012 DB04     		lsls	r3, r3, #19
 162 0014 01D5     		bpl	.L17
 693:Generated_Source\PSoC4/CAN_1_INT.c ****         {
 694:Generated_Source\PSoC4/CAN_1_INT.c ****             CAN_1_MsgRXIsr();
 163              		.loc 1 694 0
 164 0016 FFF7FEFF 		bl	CAN_1_MsgRXIsr
 165              	.LVL10:
 166              	.L17:
 695:Generated_Source\PSoC4/CAN_1_INT.c ****         }
 696:Generated_Source\PSoC4/CAN_1_INT.c ****     #endif /* CAN_1_RX_MESSAGE && CAN_1_RX_MESSAGE_USE_HELPER */
 697:Generated_Source\PSoC4/CAN_1_INT.c **** 
 698:Generated_Source\PSoC4/CAN_1_INT.c ****     /* RTR Auto-reply Message Sent */
 699:Generated_Source\PSoC4/CAN_1_INT.c ****     #if (CAN_1_RTR_AUTO_MSG_SENT && (CAN_1_RTR_MESSAGE_USE_HELPER || \
 700:Generated_Source\PSoC4/CAN_1_INT.c ****         (!CAN_1_ADVANCED_INTERRUPT_CFG)))
 701:Generated_Source\PSoC4/CAN_1_INT.c ****         if ((CAN_1_INT_SR_REG & CAN_1_RTR_MSG_MASK) != 0u)
 702:Generated_Source\PSoC4/CAN_1_INT.c ****         {
 703:Generated_Source\PSoC4/CAN_1_INT.c ****             CAN_1_RtrAutoMsgSentIsr();
 704:Generated_Source\PSoC4/CAN_1_INT.c ****         }
 705:Generated_Source\PSoC4/CAN_1_INT.c ****     #endif /* CAN_1_RTR_AUTO_MSG_SENT && CAN_1_RTR_MESSAGE_USE_HELPER */
 706:Generated_Source\PSoC4/CAN_1_INT.c **** 
 707:Generated_Source\PSoC4/CAN_1_INT.c ****     /* Stuck at dominant error */
 708:Generated_Source\PSoC4/CAN_1_INT.c ****     #if (CAN_1_STUCK_AT_ZERO && (CAN_1_STUCK_AT_ZERO_USE_HELPER || \
 709:Generated_Source\PSoC4/CAN_1_INT.c ****         (!CAN_1_ADVANCED_INTERRUPT_CFG)))
 710:Generated_Source\PSoC4/CAN_1_INT.c ****         if ((CAN_1_INT_SR_REG & CAN_1_STUCK_AT_ZERO_MASK) != 0u)
 711:Generated_Source\PSoC4/CAN_1_INT.c ****         {
 712:Generated_Source\PSoC4/CAN_1_INT.c ****             CAN_1_StuckAtZeroIsr();
 713:Generated_Source\PSoC4/CAN_1_INT.c ****         }
 714:Generated_Source\PSoC4/CAN_1_INT.c ****     #endif /* CAN_1_STUCK_AT_ZERO && CAN_1_STUCK_AT_ZERO_USE_HELPER */
 715:Generated_Source\PSoC4/CAN_1_INT.c **** 
 716:Generated_Source\PSoC4/CAN_1_INT.c ****     /* Single shot transmission failure */
 717:Generated_Source\PSoC4/CAN_1_INT.c ****     #if (CAN_1_SST_FAILURE && (CAN_1_SST_FAILURE_USE_HELPER || \
 718:Generated_Source\PSoC4/CAN_1_INT.c ****         (!CAN_1_ADVANCED_INTERRUPT_CFG)))
 719:Generated_Source\PSoC4/CAN_1_INT.c ****         if ((CAN_1_INT_SR_REG & CAN_1_SST_FAILURE_MASK) != 0u)
 720:Generated_Source\PSoC4/CAN_1_INT.c ****         {
 721:Generated_Source\PSoC4/CAN_1_INT.c ****             CAN_1_SSTErrorIsr();
 722:Generated_Source\PSoC4/CAN_1_INT.c ****         }
 723:Generated_Source\PSoC4/CAN_1_INT.c ****     #endif /* CAN_1_SST_FAILURE && CAN_1_SST_FAILURE_USE_HELPER */
 724:Generated_Source\PSoC4/CAN_1_INT.c **** }
 167              		.loc 1 724 0
 168              		@ sp needed
 169 001a 10BD     		pop	{r4, pc}
 170              	.L27:
 171              		.align	2
 172              	.L26:
 173 001c 00002E40 		.word	1076756480
 174              		.cfi_endproc
 175              	.LFE3:
 176              		.size	CAN_1_ISR, .-CAN_1_ISR
 177              		.text
 178              	.Letext0:
 179              		.file 2 "Generated_Source\\PSoC4\\cytypes.h"
 180              		.file 3 "Generated_Source\\PSoC4\\CAN_1.h"
 181              		.section	.debug_info,"",%progbits
ARM GAS  C:\Users\Melody\AppData\Local\Temp\ccdxYA0h.s 			page 17


 182              	.Ldebug_info0:
 183 0000 4A020000 		.4byte	0x24a
 184 0004 0400     		.2byte	0x4
 185 0006 00000000 		.4byte	.Ldebug_abbrev0
 186 000a 04       		.byte	0x4
 187 000b 01       		.uleb128 0x1
 188 000c 14020000 		.4byte	.LASF37
 189 0010 0C       		.byte	0xc
 190 0011 82000000 		.4byte	.LASF38
 191 0015 0D000000 		.4byte	.LASF39
 192 0019 00000000 		.4byte	.Ldebug_ranges0+0
 193 001d 00000000 		.4byte	0
 194 0021 00000000 		.4byte	.Ldebug_line0
 195 0025 02       		.uleb128 0x2
 196 0026 01       		.byte	0x1
 197 0027 06       		.byte	0x6
 198 0028 08020000 		.4byte	.LASF0
 199 002c 02       		.uleb128 0x2
 200 002d 01       		.byte	0x1
 201 002e 08       		.byte	0x8
 202 002f 0A010000 		.4byte	.LASF1
 203 0033 02       		.uleb128 0x2
 204 0034 02       		.byte	0x2
 205 0035 05       		.byte	0x5
 206 0036 C8010000 		.4byte	.LASF2
 207 003a 02       		.uleb128 0x2
 208 003b 02       		.byte	0x2
 209 003c 07       		.byte	0x7
 210 003d B9000000 		.4byte	.LASF3
 211 0041 02       		.uleb128 0x2
 212 0042 04       		.byte	0x4
 213 0043 05       		.byte	0x5
 214 0044 E7010000 		.4byte	.LASF4
 215 0048 02       		.uleb128 0x2
 216 0049 04       		.byte	0x4
 217 004a 07       		.byte	0x7
 218 004b 2D010000 		.4byte	.LASF5
 219 004f 02       		.uleb128 0x2
 220 0050 08       		.byte	0x8
 221 0051 05       		.byte	0x5
 222 0052 B5010000 		.4byte	.LASF6
 223 0056 02       		.uleb128 0x2
 224 0057 08       		.byte	0x8
 225 0058 07       		.byte	0x7
 226 0059 78010000 		.4byte	.LASF7
 227 005d 03       		.uleb128 0x3
 228 005e 04       		.byte	0x4
 229 005f 05       		.byte	0x5
 230 0060 696E7400 		.ascii	"int\000"
 231 0064 02       		.uleb128 0x2
 232 0065 04       		.byte	0x4
 233 0066 07       		.byte	0x7
 234 0067 6B010000 		.4byte	.LASF8
 235 006b 04       		.uleb128 0x4
 236 006c 3F010000 		.4byte	.LASF9
 237 0070 02       		.byte	0x2
 238 0071 FC01     		.2byte	0x1fc
ARM GAS  C:\Users\Melody\AppData\Local\Temp\ccdxYA0h.s 			page 18


 239 0073 2C000000 		.4byte	0x2c
 240 0077 04       		.uleb128 0x4
 241 0078 4C010000 		.4byte	.LASF10
 242 007c 02       		.byte	0x2
 243 007d FD01     		.2byte	0x1fd
 244 007f 3A000000 		.4byte	0x3a
 245 0083 04       		.uleb128 0x4
 246 0084 64010000 		.4byte	.LASF11
 247 0088 02       		.byte	0x2
 248 0089 FE01     		.2byte	0x1fe
 249 008b 48000000 		.4byte	0x48
 250 008f 02       		.uleb128 0x2
 251 0090 04       		.byte	0x4
 252 0091 04       		.byte	0x4
 253 0092 02020000 		.4byte	.LASF12
 254 0096 02       		.uleb128 0x2
 255 0097 08       		.byte	0x8
 256 0098 04       		.byte	0x4
 257 0099 45010000 		.4byte	.LASF13
 258 009d 02       		.uleb128 0x2
 259 009e 01       		.byte	0x1
 260 009f 08       		.byte	0x8
 261 00a0 C3010000 		.4byte	.LASF14
 262 00a4 04       		.uleb128 0x4
 263 00a5 A0010000 		.4byte	.LASF15
 264 00a9 02       		.byte	0x2
 265 00aa A602     		.2byte	0x2a6
 266 00ac B0000000 		.4byte	0xb0
 267 00b0 05       		.uleb128 0x5
 268 00b1 6B000000 		.4byte	0x6b
 269 00b5 04       		.uleb128 0x4
 270 00b6 F0010000 		.4byte	.LASF16
 271 00ba 02       		.byte	0x2
 272 00bb A802     		.2byte	0x2a8
 273 00bd C1000000 		.4byte	0xc1
 274 00c1 05       		.uleb128 0x5
 275 00c2 83000000 		.4byte	0x83
 276 00c6 02       		.uleb128 0x2
 277 00c7 08       		.byte	0x8
 278 00c8 04       		.byte	0x4
 279 00c9 F6010000 		.4byte	.LASF17
 280 00cd 02       		.uleb128 0x2
 281 00ce 04       		.byte	0x4
 282 00cf 07       		.byte	0x7
 283 00d0 A5010000 		.4byte	.LASF18
 284 00d4 06       		.uleb128 0x6
 285 00d5 08       		.byte	0x8
 286 00d6 03       		.byte	0x3
 287 00d7 75       		.byte	0x75
 288 00d8 E9000000 		.4byte	0xe9
 289 00dc 07       		.uleb128 0x7
 290 00dd DD000000 		.4byte	.LASF20
 291 00e1 03       		.byte	0x3
 292 00e2 77       		.byte	0x77
 293 00e3 F9000000 		.4byte	0xf9
 294 00e7 00       		.byte	0
 295 00e8 00       		.byte	0
ARM GAS  C:\Users\Melody\AppData\Local\Temp\ccdxYA0h.s 			page 19


 296 00e9 08       		.uleb128 0x8
 297 00ea A4000000 		.4byte	0xa4
 298 00ee F9000000 		.4byte	0xf9
 299 00f2 09       		.uleb128 0x9
 300 00f3 CD000000 		.4byte	0xcd
 301 00f7 07       		.byte	0x7
 302 00f8 00       		.byte	0
 303 00f9 05       		.uleb128 0x5
 304 00fa E9000000 		.4byte	0xe9
 305 00fe 0A       		.uleb128 0xa
 306 00ff 53010000 		.4byte	.LASF19
 307 0103 03       		.byte	0x3
 308 0104 78       		.byte	0x78
 309 0105 D4000000 		.4byte	0xd4
 310 0109 06       		.uleb128 0x6
 311 010a 04       		.byte	0x4
 312 010b 03       		.byte	0x3
 313 010c 7B       		.byte	0x7b
 314 010d 1E010000 		.4byte	0x11e
 315 0111 07       		.uleb128 0x7
 316 0112 DD000000 		.4byte	.LASF20
 317 0116 03       		.byte	0x3
 318 0117 7D       		.byte	0x7d
 319 0118 2E010000 		.4byte	0x12e
 320 011c 00       		.byte	0
 321 011d 00       		.byte	0
 322 011e 08       		.uleb128 0x8
 323 011f A4000000 		.4byte	0xa4
 324 0123 2E010000 		.4byte	0x12e
 325 0127 09       		.uleb128 0x9
 326 0128 CD000000 		.4byte	0xcd
 327 012c 03       		.byte	0x3
 328 012d 00       		.byte	0
 329 012e 05       		.uleb128 0x5
 330 012f 1E010000 		.4byte	0x11e
 331 0133 0A       		.uleb128 0xa
 332 0134 00000000 		.4byte	.LASF21
 333 0138 03       		.byte	0x3
 334 0139 7E       		.byte	0x7e
 335 013a 09010000 		.4byte	0x109
 336 013e 06       		.uleb128 0x6
 337 013f 20       		.byte	0x20
 338 0140 03       		.byte	0x3
 339 0141 A0       		.byte	0xa0
 340 0142 9B010000 		.4byte	0x19b
 341 0146 07       		.uleb128 0x7
 342 0147 9A010000 		.4byte	.LASF22
 343 014b 03       		.byte	0x3
 344 014c A2       		.byte	0xa2
 345 014d 33010000 		.4byte	0x133
 346 0151 00       		.byte	0
 347 0152 07       		.uleb128 0x7
 348 0153 18010000 		.4byte	.LASF23
 349 0157 03       		.byte	0x3
 350 0158 A3       		.byte	0xa3
 351 0159 33010000 		.4byte	0x133
 352 015d 04       		.byte	0x4
ARM GAS  C:\Users\Melody\AppData\Local\Temp\ccdxYA0h.s 			page 20


 353 015e 07       		.uleb128 0x7
 354 015f E2000000 		.4byte	.LASF24
 355 0163 03       		.byte	0x3
 356 0164 A4       		.byte	0xa4
 357 0165 FE000000 		.4byte	0xfe
 358 0169 08       		.byte	0x8
 359 016a 07       		.uleb128 0x7
 360 016b A5000000 		.4byte	.LASF25
 361 016f 03       		.byte	0x3
 362 0170 A5       		.byte	0xa5
 363 0171 33010000 		.4byte	0x133
 364 0175 10       		.byte	0x10
 365 0176 07       		.uleb128 0x7
 366 0177 D2010000 		.4byte	.LASF26
 367 017b 03       		.byte	0x3
 368 017c A6       		.byte	0xa6
 369 017d 33010000 		.4byte	0x133
 370 0181 14       		.byte	0x14
 371 0182 07       		.uleb128 0x7
 372 0183 AE010000 		.4byte	.LASF27
 373 0187 03       		.byte	0x3
 374 0188 A7       		.byte	0xa7
 375 0189 33010000 		.4byte	0x133
 376 018d 18       		.byte	0x18
 377 018e 07       		.uleb128 0x7
 378 018f E9000000 		.4byte	.LASF28
 379 0193 03       		.byte	0x3
 380 0194 A8       		.byte	0xa8
 381 0195 33010000 		.4byte	0x133
 382 0199 1C       		.byte	0x1c
 383 019a 00       		.byte	0
 384 019b 0A       		.uleb128 0xa
 385 019c 1D010000 		.4byte	.LASF29
 386 01a0 03       		.byte	0x3
 387 01a1 A9       		.byte	0xa9
 388 01a2 3E010000 		.4byte	0x13e
 389 01a6 0B       		.uleb128 0xb
 390 01a7 FA000000 		.4byte	.LASF30
 391 01ab 01       		.byte	0x1
 392 01ac 2801     		.2byte	0x128
 393 01ae 00000000 		.4byte	.LFB1
 394 01b2 14000000 		.4byte	.LFE1-.LFB1
 395 01b6 01       		.uleb128 0x1
 396 01b7 9C       		.byte	0x9c
 397 01b8 C6010000 		.4byte	0x1c6
 398 01bc 0C       		.uleb128 0xc
 399 01bd 0E000000 		.4byte	.LVL0
 400 01c1 36020000 		.4byte	0x236
 401 01c5 00       		.byte	0
 402 01c6 0B       		.uleb128 0xb
 403 01c7 D8010000 		.4byte	.LASF31
 404 01cb 01       		.byte	0x1
 405 01cc 9301     		.2byte	0x193
 406 01ce 00000000 		.4byte	.LFB2
 407 01d2 44000000 		.4byte	.LFE2-.LFB2
 408 01d6 01       		.uleb128 0x1
 409 01d7 9C       		.byte	0x9c
ARM GAS  C:\Users\Melody\AppData\Local\Temp\ccdxYA0h.s 			page 21


 410 01d8 0D020000 		.4byte	0x20d
 411 01dc 0D       		.uleb128 0xd
 412 01dd AB000000 		.4byte	.LASF32
 413 01e1 01       		.byte	0x1
 414 01e2 9501     		.2byte	0x195
 415 01e4 6B000000 		.4byte	0x6b
 416 01e8 00000000 		.4byte	.LLST0
 417 01ec 0D       		.uleb128 0xd
 418 01ed 7C000000 		.4byte	.LASF33
 419 01f1 01       		.byte	0x1
 420 01f2 9601     		.2byte	0x196
 421 01f4 77000000 		.4byte	0x77
 422 01f8 1E000000 		.4byte	.LLST1
 423 01fc 0E       		.uleb128 0xe
 424 01fd 2A000000 		.4byte	.LVL4
 425 0201 41020000 		.4byte	0x241
 426 0205 0F       		.uleb128 0xf
 427 0206 01       		.uleb128 0x1
 428 0207 50       		.byte	0x50
 429 0208 02       		.uleb128 0x2
 430 0209 74       		.byte	0x74
 431 020a 00       		.sleb128 0
 432 020b 00       		.byte	0
 433 020c 00       		.byte	0
 434 020d 0B       		.uleb128 0xb
 435 020e F0000000 		.4byte	.LASF34
 436 0212 01       		.byte	0x1
 437 0213 4C02     		.2byte	0x24c
 438 0215 00000000 		.4byte	.LFB3
 439 0219 20000000 		.4byte	.LFE3-.LFB3
 440 021d 01       		.uleb128 0x1
 441 021e 9C       		.byte	0x9c
 442 021f 36020000 		.4byte	0x236
 443 0223 0C       		.uleb128 0xc
 444 0224 10000000 		.4byte	.LVL9
 445 0228 A6010000 		.4byte	0x1a6
 446 022c 0C       		.uleb128 0xc
 447 022d 1A000000 		.4byte	.LVL10
 448 0231 C6010000 		.4byte	0x1c6
 449 0235 00       		.byte	0
 450 0236 10       		.uleb128 0x10
 451 0237 8F010000 		.4byte	.LASF35
 452 023b 8F010000 		.4byte	.LASF35
 453 023f 03       		.byte	0x3
 454 0240 C6       		.byte	0xc6
 455 0241 11       		.uleb128 0x11
 456 0242 CC000000 		.4byte	.LASF36
 457 0246 CC000000 		.4byte	.LASF36
 458 024a 03       		.byte	0x3
 459 024b 1A01     		.2byte	0x11a
 460 024d 00       		.byte	0
 461              		.section	.debug_abbrev,"",%progbits
 462              	.Ldebug_abbrev0:
 463 0000 01       		.uleb128 0x1
 464 0001 11       		.uleb128 0x11
 465 0002 01       		.byte	0x1
 466 0003 25       		.uleb128 0x25
ARM GAS  C:\Users\Melody\AppData\Local\Temp\ccdxYA0h.s 			page 22


 467 0004 0E       		.uleb128 0xe
 468 0005 13       		.uleb128 0x13
 469 0006 0B       		.uleb128 0xb
 470 0007 03       		.uleb128 0x3
 471 0008 0E       		.uleb128 0xe
 472 0009 1B       		.uleb128 0x1b
 473 000a 0E       		.uleb128 0xe
 474 000b 55       		.uleb128 0x55
 475 000c 17       		.uleb128 0x17
 476 000d 11       		.uleb128 0x11
 477 000e 01       		.uleb128 0x1
 478 000f 10       		.uleb128 0x10
 479 0010 17       		.uleb128 0x17
 480 0011 00       		.byte	0
 481 0012 00       		.byte	0
 482 0013 02       		.uleb128 0x2
 483 0014 24       		.uleb128 0x24
 484 0015 00       		.byte	0
 485 0016 0B       		.uleb128 0xb
 486 0017 0B       		.uleb128 0xb
 487 0018 3E       		.uleb128 0x3e
 488 0019 0B       		.uleb128 0xb
 489 001a 03       		.uleb128 0x3
 490 001b 0E       		.uleb128 0xe
 491 001c 00       		.byte	0
 492 001d 00       		.byte	0
 493 001e 03       		.uleb128 0x3
 494 001f 24       		.uleb128 0x24
 495 0020 00       		.byte	0
 496 0021 0B       		.uleb128 0xb
 497 0022 0B       		.uleb128 0xb
 498 0023 3E       		.uleb128 0x3e
 499 0024 0B       		.uleb128 0xb
 500 0025 03       		.uleb128 0x3
 501 0026 08       		.uleb128 0x8
 502 0027 00       		.byte	0
 503 0028 00       		.byte	0
 504 0029 04       		.uleb128 0x4
 505 002a 16       		.uleb128 0x16
 506 002b 00       		.byte	0
 507 002c 03       		.uleb128 0x3
 508 002d 0E       		.uleb128 0xe
 509 002e 3A       		.uleb128 0x3a
 510 002f 0B       		.uleb128 0xb
 511 0030 3B       		.uleb128 0x3b
 512 0031 05       		.uleb128 0x5
 513 0032 49       		.uleb128 0x49
 514 0033 13       		.uleb128 0x13
 515 0034 00       		.byte	0
 516 0035 00       		.byte	0
 517 0036 05       		.uleb128 0x5
 518 0037 35       		.uleb128 0x35
 519 0038 00       		.byte	0
 520 0039 49       		.uleb128 0x49
 521 003a 13       		.uleb128 0x13
 522 003b 00       		.byte	0
 523 003c 00       		.byte	0
ARM GAS  C:\Users\Melody\AppData\Local\Temp\ccdxYA0h.s 			page 23


 524 003d 06       		.uleb128 0x6
 525 003e 13       		.uleb128 0x13
 526 003f 01       		.byte	0x1
 527 0040 0B       		.uleb128 0xb
 528 0041 0B       		.uleb128 0xb
 529 0042 3A       		.uleb128 0x3a
 530 0043 0B       		.uleb128 0xb
 531 0044 3B       		.uleb128 0x3b
 532 0045 0B       		.uleb128 0xb
 533 0046 01       		.uleb128 0x1
 534 0047 13       		.uleb128 0x13
 535 0048 00       		.byte	0
 536 0049 00       		.byte	0
 537 004a 07       		.uleb128 0x7
 538 004b 0D       		.uleb128 0xd
 539 004c 00       		.byte	0
 540 004d 03       		.uleb128 0x3
 541 004e 0E       		.uleb128 0xe
 542 004f 3A       		.uleb128 0x3a
 543 0050 0B       		.uleb128 0xb
 544 0051 3B       		.uleb128 0x3b
 545 0052 0B       		.uleb128 0xb
 546 0053 49       		.uleb128 0x49
 547 0054 13       		.uleb128 0x13
 548 0055 38       		.uleb128 0x38
 549 0056 0B       		.uleb128 0xb
 550 0057 00       		.byte	0
 551 0058 00       		.byte	0
 552 0059 08       		.uleb128 0x8
 553 005a 01       		.uleb128 0x1
 554 005b 01       		.byte	0x1
 555 005c 49       		.uleb128 0x49
 556 005d 13       		.uleb128 0x13
 557 005e 01       		.uleb128 0x1
 558 005f 13       		.uleb128 0x13
 559 0060 00       		.byte	0
 560 0061 00       		.byte	0
 561 0062 09       		.uleb128 0x9
 562 0063 21       		.uleb128 0x21
 563 0064 00       		.byte	0
 564 0065 49       		.uleb128 0x49
 565 0066 13       		.uleb128 0x13
 566 0067 2F       		.uleb128 0x2f
 567 0068 0B       		.uleb128 0xb
 568 0069 00       		.byte	0
 569 006a 00       		.byte	0
 570 006b 0A       		.uleb128 0xa
 571 006c 16       		.uleb128 0x16
 572 006d 00       		.byte	0
 573 006e 03       		.uleb128 0x3
 574 006f 0E       		.uleb128 0xe
 575 0070 3A       		.uleb128 0x3a
 576 0071 0B       		.uleb128 0xb
 577 0072 3B       		.uleb128 0x3b
 578 0073 0B       		.uleb128 0xb
 579 0074 49       		.uleb128 0x49
 580 0075 13       		.uleb128 0x13
ARM GAS  C:\Users\Melody\AppData\Local\Temp\ccdxYA0h.s 			page 24


 581 0076 00       		.byte	0
 582 0077 00       		.byte	0
 583 0078 0B       		.uleb128 0xb
 584 0079 2E       		.uleb128 0x2e
 585 007a 01       		.byte	0x1
 586 007b 3F       		.uleb128 0x3f
 587 007c 19       		.uleb128 0x19
 588 007d 03       		.uleb128 0x3
 589 007e 0E       		.uleb128 0xe
 590 007f 3A       		.uleb128 0x3a
 591 0080 0B       		.uleb128 0xb
 592 0081 3B       		.uleb128 0x3b
 593 0082 05       		.uleb128 0x5
 594 0083 27       		.uleb128 0x27
 595 0084 19       		.uleb128 0x19
 596 0085 11       		.uleb128 0x11
 597 0086 01       		.uleb128 0x1
 598 0087 12       		.uleb128 0x12
 599 0088 06       		.uleb128 0x6
 600 0089 40       		.uleb128 0x40
 601 008a 18       		.uleb128 0x18
 602 008b 9742     		.uleb128 0x2117
 603 008d 19       		.uleb128 0x19
 604 008e 01       		.uleb128 0x1
 605 008f 13       		.uleb128 0x13
 606 0090 00       		.byte	0
 607 0091 00       		.byte	0
 608 0092 0C       		.uleb128 0xc
 609 0093 898201   		.uleb128 0x4109
 610 0096 00       		.byte	0
 611 0097 11       		.uleb128 0x11
 612 0098 01       		.uleb128 0x1
 613 0099 31       		.uleb128 0x31
 614 009a 13       		.uleb128 0x13
 615 009b 00       		.byte	0
 616 009c 00       		.byte	0
 617 009d 0D       		.uleb128 0xd
 618 009e 34       		.uleb128 0x34
 619 009f 00       		.byte	0
 620 00a0 03       		.uleb128 0x3
 621 00a1 0E       		.uleb128 0xe
 622 00a2 3A       		.uleb128 0x3a
 623 00a3 0B       		.uleb128 0xb
 624 00a4 3B       		.uleb128 0x3b
 625 00a5 05       		.uleb128 0x5
 626 00a6 49       		.uleb128 0x49
 627 00a7 13       		.uleb128 0x13
 628 00a8 02       		.uleb128 0x2
 629 00a9 17       		.uleb128 0x17
 630 00aa 00       		.byte	0
 631 00ab 00       		.byte	0
 632 00ac 0E       		.uleb128 0xe
 633 00ad 898201   		.uleb128 0x4109
 634 00b0 01       		.byte	0x1
 635 00b1 11       		.uleb128 0x11
 636 00b2 01       		.uleb128 0x1
 637 00b3 31       		.uleb128 0x31
ARM GAS  C:\Users\Melody\AppData\Local\Temp\ccdxYA0h.s 			page 25


 638 00b4 13       		.uleb128 0x13
 639 00b5 00       		.byte	0
 640 00b6 00       		.byte	0
 641 00b7 0F       		.uleb128 0xf
 642 00b8 8A8201   		.uleb128 0x410a
 643 00bb 00       		.byte	0
 644 00bc 02       		.uleb128 0x2
 645 00bd 18       		.uleb128 0x18
 646 00be 9142     		.uleb128 0x2111
 647 00c0 18       		.uleb128 0x18
 648 00c1 00       		.byte	0
 649 00c2 00       		.byte	0
 650 00c3 10       		.uleb128 0x10
 651 00c4 2E       		.uleb128 0x2e
 652 00c5 00       		.byte	0
 653 00c6 3F       		.uleb128 0x3f
 654 00c7 19       		.uleb128 0x19
 655 00c8 3C       		.uleb128 0x3c
 656 00c9 19       		.uleb128 0x19
 657 00ca 6E       		.uleb128 0x6e
 658 00cb 0E       		.uleb128 0xe
 659 00cc 03       		.uleb128 0x3
 660 00cd 0E       		.uleb128 0xe
 661 00ce 3A       		.uleb128 0x3a
 662 00cf 0B       		.uleb128 0xb
 663 00d0 3B       		.uleb128 0x3b
 664 00d1 0B       		.uleb128 0xb
 665 00d2 00       		.byte	0
 666 00d3 00       		.byte	0
 667 00d4 11       		.uleb128 0x11
 668 00d5 2E       		.uleb128 0x2e
 669 00d6 00       		.byte	0
 670 00d7 3F       		.uleb128 0x3f
 671 00d8 19       		.uleb128 0x19
 672 00d9 3C       		.uleb128 0x3c
 673 00da 19       		.uleb128 0x19
 674 00db 6E       		.uleb128 0x6e
 675 00dc 0E       		.uleb128 0xe
 676 00dd 03       		.uleb128 0x3
 677 00de 0E       		.uleb128 0xe
 678 00df 3A       		.uleb128 0x3a
 679 00e0 0B       		.uleb128 0xb
 680 00e1 3B       		.uleb128 0x3b
 681 00e2 05       		.uleb128 0x5
 682 00e3 00       		.byte	0
 683 00e4 00       		.byte	0
 684 00e5 00       		.byte	0
 685              		.section	.debug_loc,"",%progbits
 686              	.Ldebug_loc0:
 687              	.LLST0:
 688 0000 14000000 		.4byte	.LVL3
 689 0004 29000000 		.4byte	.LVL4-1
 690 0008 0100     		.2byte	0x1
 691 000a 50       		.byte	0x50
 692 000b 29000000 		.4byte	.LVL4-1
 693 000f 2E000000 		.4byte	.LVL6
 694 0013 0100     		.2byte	0x1
ARM GAS  C:\Users\Melody\AppData\Local\Temp\ccdxYA0h.s 			page 26


 695 0015 54       		.byte	0x54
 696 0016 00000000 		.4byte	0
 697 001a 00000000 		.4byte	0
 698              	.LLST1:
 699 001e 00000000 		.4byte	.LVL1
 700 0022 10000000 		.4byte	.LVL2
 701 0026 0200     		.2byte	0x2
 702 0028 31       		.byte	0x31
 703 0029 9F       		.byte	0x9f
 704 002a 14000000 		.4byte	.LVL3
 705 002e 2C000000 		.4byte	.LVL5
 706 0032 0100     		.2byte	0x1
 707 0034 55       		.byte	0x55
 708 0035 30000000 		.4byte	.LVL7
 709 0039 34000000 		.4byte	.LVL8
 710 003d 0100     		.2byte	0x1
 711 003f 55       		.byte	0x55
 712 0040 00000000 		.4byte	0
 713 0044 00000000 		.4byte	0
 714              		.section	.debug_aranges,"",%progbits
 715 0000 2C000000 		.4byte	0x2c
 716 0004 0200     		.2byte	0x2
 717 0006 00000000 		.4byte	.Ldebug_info0
 718 000a 04       		.byte	0x4
 719 000b 00       		.byte	0
 720 000c 0000     		.2byte	0
 721 000e 0000     		.2byte	0
 722 0010 00000000 		.4byte	.LFB1
 723 0014 14000000 		.4byte	.LFE1-.LFB1
 724 0018 00000000 		.4byte	.LFB2
 725 001c 44000000 		.4byte	.LFE2-.LFB2
 726 0020 00000000 		.4byte	.LFB3
 727 0024 20000000 		.4byte	.LFE3-.LFB3
 728 0028 00000000 		.4byte	0
 729 002c 00000000 		.4byte	0
 730              		.section	.debug_ranges,"",%progbits
 731              	.Ldebug_ranges0:
 732 0000 00000000 		.4byte	.LFB1
 733 0004 14000000 		.4byte	.LFE1
 734 0008 00000000 		.4byte	.LFB2
 735 000c 44000000 		.4byte	.LFE2
 736 0010 00000000 		.4byte	.LFB3
 737 0014 20000000 		.4byte	.LFE3
 738 0018 00000000 		.4byte	0
 739 001c 00000000 		.4byte	0
 740              		.section	.debug_line,"",%progbits
 741              	.Ldebug_line0:
 742 0000 C2000000 		.section	.debug_str,"MS",%progbits,1
 742      02005100 
 742      00000201 
 742      FB0E0D00 
 742      01010101 
 743              	.LASF21:
 744 0000 43414E5F 		.ascii	"CAN_1_REG_32\000"
 744      315F5245 
 744      475F3332 
 744      00
ARM GAS  C:\Users\Melody\AppData\Local\Temp\ccdxYA0h.s 			page 27


 745              	.LASF39:
 746 000d 433A5C55 		.ascii	"C:\\Users\\Melody\\Desktop\\Programming_Stuff\\FRUC"
 746      73657273 
 746      5C4D656C 
 746      6F64795C 
 746      4465736B 
 747 003b 445C4461 		.ascii	"D\\Dashboard-Firmware-FE10\\Dashboard-Firmware-FE9\\"
 747      7368626F 
 747      6172642D 
 747      4669726D 
 747      77617265 
 748 006c 44617368 		.ascii	"Dashboard.cydsn\000"
 748      626F6172 
 748      642E6379 
 748      64736E00 
 749              	.LASF33:
 750 007c 73686966 		.ascii	"shift\000"
 750      7400
 751              	.LASF38:
 752 0082 47656E65 		.ascii	"Generated_Source\\PSoC4\\CAN_1_INT.c\000"
 752      72617465 
 752      645F536F 
 752      75726365 
 752      5C50536F 
 753              	.LASF25:
 754 00a5 7278616D 		.ascii	"rxamr\000"
 754      7200
 755              	.LASF32:
 756 00ab 6D61696C 		.ascii	"mailboxNumber\000"
 756      626F784E 
 756      756D6265 
 756      7200
 757              	.LASF3:
 758 00b9 73686F72 		.ascii	"short unsigned int\000"
 758      7420756E 
 758      7369676E 
 758      65642069 
 758      6E7400
 759              	.LASF36:
 760 00cc 43414E5F 		.ascii	"CAN_1_ReceiveMsg\000"
 760      315F5265 
 760      63656976 
 760      654D7367 
 760      00
 761              	.LASF20:
 762 00dd 62797465 		.ascii	"byte\000"
 762      00
 763              	.LASF24:
 764 00e2 72786461 		.ascii	"rxdata\000"
 764      746100
 765              	.LASF28:
 766 00e9 72786163 		.ascii	"rxacrd\000"
 766      726400
 767              	.LASF34:
 768 00f0 43414E5F 		.ascii	"CAN_1_ISR\000"
 768      315F4953 
 768      5200
ARM GAS  C:\Users\Melody\AppData\Local\Temp\ccdxYA0h.s 			page 28


 769              	.LASF30:
 770 00fa 43414E5F 		.ascii	"CAN_1_BusOffIsr\000"
 770      315F4275 
 770      734F6666 
 770      49737200 
 771              	.LASF1:
 772 010a 756E7369 		.ascii	"unsigned char\000"
 772      676E6564 
 772      20636861 
 772      7200
 773              	.LASF23:
 774 0118 72786964 		.ascii	"rxid\000"
 774      00
 775              	.LASF29:
 776 011d 43414E5F 		.ascii	"CAN_1_RX_STRUCT\000"
 776      315F5258 
 776      5F535452 
 776      55435400 
 777              	.LASF5:
 778 012d 6C6F6E67 		.ascii	"long unsigned int\000"
 778      20756E73 
 778      69676E65 
 778      6420696E 
 778      7400
 779              	.LASF9:
 780 013f 75696E74 		.ascii	"uint8\000"
 780      3800
 781              	.LASF13:
 782 0145 646F7562 		.ascii	"double\000"
 782      6C6500
 783              	.LASF10:
 784 014c 75696E74 		.ascii	"uint16\000"
 784      313600
 785              	.LASF19:
 786 0153 43414E5F 		.ascii	"CAN_1_DATA_BYTES\000"
 786      315F4441 
 786      54415F42 
 786      59544553 
 786      00
 787              	.LASF11:
 788 0164 75696E74 		.ascii	"uint32\000"
 788      333200
 789              	.LASF8:
 790 016b 756E7369 		.ascii	"unsigned int\000"
 790      676E6564 
 790      20696E74 
 790      00
 791              	.LASF7:
 792 0178 6C6F6E67 		.ascii	"long long unsigned int\000"
 792      206C6F6E 
 792      6720756E 
 792      7369676E 
 792      65642069 
 793              	.LASF35:
 794 018f 43414E5F 		.ascii	"CAN_1_Stop\000"
 794      315F5374 
 794      6F7000
ARM GAS  C:\Users\Melody\AppData\Local\Temp\ccdxYA0h.s 			page 29


 795              	.LASF22:
 796 019a 7278636D 		.ascii	"rxcmd\000"
 796      6400
 797              	.LASF15:
 798 01a0 72656738 		.ascii	"reg8\000"
 798      00
 799              	.LASF18:
 800 01a5 73697A65 		.ascii	"sizetype\000"
 800      74797065 
 800      00
 801              	.LASF27:
 802 01ae 7278616D 		.ascii	"rxamrd\000"
 802      726400
 803              	.LASF6:
 804 01b5 6C6F6E67 		.ascii	"long long int\000"
 804      206C6F6E 
 804      6720696E 
 804      7400
 805              	.LASF14:
 806 01c3 63686172 		.ascii	"char\000"
 806      00
 807              	.LASF2:
 808 01c8 73686F72 		.ascii	"short int\000"
 808      7420696E 
 808      7400
 809              	.LASF26:
 810 01d2 72786163 		.ascii	"rxacr\000"
 810      7200
 811              	.LASF31:
 812 01d8 43414E5F 		.ascii	"CAN_1_MsgRXIsr\000"
 812      315F4D73 
 812      67525849 
 812      737200
 813              	.LASF4:
 814 01e7 6C6F6E67 		.ascii	"long int\000"
 814      20696E74 
 814      00
 815              	.LASF16:
 816 01f0 72656733 		.ascii	"reg32\000"
 816      3200
 817              	.LASF17:
 818 01f6 6C6F6E67 		.ascii	"long double\000"
 818      20646F75 
 818      626C6500 
 819              	.LASF12:
 820 0202 666C6F61 		.ascii	"float\000"
 820      7400
 821              	.LASF0:
 822 0208 7369676E 		.ascii	"signed char\000"
 822      65642063 
 822      68617200 
 823              	.LASF37:
 824 0214 474E5520 		.ascii	"GNU C11 5.4.1 20160609 (release) [ARM/embedded-5-br"
 824      43313120 
 824      352E342E 
 824      31203230 
 824      31363036 
ARM GAS  C:\Users\Melody\AppData\Local\Temp\ccdxYA0h.s 			page 30


 825 0247 616E6368 		.ascii	"anch revision 237715] -mcpu=cortex-m0 -mthumb -g -O"
 825      20726576 
 825      6973696F 
 825      6E203233 
 825      37373135 
 826 027a 73202D66 		.ascii	"s -ffunction-sections -ffat-lto-objects\000"
 826      66756E63 
 826      74696F6E 
 826      2D736563 
 826      74696F6E 
 827              		.ident	"GCC: (GNU Tools for ARM Embedded Processors) 5.4.1 20160609 (release) [ARM/embedded-5-bran
